-------------------------------------------------------------------------------
Test set: As a user on profil page
-------------------------------------------------------------------------------
Tests run: 2, Failures: 0, Errors: 2, Skipped: 0, Time elapsed: 0.541 s <<< FAILURE! - in As a user on profil page
As a user on profil page.User get data profile  Time elapsed: 0.334 s  <<< ERROR!
io.cucumber.junit.UndefinedStepException: 
The step 'user get profile endpoints' and 3 other step(s) are undefined.
You can implement these steps using the snippet(s) below:

@Given("user get profile endpoints")
public void user_get_profile_endpoints() {
    // Write code here that turns the phrase above into concrete actions
    throw new io.cucumber.java.PendingException();
}
@When("user kirim token")
public void user_kirim_token() {
    // Write code here that turns the phrase above into concrete actions
    throw new io.cucumber.java.PendingException();
}
@Then("user get response code {int}")
public void user_get_response_code(Integer int1) {
    // Write code here that turns the phrase above into concrete actions
    throw new io.cucumber.java.PendingException();
}
@Then("user get valid data profile")
public void user_get_valid_data_profile() {
    // Write code here that turns the phrase above into concrete actions
    throw new io.cucumber.java.PendingException();
}


As a user on profil page.User update data profile  Time elapsed: 0.191 s  <<< ERROR!
io.cucumber.junit.UndefinedStepException: 
The step 'user put profile endpoints' and 3 other step(s) are undefined.
You can implement these steps using the snippet(s) below:

@Given("user put profile endpoints")
public void user_put_profile_endpoints() {
    // Write code here that turns the phrase above into concrete actions
    throw new io.cucumber.java.PendingException();
}
@When("user input update body")
public void user_input_update_body() {
    // Write code here that turns the phrase above into concrete actions
    throw new io.cucumber.java.PendingException();
}
@Then("user get valid response code {int}")
public void user_get_valid_response_code(Integer int1) {
    // Write code here that turns the phrase above into concrete actions
    throw new io.cucumber.java.PendingException();
}
@Then("user get update data profile")
public void user_get_update_data_profile() {
    // Write code here that turns the phrase above into concrete actions
    throw new io.cucumber.java.PendingException();
}


