-------------------------------------------------------------------------------
Test set: As a user on category thread
-------------------------------------------------------------------------------
Tests run: 3, Failures: 1, Errors: 0, Skipped: 0, Time elapsed: 16.908 s <<< FAILURE! - in As a user on category thread
As a user on category thread.User get thread category  Time elapsed: 13.808 s  <<< FAILURE!
java.lang.AssertionError: 
1 expectation failed.
Expected status code <200> but was <400>.


