<?xml version="1.0" encoding="UTF-8"?>
<testsuite xmlns:xsi="http://www.w3.org/2001/XMLSchema-instance" xsi:noNamespaceSchemaLocation="https://maven.apache.org/surefire/maven-failsafe-plugin/xsd/failsafe-test-report-3.0.xsd" version="3.0" name="As a user on category thread" time="0.72" tests="3" errors="0" skipped="0" failures="3">
  <properties>
[...]
</properties>
  <testcase name="User get thread category" classname="As a user on category thread" time="0.342">
    <failure message="1 expectation failed.&#10;JSON path &apos;data&apos;.&apos;id&apos; doesn&apos;t match.&#10;Expected: 3&#10;  Actual: null&#10;" type="java.lang.AssertionError"><![CDATA[java.lang.AssertionError: 
1 expectation failed.
JSON path 'data'.'id' doesn't match.
Expected: 3
  Actual: null

]]></failure>
    <system-out><![CDATA[22:26:45.937 [pool-2-thread-1] ERROR  - 
  _____   ___   ___   _____     ___     _     ___   _      ___   ___  
 |_   _| | __| / __| |_   _|   | __|   /_\   |_ _| | |    | __| |   \ 
   | |   | _|  \__ \   | |     | _|   / _ \   | |  | |__  | _|  | |) |
   |_|   |___| |___/   |_|     |_|   /_/ \_\ |___| |____| |___| |___/ 

User get thread category
-----------------------------------------------------------------------

22:26:45.938 [pool-2-thread-1] DEBUG  - RELATED ISSUES: 

22:26:45.938 [pool-2-thread-1] ERROR  -     Test failed at step: Receive thread by id

22:26:45.938 [pool-2-thread-1] ERROR  -     1 expectation failed.JSON path 'data'.'id' doesn't match.Expected: 3  Actual: null

22:26:46.087 [pool-2-thread-1] ERROR  - 
  _____   ___   ___   _____     ___     _     ___   _      ___   ___  
 |_   _| | __| / __| |_   _|   | __|   /_\   |_ _| | |    | __| |   \ 
   | |   | _|  \__ \   | |     | _|   / _ \   | |  | |__  | _|  | |) |
   |_|   |___| |___/   |_|     |_|   /_/ \_\ |___| |____| |___| |___/ 

User get all thread
-----------------------------------------------------------------------

22:26:46.088 [pool-2-thread-1] DEBUG  - RELATED ISSUES: 

22:26:46.088 [pool-2-thread-1] ERROR  -     Test failed at step: Receive massage like succes

22:26:46.088 [pool-2-thread-1] ERROR  -     1 expectation failed.JSON path 'data'.'id' doesn't match.Expected: 1  Actual: null

22:26:46.316 [pool-2-thread-1] ERROR  - 
  _____   ___   ___   _____     ___     _     ___   _      ___   ___  
 |_   _| | __| / __| |_   _|   | __|   /_\   |_ _| | |    | __| |   \ 
   | |   | _|  \__ \   | |     | _|   / _ \   | |  | |__  | _|  | |) |
   |_|   |___| |___/   |_|     |_|   /_/ \_\ |___| |____| |___| |___/ 

User get thread by id
-----------------------------------------------------------------------

22:26:46.316 [pool-2-thread-1] DEBUG  - RELATED ISSUES: 

22:26:46.316 [pool-2-thread-1] ERROR  -     Test failed at step: Receive massage like succes

22:26:46.316 [pool-2-thread-1] ERROR  -     1 expectation failed.JSON path 'data'.'id' doesn't match.Expected: 1  Actual: null



&amp#27;[31mFailed scenarios:&amp#27;[0m

file:///C:/Users/LENOVO-PC/OneDrive%20-%20IT-PLN/Dokumen/apenim/Diskusiaza-QE/REST%20API%20CAPSTONE/src/test/resources/api/LikeThread.feature:10 # User unlike a thread

file:///C:/Users/LENOVO-PC/OneDrive%20-%20IT-PLN/Dokumen/apenim/Diskusiaza-QE/REST%20API%20CAPSTONE/src/test/resources/api/Thread.feature:3 # User get thread category

file:///C:/Users/LENOVO-PC/OneDrive%20-%20IT-PLN/Dokumen/apenim/Diskusiaza-QE/REST%20API%20CAPSTONE/src/test/resources/api/Thread.feature:9 # User get all thread

file:///C:/Users/LENOVO-PC/OneDrive%20-%20IT-PLN/Dokumen/apenim/Diskusiaza-QE/REST%20API%20CAPSTONE/src/test/resources/api/Thread.feature:15 # User get thread by id



&amp#27;[33mUndefined scenarios:&amp#27;[0m

file:///C:/Users/LENOVO-PC/OneDrive%20-%20IT-PLN/Dokumen/apenim/Diskusiaza-QE/REST%20API%20CAPSTONE/src/test/resources/api/LikeThread.feature:4 # User like a thread

file:///C:/Users/LENOVO-PC/OneDrive%20-%20IT-PLN/Dokumen/apenim/Diskusiaza-QE/REST%20API%20CAPSTONE/src/test/resources/api/Profile.feature:3 # User get data profile

file:///C:/Users/LENOVO-PC/OneDrive%20-%20IT-PLN/Dokumen/apenim/Diskusiaza-QE/REST%20API%20CAPSTONE/src/test/resources/api/Profile.feature:9 # User update data profile



18
 Scenarios (
&amp#27;[31m4 failed&amp#27;[0m
, 
&amp#27;[33m3 undefined&amp#27;[0m
, 
&amp#27;[32m11 passed&amp#27;[0m
)

71
 Steps (
&amp#27;[31m4 failed&amp#27;[0m
, 
&amp#27;[36m7 skipped&amp#27;[0m
, 
&amp#27;[33m3 undefined&amp#27;[0m
, 
&amp#27;[32m57 passed&amp#27;[0m
)

0m
9.338s





java.lang.AssertionError: 1 expectation failed.
Expected status code <200> but was <400>.


	at java.base/jdk.internal.reflect.NativeConstructorAccessorImpl.newInstance0(Native Method)

	at java.base/jdk.internal.reflect.NativeConstructorAccessorImpl.newInstance(NativeConstructorAccessorImpl.java:77)

	at java.base/jdk.internal.reflect.DelegatingConstructorAccessorImpl.newInstance(DelegatingConstructorAccessorImpl.java:45)

	at java.base/java.lang.reflect.Constructor.newInstanceWithCaller(Constructor.java:499)

	at java.base/java.lang.reflect.Constructor.newInstance(Constructor.java:480)

	at org.codehaus.groovy.reflection.CachedConstructor.invoke(CachedConstructor.java:72)

	at org.codehaus.groovy.runtime.callsite.ConstructorSite$ConstructorSiteNoUnwrapNoCoerce.callConstructor(ConstructorSite.java:105)

	at org.codehaus.groovy.runtime.callsite.CallSiteArray.defaultCallConstructor(CallSiteArray.java:59)

	at org.codehaus.groovy.runtime.callsite.AbstractCallSite.callConstructor(AbstractCallSite.java:263)

	at org.codehaus.groovy.runtime.callsite.AbstractCallSite.callConstructor(AbstractCallSite.java:277)

	at io.restassured.internal.ResponseSpecificationImpl$HamcrestAssertionClosure.validate(ResponseSpecificationImpl.groovy:493)

	at io.restassured.internal.ResponseSpecificationImpl$HamcrestAssertionClosure$validate$1.call(Unknown Source)

	at io.restassured.internal.ResponseSpecificationImpl.validateResponseIfRequired(ResponseSpecificationImpl.groovy:674)

	at java.base/jdk.internal.reflect.NativeMethodAccessorImpl.invoke0(Native Method)

	at java.base/jdk.internal.reflect.NativeMethodAccessorImpl.invoke(NativeMethodAccessorImpl.java:77)

	at java.base/jdk.internal.reflect.DelegatingMethodAccessorImpl.invoke(DelegatingMethodAccessorImpl.java:43)

	at java.base/java.lang.reflect.Method.invoke(Method.java:568)

	at org.codehaus.groovy.runtime.callsite.PlainObjectMetaMethodSite.doInvoke(PlainObjectMetaMethodSite.java:43)

	at org.codehaus.groovy.runtime.callsite.PogoMetaMethodSite$PogoCachedMethodSiteNoUnwrapNoCoerce.invoke(PogoMetaMethodSite.java:193)

	at org.codehaus.groovy.runtime.callsite.PogoMetaMethodSite.callCurrent(PogoMetaMethodSite.java:61)

	at org.codehaus.groovy.runtime.callsite.AbstractCallSite.callCurrent(AbstractCallSite.java:185)

	at io.restassured.internal.ResponseSpecificationImpl.statusCode(ResponseSpecificationImpl.groovy:126)

	at io.restassured.specification.ResponseSpecification$statusCode$0.callCurrent(Unknown Source)

	at io.restassured.internal.ResponseSpecificationImpl.statusCode(ResponseSpecificationImpl.groovy:134)

	at io.restassured.internal.ValidatableResponseOptionsImpl.statusCode(ValidatableResponseOptionsImpl.java:89)

	at io.restassured.internal.ValidatableResponseImpl.super$2$statusCode(ValidatableResponseImpl.groovy)

	at java.base/jdk.internal.reflect.NativeMethodAccessorImpl.invoke0(Native Method)

	at java.base/jdk.internal.reflect.NativeMethodAccessorImpl.invoke(NativeMethodAccessorImpl.java:77)

	at java.base/jdk.internal.reflect.DelegatingMethodAccessorImpl.invoke(DelegatingMethodAccessorImpl.java:43)

	at java.base/java.lang.reflect.Method.invoke(Method.java:568)

	at org.codehaus.groovy.reflection.CachedMethod.invoke(CachedMethod.java:107)

	at groovy.lang.MetaMethod.doMethodInvoke(MetaMethod.java:323)

	at groovy.lang.MetaClassImpl.invokeMethod(MetaClassImpl.java:1267)

	at org.codehaus.groovy.runtime.ScriptBytecodeAdapter.invokeMethodOnSuperN(ScriptBytecodeAdapter.java:144)

	at io.restassured.internal.ValidatableResponseImpl.statusCode(ValidatableResponseImpl.groovy:142)

	at io.restassured.internal.ValidatableResponseImpl.statusCode(ValidatableResponseImpl.groovy)

	at rest.api@1.0-SNAPSHOT/Starter.LikeThread.DeleteLikeThread.lambda$getHttpsResponseCode200$0(DeleteLikeThread.java:26)

	at net.serenitybdd.rest.SerenityRest.restAssuredThat(SerenityRest.java:626)

	at rest.api@1.0-SNAPSHOT/Starter.LikeThread.DeleteLikeThread.getHttpsResponseCode200(DeleteLikeThread.java:26)

	at rest.api@1.0-SNAPSHOT/Starter.LikeThread.DeleteLikeThread$ByteBuddy$snrLiDS2.getHttpsResponseCode200$accessor$KeGkgCyB(Unknown Source)

	at java.base/jdk.internal.reflect.NativeMethodAccessorImpl.invoke0(Native Method)

	at java.base/jdk.internal.reflect.NativeMethodAccessorImpl.invoke(NativeMethodAccessorImpl.java:77)

	at java.base/jdk.internal.reflect.DelegatingMethodAccessorImpl.invoke(DelegatingMethodAccessorImpl.java:43)

	at java.base/java.lang.reflect.Method.invoke(Method.java:568)

	at net.thucydides.core.steps.StepInterceptor.invokeMethod(StepInterceptor.java:492)

	at net.thucydides.core.steps.StepInterceptor.executeTestStepMethod(StepInterceptor.java:472)

	at net.thucydides.core.steps.StepInterceptor.runTestStep(StepInterceptor.java:445)

	at net.thucydides.core.steps.StepInterceptor.runOrSkipMethod(StepInterceptor.java:201)

	at net.thucydides.core.steps.StepInterceptor.testStepResult(StepInterceptor.java:188)

	at net.thucydides.core.steps.StepInterceptor.intercept(StepInterceptor.java:76)

	at net.thucydides.core.steps.ProxyConfiguration$InterceptorDispatcher.intercept(ProxyConfiguration.java:51)

	at rest.api@1.0-SNAPSHOT/Starter.LikeThread.DeleteLikeThread$ByteBuddy$snrLiDS2.getHttpsResponseCode200(Unknown Source)

	at rest.api@1.0-SNAPSHOT/Starter.StepDefinitions.LikeThread.getResponseCode(LikeThread.java:43)

	at ?.user succes unlike thread with respon code 200(file:///C:/Users/LENOVO-PC/OneDrive%20-%20IT-PLN/Dokumen/apenim/Diskusiaza-QE/REST%20API%20CAPSTONE/src/test/resources/api/LikeThread.feature:13)



java.lang.AssertionError: 1 expectation failed.
JSON path 'data'.'id' doesn't match.
Expected: 3
  Actual: null


	at java.base/jdk.internal.reflect.NativeConstructorAccessorImpl.newInstance0(Native Method)

	at java.base/jdk.internal.reflect.NativeConstructorAccessorImpl.newInstance(NativeConstructorAccessorImpl.java:77)

	at java.base/jdk.internal.reflect.DelegatingConstructorAccessorImpl.newInstance(DelegatingConstructorAccessorImpl.java:45)

	at java.base/java.lang.reflect.Constructor.newInstanceWithCaller(Constructor.java:499)

	at java.base/java.lang.reflect.Constructor.newInstance(Constructor.java:480)

	at org.codehaus.groovy.reflection.CachedConstructor.invoke(CachedConstructor.java:72)

	at org.codehaus.groovy.runtime.callsite.ConstructorSite$ConstructorSiteNoUnwrapNoCoerce.callConstructor(ConstructorSite.java:105)

	at org.codehaus.groovy.runtime.callsite.AbstractCallSite.callConstructor(AbstractCallSite.java:277)

	at io.restassured.internal.ResponseSpecificationImpl$HamcrestAssertionClosure.validate(ResponseSpecificationImpl.groovy:493)

	at io.restassured.internal.ResponseSpecificationImpl$HamcrestAssertionClosure$validate$1.call(Unknown Source)

	at io.restassured.internal.ResponseSpecificationImpl.validateResponseIfRequired(ResponseSpecificationImpl.groovy:674)

	at jdk.internal.reflect.GeneratedMethodAccessor90.invoke(Unknown Source)

	at java.base/jdk.internal.reflect.DelegatingMethodAccessorImpl.invoke(DelegatingMethodAccessorImpl.java:43)

	at java.base/java.lang.reflect.Method.invoke(Method.java:568)

	at org.codehaus.groovy.runtime.callsite.PlainObjectMetaMethodSite.doInvoke(PlainObjectMetaMethodSite.java:43)

	at org.codehaus.groovy.runtime.callsite.PogoMetaMethodSite$PogoCachedMethodSiteNoUnwrapNoCoerce.invoke(PogoMetaMethodSite.java:193)

	at org.codehaus.groovy.runtime.callsite.PogoMetaMethodSite.callCurrent(PogoMetaMethodSite.java:61)

	at org.codehaus.groovy.runtime.callsite.AbstractCallSite.callCurrent(AbstractCallSite.java:185)

	at io.restassured.internal.ResponseSpecificationImpl.body(ResponseSpecificationImpl.groovy:261)

	at io.restassured.specification.ResponseSpecification$body$1.callCurrent(Unknown Source)

	at io.restassured.internal.ResponseSpecificationImpl.body(ResponseSpecificationImpl.groovy:108)

	at io.restassured.internal.ValidatableResponseOptionsImpl.body(ValidatableResponseOptionsImpl.java:244)

	at io.restassured.internal.ValidatableResponseImpl.super$2$body(ValidatableResponseImpl.groovy)

	at java.base/jdk.internal.reflect.NativeMethodAccessorImpl.invoke0(Native Method)

	at java.base/jdk.internal.reflect.NativeMethodAccessorImpl.invoke(NativeMethodAccessorImpl.java:77)

	at java.base/jdk.internal.reflect.DelegatingMethodAccessorImpl.invoke(DelegatingMethodAccessorImpl.java:43)

	at java.base/java.lang.reflect.Method.invoke(Method.java:568)

	at org.codehaus.groovy.reflection.CachedMethod.invoke(CachedMethod.java:107)

	at groovy.lang.MetaMethod.doMethodInvoke(MetaMethod.java:323)

	at groovy.lang.MetaClassImpl.invokeMethod(MetaClassImpl.java:1267)

	at org.codehaus.groovy.runtime.ScriptBytecodeAdapter.invokeMethodOnSuperN(ScriptBytecodeAdapter.java:144)

	at io.restassured.internal.ValidatableResponseImpl.body(ValidatableResponseImpl.groovy:298)

	at io.restassured.internal.ValidatableResponseImpl.body(ValidatableResponseImpl.groovy)

	at rest.api@1.0-SNAPSHOT/Starter.Thread.ThreadCategory.lambda$receiveThreadById$1(ThreadCategory.java:25)

	at net.serenitybdd.rest.SerenityRest.restAssuredThat(SerenityRest.java:626)

	at rest.api@1.0-SNAPSHOT/Starter.Thread.ThreadCategory.receiveThreadById(ThreadCategory.java:25)

	at rest.api@1.0-SNAPSHOT/Starter.Thread.ThreadCategory$ByteBuddy$n7DqPtVp.receiveThreadById$accessor$TdwMGRze(Unknown Source)

	at java.base/jdk.internal.reflect.NativeMethodAccessorImpl.invoke0(Native Method)

	at java.base/jdk.internal.reflect.NativeMethodAccessorImpl.invoke(NativeMethodAccessorImpl.java:77)

	at java.base/jdk.internal.reflect.DelegatingMethodAccessorImpl.invoke(DelegatingMethodAccessorImpl.java:43)

	at java.base/java.lang.reflect.Method.invoke(Method.java:568)

	at net.thucydides.core.steps.StepInterceptor.invokeMethod(StepInterceptor.java:492)

	at net.thucydides.core.steps.StepInterceptor.executeTestStepMethod(StepInterceptor.java:472)

	at net.thucydides.core.steps.StepInterceptor.runTestStep(StepInterceptor.java:445)

	at net.thucydides.core.steps.StepInterceptor.runOrSkipMethod(StepInterceptor.java:201)

	at net.thucydides.core.steps.StepInterceptor.testStepResult(StepInterceptor.java:188)

	at net.thucydides.core.steps.StepInterceptor.intercept(StepInterceptor.java:76)

	at net.thucydides.core.steps.ProxyConfiguration$InterceptorDispatcher.intercept(ProxyConfiguration.java:51)

	at rest.api@1.0-SNAPSHOT/Starter.Thread.ThreadCategory$ByteBuddy$n7DqPtVp.receiveThreadById(Unknown Source)

	at rest.api@1.0-SNAPSHOT/Starter.StepDefinitions.ThreadSteps.detailsCategory(ThreadSteps.java:32)

	at ?.user receive details category thread(file:///C:/Users/LENOVO-PC/OneDrive%20-%20IT-PLN/Dokumen/apenim/Diskusiaza-QE/REST%20API%20CAPSTONE/src/test/resources/api/Thread.feature:7)



java.lang.AssertionError: 1 expectation failed.
JSON path 'data'.'id' doesn't match.
Expected: 1
  Actual: null


	at java.base/jdk.internal.reflect.NativeConstructorAccessorImpl.newInstance0(Native Method)

	at java.base/jdk.internal.reflect.NativeConstructorAccessorImpl.newInstance(NativeConstructorAccessorImpl.java:77)

	at java.base/jdk.internal.reflect.DelegatingConstructorAccessorImpl.newInstance(DelegatingConstructorAccessorImpl.java:45)

	at java.base/java.lang.reflect.Constructor.newInstanceWithCaller(Constructor.java:499)

	at java.base/java.lang.reflect.Constructor.newInstance(Constructor.java:480)

	at org.codehaus.groovy.reflection.CachedConstructor.invoke(CachedConstructor.java:72)

	at org.codehaus.groovy.runtime.callsite.ConstructorSite$ConstructorSiteNoUnwrapNoCoerce.callConstructor(ConstructorSite.java:105)

	at org.codehaus.groovy.runtime.callsite.AbstractCallSite.callConstructor(AbstractCallSite.java:277)

	at io.restassured.internal.ResponseSpecificationImpl$HamcrestAssertionClosure.validate(ResponseSpecificationImpl.groovy:493)

	at io.restassured.internal.ResponseSpecificationImpl$HamcrestAssertionClosure$validate$1.call(Unknown Source)

	at io.restassured.internal.ResponseSpecificationImpl.validateResponseIfRequired(ResponseSpecificationImpl.groovy:674)

	at jdk.internal.reflect.GeneratedMethodAccessor90.invoke(Unknown Source)

	at java.base/jdk.internal.reflect.DelegatingMethodAccessorImpl.invoke(DelegatingMethodAccessorImpl.java:43)

	at java.base/java.lang.reflect.Method.invoke(Method.java:568)

	at org.codehaus.groovy.runtime.callsite.PlainObjectMetaMethodSite.doInvoke(PlainObjectMetaMethodSite.java:43)

	at org.codehaus.groovy.runtime.callsite.PogoMetaMethodSite$PogoCachedMethodSiteNoUnwrapNoCoerce.invoke(PogoMetaMethodSite.java:193)

	at org.codehaus.groovy.runtime.callsite.PogoMetaMethodSite.callCurrent(PogoMetaMethodSite.java:61)

	at org.codehaus.groovy.runtime.callsite.AbstractCallSite.callCurrent(AbstractCallSite.java:185)

	at io.restassured.internal.ResponseSpecificationImpl.body(ResponseSpecificationImpl.groovy:261)

	at io.restassured.specification.ResponseSpecification$body$1.callCurrent(Unknown Source)

	at io.restassured.internal.ResponseSpecificationImpl.body(ResponseSpecificationImpl.groovy:108)

	at io.restassured.internal.ValidatableResponseOptionsImpl.body(ValidatableResponseOptionsImpl.java:244)

	at io.restassured.internal.ValidatableResponseImpl.super$2$body(ValidatableResponseImpl.groovy)

	at java.base/jdk.internal.reflect.NativeMethodAccessorImpl.invoke0(Native Method)

	at java.base/jdk.internal.reflect.NativeMethodAccessorImpl.invoke(NativeMethodAccessorImpl.java:77)

	at java.base/jdk.internal.reflect.DelegatingMethodAccessorImpl.invoke(DelegatingMethodAccessorImpl.java:43)

	at java.base/java.lang.reflect.Method.invoke(Method.java:568)

	at org.codehaus.groovy.reflection.CachedMethod.invoke(CachedMethod.java:107)

	at groovy.lang.MetaMethod.doMethodInvoke(MetaMethod.java:323)

	at groovy.lang.MetaClassImpl.invokeMethod(MetaClassImpl.java:1267)

	at org.codehaus.groovy.runtime.ScriptBytecodeAdapter.invokeMethodOnSuperN(ScriptBytecodeAdapter.java:144)

	at io.restassured.internal.ValidatableResponseImpl.body(ValidatableResponseImpl.groovy:298)

	at io.restassured.internal.ValidatableResponseImpl.body(ValidatableResponseImpl.groovy)

	at rest.api@1.0-SNAPSHOT/Starter.Thread.ThreadById.lambda$receiveMassageLikeSucces$1(ThreadById.java:23)

	at net.serenitybdd.rest.SerenityRest.restAssuredThat(SerenityRest.java:626)

	at rest.api@1.0-SNAPSHOT/Starter.Thread.ThreadById.receiveMassageLikeSucces(ThreadById.java:23)

	at rest.api@1.0-SNAPSHOT/Starter.Thread.ThreadById$ByteBuddy$tTXdy4wB.receiveMassageLikeSucces$accessor$5V3o2xqN(Unknown Source)

	at java.base/jdk.internal.reflect.NativeMethodAccessorImpl.invoke0(Native Method)

	at java.base/jdk.internal.reflect.NativeMethodAccessorImpl.invoke(NativeMethodAccessorImpl.java:77)

	at java.base/jdk.internal.reflect.DelegatingMethodAccessorImpl.invoke(DelegatingMethodAccessorImpl.java:43)

	at java.base/java.lang.reflect.Method.invoke(Method.java:568)

	at net.thucydides.core.steps.StepInterceptor.invokeMethod(StepInterceptor.java:492)

	at net.thucydides.core.steps.StepInterceptor.executeTestStepMethod(StepInterceptor.java:472)

	at net.thucydides.core.steps.StepInterceptor.runTestStep(StepInterceptor.java:445)

	at net.thucydides.core.steps.StepInterceptor.runOrSkipMethod(StepInterceptor.java:201)

	at net.thucydides.core.steps.StepInterceptor.testStepResult(StepInterceptor.java:188)

	at net.thucydides.core.steps.StepInterceptor.intercept(StepInterceptor.java:76)

	at net.thucydides.core.steps.ProxyConfiguration$InterceptorDispatcher.intercept(ProxyConfiguration.java:51)

	at rest.api@1.0-SNAPSHOT/Starter.Thread.ThreadById$ByteBuddy$tTXdy4wB.receiveMassageLikeSucces(Unknown Source)

	at rest.api@1.0-SNAPSHOT/Starter.StepDefinitions.ThreadSteps.receiveDetailsAllThread(ThreadSteps.java:49)

	at ?.user receive details all thread(file:///C:/Users/LENOVO-PC/OneDrive%20-%20IT-PLN/Dokumen/apenim/Diskusiaza-QE/REST%20API%20CAPSTONE/src/test/resources/api/Thread.feature:13)



java.lang.AssertionError: 1 expectation failed.
JSON path 'data'.'id' doesn't match.
Expected: 1
  Actual: null


	at java.base/jdk.internal.reflect.NativeConstructorAccessorImpl.newInstance0(Native Method)

	at java.base/jdk.internal.reflect.NativeConstructorAccessorImpl.newInstance(NativeConstructorAccessorImpl.java:77)

	at java.base/jdk.internal.reflect.DelegatingConstructorAccessorImpl.newInstance(DelegatingConstructorAccessorImpl.java:45)

	at java.base/java.lang.reflect.Constructor.newInstanceWithCaller(Constructor.java:499)

	at java.base/java.lang.reflect.Constructor.newInstance(Constructor.java:480)

	at org.codehaus.groovy.reflection.CachedConstructor.invoke(CachedConstructor.java:72)

	at org.codehaus.groovy.runtime.callsite.ConstructorSite$ConstructorSiteNoUnwrapNoCoerce.callConstructor(ConstructorSite.java:105)

	at org.codehaus.groovy.runtime.callsite.AbstractCallSite.callConstructor(AbstractCallSite.java:277)

	at io.restassured.internal.ResponseSpecificationImpl$HamcrestAssertionClosure.validate(ResponseSpecificationImpl.groovy:493)

	at io.restassured.internal.ResponseSpecificationImpl$HamcrestAssertionClosure$validate$1.call(Unknown Source)

	at io.restassured.internal.ResponseSpecificationImpl.validateResponseIfRequired(ResponseSpecificationImpl.groovy:674)

	at jdk.internal.reflect.GeneratedMethodAccessor90.invoke(Unknown Source)

	at java.base/jdk.internal.reflect.DelegatingMethodAccessorImpl.invoke(DelegatingMethodAccessorImpl.java:43)

	at java.base/java.lang.reflect.Method.invoke(Method.java:568)

	at org.codehaus.groovy.runtime.callsite.PlainObjectMetaMethodSite.doInvoke(PlainObjectMetaMethodSite.java:43)

	at org.codehaus.groovy.runtime.callsite.PogoMetaMethodSite$PogoCachedMethodSiteNoUnwrapNoCoerce.invoke(PogoMetaMethodSite.java:193)

	at org.codehaus.groovy.runtime.callsite.PogoMetaMethodSite.callCurrent(PogoMetaMethodSite.java:61)

	at org.codehaus.groovy.runtime.callsite.AbstractCallSite.callCurrent(AbstractCallSite.java:185)

	at io.restassured.internal.ResponseSpecificationImpl.body(ResponseSpecificationImpl.groovy:261)

	at io.restassured.specification.ResponseSpecification$body$1.callCurrent(Unknown Source)

	at io.restassured.internal.ResponseSpecificationImpl.body(ResponseSpecificationImpl.groovy:108)

	at io.restassured.internal.ValidatableResponseOptionsImpl.body(ValidatableResponseOptionsImpl.java:244)

	at io.restassured.internal.ValidatableResponseImpl.super$2$body(ValidatableResponseImpl.groovy)

	at java.base/jdk.internal.reflect.NativeMethodAccessorImpl.invoke0(Native Method)

	at java.base/jdk.internal.reflect.NativeMethodAccessorImpl.invoke(NativeMethodAccessorImpl.java:77)

	at java.base/jdk.internal.reflect.DelegatingMethodAccessorImpl.invoke(DelegatingMethodAccessorImpl.java:43)

	at java.base/java.lang.reflect.Method.invoke(Method.java:568)

	at org.codehaus.groovy.reflection.CachedMethod.invoke(CachedMethod.java:107)

	at groovy.lang.MetaMethod.doMethodInvoke(MetaMethod.java:323)

	at groovy.lang.MetaClassImpl.invokeMethod(MetaClassImpl.java:1267)

	at org.codehaus.groovy.runtime.ScriptBytecodeAdapter.invokeMethodOnSuperN(ScriptBytecodeAdapter.java:144)

	at io.restassured.internal.ValidatableResponseImpl.body(ValidatableResponseImpl.groovy:298)

	at io.restassured.internal.ValidatableResponseImpl.body(ValidatableResponseImpl.groovy)

	at rest.api@1.0-SNAPSHOT/Starter.Thread.Thread.lambda$receiveMassageLikeSucces$1(Thread.java:27)

	at net.serenitybdd.rest.SerenityRest.restAssuredThat(SerenityRest.java:626)

	at rest.api@1.0-SNAPSHOT/Starter.Thread.Thread.receiveMassageLikeSucces(Thread.java:27)

	at rest.api@1.0-SNAPSHOT/Starter.Thread.Thread$ByteBuddy$ntBGc7Jm.receiveMassageLikeSucces$accessor$r5d5qNvu(Unknown Source)

	at java.base/jdk.internal.reflect.NativeMethodAccessorImpl.invoke0(Native Method)

	at java.base/jdk.internal.reflect.NativeMethodAccessorImpl.invoke(NativeMethodAccessorImpl.java:77)

	at java.base/jdk.internal.reflect.DelegatingMethodAccessorImpl.invoke(DelegatingMethodAccessorImpl.java:43)

	at java.base/java.lang.reflect.Method.invoke(Method.java:568)

	at net.thucydides.core.steps.StepInterceptor.invokeMethod(StepInterceptor.java:492)

	at net.thucydides.core.steps.StepInterceptor.executeTestStepMethod(StepInterceptor.java:472)

	at net.thucydides.core.steps.StepInterceptor.runTestStep(StepInterceptor.java:445)

	at net.thucydides.core.steps.StepInterceptor.runOrSkipMethod(StepInterceptor.java:201)

	at net.thucydides.core.steps.StepInterceptor.testStepResult(StepInterceptor.java:188)

	at net.thucydides.core.steps.StepInterceptor.intercept(StepInterceptor.java:76)

	at net.thucydides.core.steps.ProxyConfiguration$InterceptorDispatcher.intercept(ProxyConfiguration.java:51)

	at rest.api@1.0-SNAPSHOT/Starter.Thread.Thread$ByteBuddy$ntBGc7Jm.receiveMassageLikeSucces(Unknown Source)

	at rest.api@1.0-SNAPSHOT/Starter.StepDefinitions.ThreadSteps.receiveThreadById(ThreadSteps.java:66)

	at ?.user receive thread by id(file:///C:/Users/LENOVO-PC/OneDrive%20-%20IT-PLN/Dokumen/apenim/Diskusiaza-QE/REST%20API%20CAPSTONE/src/test/resources/api/Thread.feature:19)





You can implement missing steps with the snippets below:



@Then("user got massage {string}")
public void user_got_massage(String string) {
    // Write code here that turns the phrase above into concrete actions
    throw new io.cucumber.java.PendingException();
}



@Given("user get profile endpoints")
public void user_get_profile_endpoints() {
    // Write code here that turns the phrase above into concrete actions
    throw new io.cucumber.java.PendingException();
}



@When("user kirim token")
public void user_kirim_token() {
    // Write code here that turns the phrase above into concrete actions
    throw new io.cucumber.java.PendingException();
}



@Then("user get response code {int}")
public void user_get_response_code(Integer int1) {
    // Write code here that turns the phrase above into concrete actions
    throw new io.cucumber.java.PendingException();
}



@Then("user get valid data profile")
public void user_get_valid_data_profile() {
    // Write code here that turns the phrase above into concrete actions
    throw new io.cucumber.java.PendingException();
}



@Given("user put profile endpoints")
public void user_put_profile_endpoints() {
    // Write code here that turns the phrase above into concrete actions
    throw new io.cucumber.java.PendingException();
}



@When("user input update body")
public void user_input_update_body() {
    // Write code here that turns the phrase above into concrete actions
    throw new io.cucumber.java.PendingException();
}



@Then("user get valid response code {int}")
public void user_get_valid_response_code(Integer int1) {
    // Write code here that turns the phrase above into concrete actions
    throw new io.cucumber.java.PendingException();
}



@Then("user get update data profile")
public void user_get_update_data_profile() {
    // Write code here that turns the phrase above into concrete actions
    throw new io.cucumber.java.PendingException();
}





22:26:46.324 [pool-2-thread-1] DEBUG net.thucydides.core.reports.ReportService - Reporting formats: [JSON, HTML]

22:26:46.453 [pool-2-thread-1] DEBUG net.thucydides.core.reports.ReportService - Reporting formats: [JSON, HTML]

22:26:46.467 [pool-2-thread-1] DEBUG net.thucydides.core.reports.ReportService - Generating reports for 18 test outcomes using: net.thucydides.core.reports.json.JSONTestOutcomeReporter@6bcc8898

22:26:46.468 [pool-2-thread-2] DEBUG net.thucydides.core.reports.ReportService - Processing test outcome As a user i can like or unlike thread:User unlike a thread

22:26:46.468 [pool-2-thread-2] INFO net.thucydides.core.reports.ReportService - net.thucydides.core.reports.json.JSONTestOutcomeReporter@6bcc8898: Generating report for test outcome: As a user i can like or unlike thread:User unlike a thread

22:26:46.468 [pool-2-thread-1] DEBUG net.thucydides.core.reports.ReportService - Processing test outcome As a user i can like or unlike thread:User like a thread

22:26:46.468 [pool-2-thread-1] INFO net.thucydides.core.reports.ReportService - net.thucydides.core.reports.json.JSONTestOutcomeReporter@6bcc8898: Generating report for test outcome: As a user i can like or unlike thread:User like a thread

22:26:46.468 [pool-2-thread-3] DEBUG net.thucydides.core.reports.ReportService - Processing test outcome As a user on login page:User input valid email and password

22:26:46.468 [pool-2-thread-3] INFO net.thucydides.core.reports.ReportService - net.thucydides.core.reports.json.JSONTestOutcomeReporter@6bcc8898: Generating report for test outcome: As a user on login page:User input valid email and password

22:26:46.468 [pool-2-thread-4] DEBUG net.thucydides.core.reports.ReportService - Processing test outcome As a user on login page:User input valid email and unvalid password

22:26:46.468 [pool-2-thread-4] INFO net.thucydides.core.reports.ReportService - net.thucydides.core.reports.json.JSONTestOutcomeReporter@6bcc8898: Generating report for test outcome: As a user on login page:User input valid email and unvalid password

22:26:46.468 [pool-2-thread-5] DEBUG net.thucydides.core.reports.ReportService - Processing test outcome As a user on login page:User input unvalid email and valid password

22:26:46.469 [pool-2-thread-5] INFO net.thucydides.core.reports.ReportService - net.thucydides.core.reports.json.JSONTestOutcomeReporter@6bcc8898: Generating report for test outcome: As a user on login page:User input unvalid email and valid password

22:26:46.469 [pool-2-thread-6] DEBUG net.thucydides.core.reports.ReportService - Processing test outcome As a user on login page:User input unvalid email and unvalid password

22:26:46.469 [pool-2-thread-6] INFO net.thucydides.core.reports.ReportService - net.thucydides.core.reports.json.JSONTestOutcomeReporter@6bcc8898: Generating report for test outcome: As a user on login page:User input unvalid email and unvalid password

22:26:46.474 [pool-2-thread-2] DEBUG net.thucydides.core.reports.json.JSONTestOutcomeReporter - Generating JSON report for User unlike a thread to file C:\Users\LENOVO-PC\OneDrive - IT-PLN\Dokumen\apenim\Diskusiaza-QE\REST API CAPSTONE\target\site\serenity\efaaaa5f4749f5cb131646c316e4c68496899ace8c84b349c9a0cd47361ef782.json (using temp file C:\Users\LENOVO-PC\OneDrive - IT-PLN\Dokumen\apenim\Diskusiaza-QE\REST API CAPSTONE\target\site\serenity\efaaaa5f4749f5cb131646c316e4c68496899ace8c84b349c9a0cd47361ef782.json8b0b3edc-04b3-44b5-9002-919f2906da0a)

22:26:46.474 [pool-2-thread-3] DEBUG net.thucydides.core.reports.json.JSONTestOutcomeReporter - Generating JSON report for User input valid email and password to file C:\Users\LENOVO-PC\OneDrive - IT-PLN\Dokumen\apenim\Diskusiaza-QE\REST API CAPSTONE\target\site\serenity\b5b5431d8b6e20d5cffbcf71ec59506106c6122872620d160bc75c0a719257c6.json (using temp file C:\Users\LENOVO-PC\OneDrive - IT-PLN\Dokumen\apenim\Diskusiaza-QE\REST API CAPSTONE\target\site\serenity\b5b5431d8b6e20d5cffbcf71ec59506106c6122872620d160bc75c0a719257c6.json6d23737e-91ca-49b5-8c0a-18c3b98aa7e5)

22:26:46.475 [pool-2-thread-1] DEBUG net.thucydides.core.reports.json.JSONTestOutcomeReporter - Generating JSON report for User like a thread to file C:\Users\LENOVO-PC\OneDrive - IT-PLN\Dokumen\apenim\Diskusiaza-QE\REST API CAPSTONE\target\site\serenity\2ecd2fdf6f437a2d21353dbc908fa2926deffba7505be9bb4233d0a0ddbb85ef.json (using temp file C:\Users\LENOVO-PC\OneDrive - IT-PLN\Dokumen\apenim\Diskusiaza-QE\REST API CAPSTONE\target\site\serenity\2ecd2fdf6f437a2d21353dbc908fa2926deffba7505be9bb4233d0a0ddbb85ef.json5ed3cfcf-d1a9-4260-afc8-8686e6e9cf52)

22:26:46.475 [pool-2-thread-5] DEBUG net.thucydides.core.reports.json.JSONTestOutcomeReporter - Generating JSON report for User input unvalid email and valid password to file C:\Users\LENOVO-PC\OneDrive - IT-PLN\Dokumen\apenim\Diskusiaza-QE\REST API CAPSTONE\target\site\serenity\631bce4a02f45b704a967ce40e05e23c340ba396a2f7693f0341bd42797d6e1e.json (using temp file C:\Users\LENOVO-PC\OneDrive - IT-PLN\Dokumen\apenim\Diskusiaza-QE\REST API CAPSTONE\target\site\serenity\631bce4a02f45b704a967ce40e05e23c340ba396a2f7693f0341bd42797d6e1e.jsonf6c62f2d-3911-4631-92f2-a55fca69855b)

22:26:46.475 [pool-2-thread-4] DEBUG net.thucydides.core.reports.json.JSONTestOutcomeReporter - Generating JSON report for User input valid email and unvalid password to file C:\Users\LENOVO-PC\OneDrive - IT-PLN\Dokumen\apenim\Diskusiaza-QE\REST API CAPSTONE\target\site\serenity\66a9e9a62113a9ffd93c83c9820c41dfacef5dc889f9a3d9127b7c685ab2204f.json (using temp file C:\Users\LENOVO-PC\OneDrive - IT-PLN\Dokumen\apenim\Diskusiaza-QE\REST API CAPSTONE\target\site\serenity\66a9e9a62113a9ffd93c83c9820c41dfacef5dc889f9a3d9127b7c685ab2204f.jsonf060ef3d-a132-47cd-a76e-e9200adee915)

22:26:46.475 [pool-2-thread-6] DEBUG net.thucydides.core.reports.json.JSONTestOutcomeReporter - Generating JSON report for User input unvalid email and unvalid password to file C:\Users\LENOVO-PC\OneDrive - IT-PLN\Dokumen\apenim\Diskusiaza-QE\REST API CAPSTONE\target\site\serenity\f19865c149dc716105221c0ddb73fbc96dea530bad4fd722a5fec67d3599d71b.json (using temp file C:\Users\LENOVO-PC\OneDrive - IT-PLN\Dokumen\apenim\Diskusiaza-QE\REST API CAPSTONE\target\site\serenity\f19865c149dc716105221c0ddb73fbc96dea530bad4fd722a5fec67d3599d71b.jsonb67dfa91-7345-473d-b941-e2d05313b195)

22:26:46.518 [pool-2-thread-6] DEBUG net.thucydides.core.reports.ReportService - Processing test outcome As a user on login page:User input unvalid email and unvalid password done

22:26:46.519 [pool-2-thread-6] DEBUG net.thucydides.core.reports.ReportService - Processing test outcome As a user on profil page:User get data profile

22:26:46.519 [pool-2-thread-6] INFO net.thucydides.core.reports.ReportService - net.thucydides.core.reports.json.JSONTestOutcomeReporter@6bcc8898: Generating report for test outcome: As a user on profil page:User get data profile

22:26:46.519 [pool-2-thread-4] DEBUG net.thucydides.core.reports.ReportService - Processing test outcome As a user on login page:User input valid email and unvalid password done

22:26:46.519 [pool-2-thread-4] DEBUG net.thucydides.core.reports.ReportService - Processing test outcome As a user on profil page:User update data profile

22:26:46.519 [pool-2-thread-4] INFO net.thucydides.core.reports.ReportService - net.thucydides.core.reports.json.JSONTestOutcomeReporter@6bcc8898: Generating report for test outcome: As a user on profil page:User update data profile

22:26:46.523 [pool-2-thread-3] DEBUG net.thucydides.core.reports.ReportService - Processing test outcome As a user on login page:User input valid email and password done

22:26:46.523 [pool-2-thread-3] DEBUG net.thucydides.core.reports.ReportService - Processing test outcome As a user on register page:User register with valid data

22:26:46.524 [pool-2-thread-5] DEBUG net.thucydides.core.reports.ReportService - Processing test outcome As a user on login page:User input unvalid email and valid password done

22:26:46.524 [pool-2-thread-6] DEBUG net.thucydides.core.reports.json.JSONTestOutcomeReporter - Generating JSON report for User get data profile to file C:\Users\LENOVO-PC\OneDrive - IT-PLN\Dokumen\apenim\Diskusiaza-QE\REST API CAPSTONE\target\site\serenity\35b414917171d607223db169340508d852530966a29e46368173c371b26d2102.json (using temp file C:\Users\LENOVO-PC\OneDrive - IT-PLN\Dokumen\apenim\Diskusiaza-QE\REST API CAPSTONE\target\site\serenity\35b414917171d607223db169340508d852530966a29e46368173c371b26d2102.json44192c5a-0946-450a-99fb-5d725b589f26)

22:26:46.525 [pool-2-thread-5] DEBUG net.thucydides.core.reports.ReportService - Processing test outcome As a user on register page:User register but no input firstname

22:26:46.525 [pool-2-thread-5] INFO net.thucydides.core.reports.ReportService - net.thucydides.core.reports.json.JSONTestOutcomeReporter@6bcc8898: Generating report for test outcome: As a user on register page:User register but no input firstname

22:26:46.523 [pool-2-thread-4] DEBUG net.thucydides.core.reports.json.JSONTestOutcomeReporter - Generating JSON report for User update data profile to file C:\Users\LENOVO-PC\OneDrive - IT-PLN\Dokumen\apenim\Diskusiaza-QE\REST API CAPSTONE\target\site\serenity\0b335c159f859dc85bc6e4a0b37d26c88dbd32a3bf36a08acf1542bb7f2c39fa.json (using temp file C:\Users\LENOVO-PC\OneDrive - IT-PLN\Dokumen\apenim\Diskusiaza-QE\REST API CAPSTONE\target\site\serenity\0b335c159f859dc85bc6e4a0b37d26c88dbd32a3bf36a08acf1542bb7f2c39fa.jsona7ce44a6-2098-41fb-8e94-c0bfe72ec732)

22:26:46.526 [pool-2-thread-3] INFO net.thucydides.core.reports.ReportService - net.thucydides.core.reports.json.JSONTestOutcomeReporter@6bcc8898: Generating report for test outcome: As a user on register page:User register with valid data

22:26:46.528 [pool-2-thread-1] DEBUG net.thucydides.core.reports.ReportService - Processing test outcome As a user i can like or unlike thread:User like a thread done

22:26:46.528 [pool-2-thread-5] DEBUG net.thucydides.core.reports.json.JSONTestOutcomeReporter - Generating JSON report for User register but no input firstname to file C:\Users\LENOVO-PC\OneDrive - IT-PLN\Dokumen\apenim\Diskusiaza-QE\REST API CAPSTONE\target\site\serenity\0e7c0521f011af671e6e81c0c440585dc8e423a6f28808f52c117d7b2ec409ee.json (using temp file C:\Users\LENOVO-PC\OneDrive - IT-PLN\Dokumen\apenim\Diskusiaza-QE\REST API CAPSTONE\target\site\serenity\0e7c0521f011af671e6e81c0c440585dc8e423a6f28808f52c117d7b2ec409ee.jsonba83d798-aa27-46bf-acce-86372ef95c8d)

22:26:46.528 [pool-2-thread-1] DEBUG net.thucydides.core.reports.ReportService - Processing test outcome As a user on register page:User register but no input lastname

22:26:46.528 [pool-2-thread-1] INFO net.thucydides.core.reports.ReportService - net.thucydides.core.reports.json.JSONTestOutcomeReporter@6bcc8898: Generating report for test outcome: As a user on register page:User register but no input lastname

22:26:46.530 [pool-2-thread-1] DEBUG net.thucydides.core.reports.json.JSONTestOutcomeReporter - Generating JSON report for User register but no input lastname to file C:\Users\LENOVO-PC\OneDrive - IT-PLN\Dokumen\apenim\Diskusiaza-QE\REST API CAPSTONE\target\site\serenity\23edc55c0fe60ab496e1846ed66e3065f66c9d253f252a3b1a2023add3cb5020.json (using temp file C:\Users\LENOVO-PC\OneDrive - IT-PLN\Dokumen\apenim\Diskusiaza-QE\REST API CAPSTONE\target\site\serenity\23edc55c0fe60ab496e1846ed66e3065f66c9d253f252a3b1a2023add3cb5020.json1cb4ee93-5049-4249-96e9-74ad41b44642)

22:26:46.531 [pool-2-thread-2] DEBUG net.thucydides.core.reports.ReportService - Processing test outcome As a user i can like or unlike thread:User unlike a thread done

22:26:46.532 [pool-2-thread-2] DEBUG net.thucydides.core.reports.ReportService - Processing test outcome As a user on register page:User register but no input email

22:26:46.532 [pool-2-thread-2] INFO net.thucydides.core.reports.ReportService - net.thucydides.core.reports.json.JSONTestOutcomeReporter@6bcc8898: Generating report for test outcome: As a user on register page:User register but no input email

22:26:46.535 [pool-2-thread-5] DEBUG net.thucydides.core.reports.ReportService - Processing test outcome As a user on register page:User register but no input firstname done

22:26:46.535 [pool-2-thread-5] DEBUG net.thucydides.core.reports.ReportService - Processing test outcome As a user on register page:User register but no input password

22:26:46.535 [pool-2-thread-5] INFO net.thucydides.core.reports.ReportService - net.thucydides.core.reports.json.JSONTestOutcomeReporter@6bcc8898: Generating report for test outcome: As a user on register page:User register but no input password

22:26:46.536 [pool-2-thread-2] DEBUG net.thucydides.core.reports.json.JSONTestOutcomeReporter - Generating JSON report for User register but no input email to file C:\Users\LENOVO-PC\OneDrive - IT-PLN\Dokumen\apenim\Diskusiaza-QE\REST API CAPSTONE\target\site\serenity\7f410c4d9179aad22f3951c19c263e6b7adbd40fc64768d431435d31b95237e3.json (using temp file C:\Users\LENOVO-PC\OneDrive - IT-PLN\Dokumen\apenim\Diskusiaza-QE\REST API CAPSTONE\target\site\serenity\7f410c4d9179aad22f3951c19c263e6b7adbd40fc64768d431435d31b95237e3.json1648c1f3-8051-4096-bf7c-46ecab6626d9)

22:26:46.537 [pool-2-thread-3] DEBUG net.thucydides.core.reports.json.JSONTestOutcomeReporter - Generating JSON report for User register with valid data to file C:\Users\LENOVO-PC\OneDrive - IT-PLN\Dokumen\apenim\Diskusiaza-QE\REST API CAPSTONE\target\site\serenity\e6851169e2bf5ea5142f259de15285d31c1fb7fd33f67903bef670a08db24b67.json (using temp file C:\Users\LENOVO-PC\OneDrive - IT-PLN\Dokumen\apenim\Diskusiaza-QE\REST API CAPSTONE\target\site\serenity\e6851169e2bf5ea5142f259de15285d31c1fb7fd33f67903bef670a08db24b67.json5fb98175-eb15-4e89-9990-6ea72129f43d)

22:26:46.537 [pool-2-thread-4] DEBUG net.thucydides.core.reports.ReportService - Processing test outcome As a user on profil page:User update data profile done

22:26:46.537 [pool-2-thread-4] DEBUG net.thucydides.core.reports.ReportService - Processing test outcome As a user on register page:User register but no input tanggal lahir

22:26:46.537 [pool-2-thread-4] INFO net.thucydides.core.reports.ReportService - net.thucydides.core.reports.json.JSONTestOutcomeReporter@6bcc8898: Generating report for test outcome: As a user on register page:User register but no input tanggal lahir

22:26:46.537 [pool-2-thread-5] DEBUG net.thucydides.core.reports.json.JSONTestOutcomeReporter - Generating JSON report for User register but no input password to file C:\Users\LENOVO-PC\OneDrive - IT-PLN\Dokumen\apenim\Diskusiaza-QE\REST API CAPSTONE\target\site\serenity\d970347056f8533cb008716d5000bca05bc66f523519aec91a2ef501985de763.json (using temp file C:\Users\LENOVO-PC\OneDrive - IT-PLN\Dokumen\apenim\Diskusiaza-QE\REST API CAPSTONE\target\site\serenity\d970347056f8533cb008716d5000bca05bc66f523519aec91a2ef501985de763.jsona5302c83-5580-4fe6-90f3-ba6815431ba4)

22:26:46.552 [pool-2-thread-6] DEBUG net.thucydides.core.reports.ReportService - Processing test outcome As a user on profil page:User get data profile done

22:26:46.553 [pool-2-thread-4] DEBUG net.thucydides.core.reports.json.JSONTestOutcomeReporter - Generating JSON report for User register but no input tanggal lahir to file C:\Users\LENOVO-PC\OneDrive - IT-PLN\Dokumen\apenim\Diskusiaza-QE\REST API CAPSTONE\target\site\serenity\087ef722d8d9869b50e36e5533bc281b53d34b9060d4661dffecf9623f9e38f6.json (using temp file C:\Users\LENOVO-PC\OneDrive - IT-PLN\Dokumen\apenim\Diskusiaza-QE\REST API CAPSTONE\target\site\serenity\087ef722d8d9869b50e36e5533bc281b53d34b9060d4661dffecf9623f9e38f6.json3401d711-3067-42b4-9629-ddbe86d18644)

22:26:46.553 [pool-2-thread-6] DEBUG net.thucydides.core.reports.ReportService - Processing test outcome As a user on register page:User register but no input jenis kelamin

22:26:46.553 [pool-2-thread-6] INFO net.thucydides.core.reports.ReportService - net.thucydides.core.reports.json.JSONTestOutcomeReporter@6bcc8898: Generating report for test outcome: As a user on register page:User register but no input jenis kelamin

22:26:46.554 [pool-2-thread-2] DEBUG net.thucydides.core.reports.ReportService - Processing test outcome As a user on register page:User register but no input email done

22:26:46.555 [pool-2-thread-2] DEBUG net.thucydides.core.reports.ReportService - Processing test outcome As a user on category thread:User get thread category

22:26:46.555 [pool-2-thread-2] INFO net.thucydides.core.reports.ReportService - net.thucydides.core.reports.json.JSONTestOutcomeReporter@6bcc8898: Generating report for test outcome: As a user on category thread:User get thread category

22:26:46.558 [pool-2-thread-6] DEBUG net.thucydides.core.reports.json.JSONTestOutcomeReporter - Generating JSON report for User register but no input jenis kelamin to file C:\Users\LENOVO-PC\OneDrive - IT-PLN\Dokumen\apenim\Diskusiaza-QE\REST API CAPSTONE\target\site\serenity\e7c32e9436c9a8379fe1df87c48af783a8379a012b3de18f371d4c46febcf883.json (using temp file C:\Users\LENOVO-PC\OneDrive - IT-PLN\Dokumen\apenim\Diskusiaza-QE\REST API CAPSTONE\target\site\serenity\e7c32e9436c9a8379fe1df87c48af783a8379a012b3de18f371d4c46febcf883.json3d74dcfe-e955-4ed8-99ce-9383ee6187d7)

22:26:46.562 [pool-2-thread-2] DEBUG net.thucydides.core.reports.json.JSONTestOutcomeReporter - Generating JSON report for User get thread category to file C:\Users\LENOVO-PC\OneDrive - IT-PLN\Dokumen\apenim\Diskusiaza-QE\REST API CAPSTONE\target\site\serenity\5eab7fe5b44ce415c78b3f6e82c9a656de32685f2cd8bc9f61e3107607e2f143.json (using temp file C:\Users\LENOVO-PC\OneDrive - IT-PLN\Dokumen\apenim\Diskusiaza-QE\REST API CAPSTONE\target\site\serenity\5eab7fe5b44ce415c78b3f6e82c9a656de32685f2cd8bc9f61e3107607e2f143.json54a16621-0f36-4e52-97b7-acdc730873b7)

22:26:46.563 [pool-2-thread-5] DEBUG net.thucydides.core.reports.ReportService - Processing test outcome As a user on register page:User register but no input password done

22:26:46.563 [pool-2-thread-5] DEBUG net.thucydides.core.reports.ReportService - Processing test outcome As a user on category thread:User get all thread

22:26:46.563 [pool-2-thread-5] INFO net.thucydides.core.reports.ReportService - net.thucydides.core.reports.json.JSONTestOutcomeReporter@6bcc8898: Generating report for test outcome: As a user on category thread:User get all thread

22:26:46.564 [pool-2-thread-5] DEBUG net.thucydides.core.reports.json.JSONTestOutcomeReporter - Generating JSON report for User get all thread to file C:\Users\LENOVO-PC\OneDrive - IT-PLN\Dokumen\apenim\Diskusiaza-QE\REST API CAPSTONE\target\site\serenity\ca3703a3b1078fd5c1c1f0898dd0b3a5817591927ed81f64a4a5fe05fdf57582.json (using temp file C:\Users\LENOVO-PC\OneDrive - IT-PLN\Dokumen\apenim\Diskusiaza-QE\REST API CAPSTONE\target\site\serenity\ca3703a3b1078fd5c1c1f0898dd0b3a5817591927ed81f64a4a5fe05fdf57582.json62a389c8-e0b6-4322-9f36-96a7226d9d24)

22:26:46.566 [pool-2-thread-4] DEBUG net.thucydides.core.reports.ReportService - Processing test outcome As a user on register page:User register but no input tanggal lahir done

22:26:46.566 [pool-2-thread-1] DEBUG net.thucydides.core.reports.ReportService - Processing test outcome As a user on register page:User register but no input lastname done

22:26:46.566 [pool-2-thread-4] DEBUG net.thucydides.core.reports.ReportService - Processing test outcome As a user on category thread:User get thread by id

22:26:46.567 [pool-2-thread-4] INFO net.thucydides.core.reports.ReportService - net.thucydides.core.reports.json.JSONTestOutcomeReporter@6bcc8898: Generating report for test outcome: As a user on category thread:User get thread by id

22:26:46.569 [pool-2-thread-4] DEBUG net.thucydides.core.reports.json.JSONTestOutcomeReporter - Generating JSON report for User get thread by id to file C:\Users\LENOVO-PC\OneDrive - IT-PLN\Dokumen\apenim\Diskusiaza-QE\REST API CAPSTONE\target\site\serenity\17182f9341d6cbd70762516e892f64ebdacdb99e057ef9e9e98189834b329210.json (using temp file C:\Users\LENOVO-PC\OneDrive - IT-PLN\Dokumen\apenim\Diskusiaza-QE\REST API CAPSTONE\target\site\serenity\17182f9341d6cbd70762516e892f64ebdacdb99e057ef9e9e98189834b329210.jsond0de5240-f35a-4cd8-a36c-afd42026b686)

22:26:46.573 [pool-2-thread-5] DEBUG net.thucydides.core.reports.ReportService - Processing test outcome As a user on category thread:User get all thread done

22:26:46.574 [pool-2-thread-4] DEBUG net.thucydides.core.reports.ReportService - Processing test outcome As a user on category thread:User get thread by id done

22:26:46.574 [pool-2-thread-6] DEBUG net.thucydides.core.reports.ReportService - Processing test outcome As a user on register page:User register but no input jenis kelamin done

22:26:46.575 [pool-2-thread-3] DEBUG net.thucydides.core.reports.ReportService - Processing test outcome As a user on register page:User register with valid data done

22:26:46.582 [pool-2-thread-2] DEBUG net.thucydides.core.reports.ReportService - Processing test outcome As a user on category thread:User get thread category done

22:26:46.582 [pool-2-thread-1] DEBUG net.thucydides.core.reports.ReportService - Shutting down executor service

22:26:46.583 [pool-2-thread-1] DEBUG net.thucydides.core.reports.ReportService - Reports generated in: 116 ms

22:26:46.583 [pool-2-thread-1] DEBUG net.thucydides.core.reports.ReportService - Generating reports for 18 test outcomes using: net.thucydides.core.reports.html.HtmlAcceptanceTestReporter@1796169f

22:26:46.585 [pool-3-thread-5] DEBUG net.thucydides.core.reports.ReportService - Processing test outcome As a user on login page:User input unvalid email and valid password

22:26:46.585 [pool-3-thread-6] DEBUG net.thucydides.core.reports.ReportService - Processing test outcome As a user on login page:User input unvalid email and unvalid password

22:26:46.585 [pool-3-thread-6] INFO net.thucydides.core.reports.ReportService - net.thucydides.core.reports.html.HtmlAcceptanceTestReporter@1796169f: Generating report for test outcome: As a user on login page:User input unvalid email and unvalid password

22:26:46.585 [pool-3-thread-5] INFO net.thucydides.core.reports.ReportService - net.thucydides.core.reports.html.HtmlAcceptanceTestReporter@1796169f: Generating report for test outcome: As a user on login page:User input unvalid email and valid password

22:26:46.585 [pool-3-thread-4] DEBUG net.thucydides.core.reports.ReportService - Processing test outcome As a user on login page:User input valid email and unvalid password

22:26:46.586 [pool-3-thread-4] INFO net.thucydides.core.reports.ReportService - net.thucydides.core.reports.html.HtmlAcceptanceTestReporter@1796169f: Generating report for test outcome: As a user on login page:User input valid email and unvalid password

22:26:46.586 [pool-3-thread-1] DEBUG net.thucydides.core.reports.ReportService - Processing test outcome As a user i can like or unlike thread:User like a thread

22:26:46.586 [pool-3-thread-1] INFO net.thucydides.core.reports.ReportService - net.thucydides.core.reports.html.HtmlAcceptanceTestReporter@1796169f: Generating report for test outcome: As a user i can like or unlike thread:User like a thread

22:26:46.587 [pool-3-thread-2] DEBUG net.thucydides.core.reports.ReportService - Processing test outcome As a user i can like or unlike thread:User unlike a thread

22:26:46.587 [pool-3-thread-2] INFO net.thucydides.core.reports.ReportService - net.thucydides.core.reports.html.HtmlAcceptanceTestReporter@1796169f: Generating report for test outcome: As a user i can like or unlike thread:User unlike a thread

22:26:46.588 [pool-3-thread-3] DEBUG net.thucydides.core.reports.ReportService - Processing test outcome As a user on login page:User input valid email and password

22:26:46.588 [pool-3-thread-3] INFO net.thucydides.core.reports.ReportService - net.thucydides.core.reports.html.HtmlAcceptanceTestReporter@1796169f: Generating report for test outcome: As a user on login page:User input valid email and password

22:26:46.638 [pool-3-thread-4] WARN net.thucydides.core.requirements.RequirementsTagProvider - Failed to load requirements: Illegal char <:> at index 4: file:\C:\Users\LENOVO-PC\OneDrive%20-%20IT-PLN\Dokumen\apenim\Diskusiaza-QE\REST%20API%20CAPSTONE\src\test\resources\api\Login.feature
java.nio.file.InvalidPathException: Illegal char <:> at index 4: file:\C:\Users\LENOVO-PC\OneDrive%20-%20IT-PLN\Dokumen\apenim\Diskusiaza-QE\REST%20API%20CAPSTONE\src\test\resources\api\Login.feature
	at java.base/sun.nio.fs.WindowsPathParser.normalize(WindowsPathParser.java:182)
	at java.base/sun.nio.fs.WindowsPathParser.parse(WindowsPathParser.java:153)
	at java.base/sun.nio.fs.WindowsPathParser.parse(WindowsPathParser.java:77)
	at java.base/sun.nio.fs.WindowsPath.parse(WindowsPath.java:92)
	at java.base/sun.nio.fs.WindowsFileSystem.getPath(WindowsFileSystem.java:232)
	at java.base/java.io.File.toPath(File.java:2387)
	at net.thucydides.core.requirements.RootDirectory.getRelativePathOf(RootDirectory.java:364)
	at net.thucydides.core.requirements.FileSystemRequirementsTagProvider.requirementWithMatchingPath(FileSystemRequirementsTagProvider.java:372)
	at net.thucydides.core.requirements.FileSystemRequirementsTagProvider.getParentRequirementOf(FileSystemRequirementsTagProvider.java:335)
	at net.thucydides.core.requirements.ParentRequirementsProvided.forOutcome(ParentRequirementsProvided.java:26)
	at net.thucydides.core.requirements.BaseRequirementsService.getParentRequirementOf(BaseRequirementsService.java:138)
	at net.thucydides.core.requirements.BaseRequirementsService.getParentRequirementFor(BaseRequirementsService.java:48)
	at net.thucydides.core.reports.html.HtmlAcceptanceTestReporter.addParentRequirmentFieldToContext(HtmlAcceptanceTestReporter.java:196)
	at net.thucydides.core.reports.html.HtmlAcceptanceTestReporter.addTestOutcomeToContext(HtmlAcceptanceTestReporter.java:190)
	at net.thucydides.core.reports.html.HtmlAcceptanceTestReporter.generateReportFor(HtmlAcceptanceTestReporter.java:105)
	at net.thucydides.core.reports.ReportService.generateReportFor(ReportService.java:246)
	at net.thucydides.core.reports.ReportService.lambda$generateReportsFor$0(ReportService.java:184)
	at java.base/java.util.concurrent.Executors$RunnableAdapter.call(Executors.java:539)
	at java.base/java.util.concurrent.FutureTask.run(FutureTask.java:264)
	at java.base/java.util.concurrent.ThreadPoolExecutor.runWorker(ThreadPoolExecutor.java:1136)
	at java.base/java.util.concurrent.ThreadPoolExecutor$Worker.run(ThreadPoolExecutor.java:635)
	at java.base/java.lang.Thread.run(Thread.java:833)

22:26:46.639 [pool-3-thread-5] WARN net.thucydides.core.requirements.RequirementsTagProvider - Failed to load requirements: Illegal char <:> at index 4: file:\C:\Users\LENOVO-PC\OneDrive%20-%20IT-PLN\Dokumen\apenim\Diskusiaza-QE\REST%20API%20CAPSTONE\src\test\resources\api\Login.feature
java.nio.file.InvalidPathException: Illegal char <:> at index 4: file:\C:\Users\LENOVO-PC\OneDrive%20-%20IT-PLN\Dokumen\apenim\Diskusiaza-QE\REST%20API%20CAPSTONE\src\test\resources\api\Login.feature
	at java.base/sun.nio.fs.WindowsPathParser.normalize(WindowsPathParser.java:182)
	at java.base/sun.nio.fs.WindowsPathParser.parse(WindowsPathParser.java:153)
	at java.base/sun.nio.fs.WindowsPathParser.parse(WindowsPathParser.java:77)
	at java.base/sun.nio.fs.WindowsPath.parse(WindowsPath.java:92)
	at java.base/sun.nio.fs.WindowsFileSystem.getPath(WindowsFileSystem.java:232)
	at java.base/java.io.File.toPath(File.java:2387)
	at net.thucydides.core.requirements.RootDirectory.getRelativePathOf(RootDirectory.java:364)
	at net.thucydides.core.requirements.FileSystemRequirementsTagProvider.requirementWithMatchingPath(FileSystemRequirementsTagProvider.java:372)
	at net.thucydides.core.requirements.FileSystemRequirementsTagProvider.getParentRequirementOf(FileSystemRequirementsTagProvider.java:335)
	at net.thucydides.core.requirements.ParentRequirementsProvided.forOutcome(ParentRequirementsProvided.java:26)
	at net.thucydides.core.requirements.BaseRequirementsService.getParentRequirementOf(BaseRequirementsService.java:138)
	at net.thucydides.core.requirements.BaseRequirementsService.getParentRequirementFor(BaseRequirementsService.java:48)
	at net.thucydides.core.reports.html.HtmlAcceptanceTestReporter.addParentRequirmentFieldToContext(HtmlAcceptanceTestReporter.java:196)
	at net.thucydides.core.reports.html.HtmlAcceptanceTestReporter.addTestOutcomeToContext(HtmlAcceptanceTestReporter.java:190)
	at net.thucydides.core.reports.html.HtmlAcceptanceTestReporter.generateReportFor(HtmlAcceptanceTestReporter.java:105)
	at net.thucydides.core.reports.ReportService.generateReportFor(ReportService.java:246)
	at net.thucydides.core.reports.ReportService.lambda$generateReportsFor$0(ReportService.java:184)
	at java.base/java.util.concurrent.Executors$RunnableAdapter.call(Executors.java:539)
	at java.base/java.util.concurrent.FutureTask.run(FutureTask.java:264)
	at java.base/java.util.concurrent.ThreadPoolExecutor.runWorker(ThreadPoolExecutor.java:1136)
	at java.base/java.util.concurrent.ThreadPoolExecutor$Worker.run(ThreadPoolExecutor.java:635)
	at java.base/java.lang.Thread.run(Thread.java:833)

22:26:46.639 [pool-3-thread-6] WARN net.thucydides.core.requirements.RequirementsTagProvider - Failed to load requirements: Illegal char <:> at index 4: file:\C:\Users\LENOVO-PC\OneDrive%20-%20IT-PLN\Dokumen\apenim\Diskusiaza-QE\REST%20API%20CAPSTONE\src\test\resources\api\Login.feature
java.nio.file.InvalidPathException: Illegal char <:> at index 4: file:\C:\Users\LENOVO-PC\OneDrive%20-%20IT-PLN\Dokumen\apenim\Diskusiaza-QE\REST%20API%20CAPSTONE\src\test\resources\api\Login.feature
	at java.base/sun.nio.fs.WindowsPathParser.normalize(WindowsPathParser.java:182)
	at java.base/sun.nio.fs.WindowsPathParser.parse(WindowsPathParser.java:153)
	at java.base/sun.nio.fs.WindowsPathParser.parse(WindowsPathParser.java:77)
	at java.base/sun.nio.fs.WindowsPath.parse(WindowsPath.java:92)
	at java.base/sun.nio.fs.WindowsFileSystem.getPath(WindowsFileSystem.java:232)
	at java.base/java.io.File.toPath(File.java:2387)
	at net.thucydides.core.requirements.RootDirectory.getRelativePathOf(RootDirectory.java:364)
	at net.thucydides.core.requirements.FileSystemRequirementsTagProvider.requirementWithMatchingPath(FileSystemRequirementsTagProvider.java:372)
	at net.thucydides.core.requirements.FileSystemRequirementsTagProvider.getParentRequirementOf(FileSystemRequirementsTagProvider.java:335)
	at net.thucydides.core.requirements.ParentRequirementsProvided.forOutcome(ParentRequirementsProvided.java:26)
	at net.thucydides.core.requirements.BaseRequirementsService.getParentRequirementOf(BaseRequirementsService.java:138)
	at net.thucydides.core.requirements.BaseRequirementsService.getParentRequirementFor(BaseRequirementsService.java:48)
	at net.thucydides.core.reports.html.HtmlAcceptanceTestReporter.addParentRequirmentFieldToContext(HtmlAcceptanceTestReporter.java:196)
	at net.thucydides.core.reports.html.HtmlAcceptanceTestReporter.addTestOutcomeToContext(HtmlAcceptanceTestReporter.java:190)
	at net.thucydides.core.reports.html.HtmlAcceptanceTestReporter.generateReportFor(HtmlAcceptanceTestReporter.java:105)
	at net.thucydides.core.reports.ReportService.generateReportFor(ReportService.java:246)
	at net.thucydides.core.reports.ReportService.lambda$generateReportsFor$0(ReportService.java:184)
	at java.base/java.util.concurrent.Executors$RunnableAdapter.call(Executors.java:539)
	at java.base/java.util.concurrent.FutureTask.run(FutureTask.java:264)
	at java.base/java.util.concurrent.ThreadPoolExecutor.runWorker(ThreadPoolExecutor.java:1136)
	at java.base/java.util.concurrent.ThreadPoolExecutor$Worker.run(ThreadPoolExecutor.java:635)
	at java.base/java.lang.Thread.run(Thread.java:833)

22:26:46.639 [pool-3-thread-3] WARN net.thucydides.core.requirements.RequirementsTagProvider - Failed to load requirements: Illegal char <:> at index 4: file:\C:\Users\LENOVO-PC\OneDrive%20-%20IT-PLN\Dokumen\apenim\Diskusiaza-QE\REST%20API%20CAPSTONE\src\test\resources\api\Login.feature
java.nio.file.InvalidPathException: Illegal char <:> at index 4: file:\C:\Users\LENOVO-PC\OneDrive%20-%20IT-PLN\Dokumen\apenim\Diskusiaza-QE\REST%20API%20CAPSTONE\src\test\resources\api\Login.feature
	at java.base/sun.nio.fs.WindowsPathParser.normalize(WindowsPathParser.java:182)
	at java.base/sun.nio.fs.WindowsPathParser.parse(WindowsPathParser.java:153)
	at java.base/sun.nio.fs.WindowsPathParser.parse(WindowsPathParser.java:77)
	at java.base/sun.nio.fs.WindowsPath.parse(WindowsPath.java:92)
	at java.base/sun.nio.fs.WindowsFileSystem.getPath(WindowsFileSystem.java:232)
	at java.base/java.io.File.toPath(File.java:2387)
	at net.thucydides.core.requirements.RootDirectory.getRelativePathOf(RootDirectory.java:364)
	at net.thucydides.core.requirements.FileSystemRequirementsTagProvider.requirementWithMatchingPath(FileSystemRequirementsTagProvider.java:372)
	at net.thucydides.core.requirements.FileSystemRequirementsTagProvider.getParentRequirementOf(FileSystemRequirementsTagProvider.java:335)
	at net.thucydides.core.requirements.ParentRequirementsProvided.forOutcome(ParentRequirementsProvided.java:26)
	at net.thucydides.core.requirements.BaseRequirementsService.getParentRequirementOf(BaseRequirementsService.java:138)
	at net.thucydides.core.requirements.BaseRequirementsService.getParentRequirementFor(BaseRequirementsService.java:48)
	at net.thucydides.core.reports.html.HtmlAcceptanceTestReporter.addParentRequirmentFieldToContext(HtmlAcceptanceTestReporter.java:196)
	at net.thucydides.core.reports.html.HtmlAcceptanceTestReporter.addTestOutcomeToContext(HtmlAcceptanceTestReporter.java:190)
	at net.thucydides.core.reports.html.HtmlAcceptanceTestReporter.generateReportFor(HtmlAcceptanceTestReporter.java:105)
	at net.thucydides.core.reports.ReportService.generateReportFor(ReportService.java:246)
	at net.thucydides.core.reports.ReportService.lambda$generateReportsFor$0(ReportService.java:184)
	at java.base/java.util.concurrent.Executors$RunnableAdapter.call(Executors.java:539)
	at java.base/java.util.concurrent.FutureTask.run(FutureTask.java:264)
	at java.base/java.util.concurrent.ThreadPoolExecutor.runWorker(ThreadPoolExecutor.java:1136)
	at java.base/java.util.concurrent.ThreadPoolExecutor$Worker.run(ThreadPoolExecutor.java:635)
	at java.base/java.lang.Thread.run(Thread.java:833)

22:26:46.640 [pool-3-thread-2] WARN net.thucydides.core.requirements.RequirementsTagProvider - Failed to load requirements: Illegal char <:> at index 4: file:\C:\Users\LENOVO-PC\OneDrive%20-%20IT-PLN\Dokumen\apenim\Diskusiaza-QE\REST%20API%20CAPSTONE\src\test\resources\api\LikeThread.feature
java.nio.file.InvalidPathException: Illegal char <:> at index 4: file:\C:\Users\LENOVO-PC\OneDrive%20-%20IT-PLN\Dokumen\apenim\Diskusiaza-QE\REST%20API%20CAPSTONE\src\test\resources\api\LikeThread.feature
	at java.base/sun.nio.fs.WindowsPathParser.normalize(WindowsPathParser.java:182)
	at java.base/sun.nio.fs.WindowsPathParser.parse(WindowsPathParser.java:153)
	at java.base/sun.nio.fs.WindowsPathParser.parse(WindowsPathParser.java:77)
	at java.base/sun.nio.fs.WindowsPath.parse(WindowsPath.java:92)
	at java.base/sun.nio.fs.WindowsFileSystem.getPath(WindowsFileSystem.java:232)
	at java.base/java.io.File.toPath(File.java:2387)
	at net.thucydides.core.requirements.RootDirectory.getRelativePathOf(RootDirectory.java:364)
	at net.thucydides.core.requirements.FileSystemRequirementsTagProvider.requirementWithMatchingPath(FileSystemRequirementsTagProvider.java:372)
	at net.thucydides.core.requirements.FileSystemRequirementsTagProvider.getParentRequirementOf(FileSystemRequirementsTagProvider.java:335)
	at net.thucydides.core.requirements.ParentRequirementsProvided.forOutcome(ParentRequirementsProvided.java:26)
	at net.thucydides.core.requirements.BaseRequirementsService.getParentRequirementOf(BaseRequirementsService.java:138)
	at net.thucydides.core.requirements.BaseRequirementsService.getParentRequirementFor(BaseRequirementsService.java:48)
	at net.thucydides.core.reports.html.HtmlAcceptanceTestReporter.addParentRequirmentFieldToContext(HtmlAcceptanceTestReporter.java:196)
	at net.thucydides.core.reports.html.HtmlAcceptanceTestReporter.addTestOutcomeToContext(HtmlAcceptanceTestReporter.java:190)
	at net.thucydides.core.reports.html.HtmlAcceptanceTestReporter.generateReportFor(HtmlAcceptanceTestReporter.java:105)
	at net.thucydides.core.reports.ReportService.generateReportFor(ReportService.java:246)
	at net.thucydides.core.reports.ReportService.lambda$generateReportsFor$0(ReportService.java:184)
	at java.base/java.util.concurrent.Executors$RunnableAdapter.call(Executors.java:539)
	at java.base/java.util.concurrent.FutureTask.run(FutureTask.java:264)
	at java.base/java.util.concurrent.ThreadPoolExecutor.runWorker(ThreadPoolExecutor.java:1136)
	at java.base/java.util.concurrent.ThreadPoolExecutor$Worker.run(ThreadPoolExecutor.java:635)
	at java.base/java.lang.Thread.run(Thread.java:833)

22:26:46.641 [pool-3-thread-1] WARN net.thucydides.core.requirements.RequirementsTagProvider - Failed to load requirements: Illegal char <:> at index 4: file:\C:\Users\LENOVO-PC\OneDrive%20-%20IT-PLN\Dokumen\apenim\Diskusiaza-QE\REST%20API%20CAPSTONE\src\test\resources\api\LikeThread.feature
java.nio.file.InvalidPathException: Illegal char <:> at index 4: file:\C:\Users\LENOVO-PC\OneDrive%20-%20IT-PLN\Dokumen\apenim\Diskusiaza-QE\REST%20API%20CAPSTONE\src\test\resources\api\LikeThread.feature
	at java.base/sun.nio.fs.WindowsPathParser.normalize(WindowsPathParser.java:182)
	at java.base/sun.nio.fs.WindowsPathParser.parse(WindowsPathParser.java:153)
	at java.base/sun.nio.fs.WindowsPathParser.parse(WindowsPathParser.java:77)
	at java.base/sun.nio.fs.WindowsPath.parse(WindowsPath.java:92)
	at java.base/sun.nio.fs.WindowsFileSystem.getPath(WindowsFileSystem.java:232)
	at java.base/java.io.File.toPath(File.java:2387)
	at net.thucydides.core.requirements.RootDirectory.getRelativePathOf(RootDirectory.java:364)
	at net.thucydides.core.requirements.FileSystemRequirementsTagProvider.requirementWithMatchingPath(FileSystemRequirementsTagProvider.java:372)
	at net.thucydides.core.requirements.FileSystemRequirementsTagProvider.getParentRequirementOf(FileSystemRequirementsTagProvider.java:335)
	at net.thucydides.core.requirements.ParentRequirementsProvided.forOutcome(ParentRequirementsProvided.java:26)
	at net.thucydides.core.requirements.BaseRequirementsService.getParentRequirementOf(BaseRequirementsService.java:138)
	at net.thucydides.core.requirements.BaseRequirementsService.getParentRequirementFor(BaseRequirementsService.java:48)
	at net.thucydides.core.reports.html.HtmlAcceptanceTestReporter.addParentRequirmentFieldToContext(HtmlAcceptanceTestReporter.java:196)
	at net.thucydides.core.reports.html.HtmlAcceptanceTestReporter.addTestOutcomeToContext(HtmlAcceptanceTestReporter.java:190)
	at net.thucydides.core.reports.html.HtmlAcceptanceTestReporter.generateReportFor(HtmlAcceptanceTestReporter.java:105)
	at net.thucydides.core.reports.ReportService.generateReportFor(ReportService.java:246)
	at net.thucydides.core.reports.ReportService.lambda$generateReportsFor$0(ReportService.java:184)
	at java.base/java.util.concurrent.Executors$RunnableAdapter.call(Executors.java:539)
	at java.base/java.util.concurrent.FutureTask.run(FutureTask.java:264)
	at java.base/java.util.concurrent.ThreadPoolExecutor.runWorker(ThreadPoolExecutor.java:1136)
	at java.base/java.util.concurrent.ThreadPoolExecutor$Worker.run(ThreadPoolExecutor.java:635)
	at java.base/java.lang.Thread.run(Thread.java:833)

22:26:46.644 [pool-3-thread-4] WARN net.thucydides.core.requirements.RequirementsTagProvider - Failed to load requirements: Illegal char <:> at index 4: file:\C:\Users\LENOVO-PC\OneDrive%20-%20IT-PLN\Dokumen\apenim\Diskusiaza-QE\REST%20API%20CAPSTONE\src\test\resources\api\Login.feature
java.nio.file.InvalidPathException: Illegal char <:> at index 4: file:\C:\Users\LENOVO-PC\OneDrive%20-%20IT-PLN\Dokumen\apenim\Diskusiaza-QE\REST%20API%20CAPSTONE\src\test\resources\api\Login.feature
	at java.base/sun.nio.fs.WindowsPathParser.normalize(WindowsPathParser.java:182)
	at java.base/sun.nio.fs.WindowsPathParser.parse(WindowsPathParser.java:153)
	at java.base/sun.nio.fs.WindowsPathParser.parse(WindowsPathParser.java:77)
	at java.base/sun.nio.fs.WindowsPath.parse(WindowsPath.java:92)
	at java.base/sun.nio.fs.WindowsFileSystem.getPath(WindowsFileSystem.java:232)
	at java.base/java.io.File.toPath(File.java:2387)
	at net.thucydides.core.requirements.RootDirectory.getRelativePathOf(RootDirectory.java:364)
	at net.thucydides.core.requirements.FileSystemRequirementsTagProvider.requirementWithMatchingPath(FileSystemRequirementsTagProvider.java:372)
	at net.thucydides.core.requirements.FileSystemRequirementsTagProvider.getParentRequirementOf(FileSystemRequirementsTagProvider.java:335)
	at net.thucydides.core.requirements.ParentRequirementsProvided.forOutcome(ParentRequirementsProvided.java:26)
	at net.thucydides.core.requirements.BaseRequirementsService.getParentRequirementOf(BaseRequirementsService.java:138)
	at net.thucydides.core.requirements.BaseRequirementsService.getAncestorRequirementsFor(BaseRequirementsService.java:78)
	at net.thucydides.core.reports.html.HtmlAcceptanceTestReporter.addBreadcrumbs(HtmlAcceptanceTestReporter.java:226)
	at net.thucydides.core.reports.html.HtmlAcceptanceTestReporter.addParentRequirmentFieldToContext(HtmlAcceptanceTestReporter.java:214)
	at net.thucydides.core.reports.html.HtmlAcceptanceTestReporter.addTestOutcomeToContext(HtmlAcceptanceTestReporter.java:190)
	at net.thucydides.core.reports.html.HtmlAcceptanceTestReporter.generateReportFor(HtmlAcceptanceTestReporter.java:105)
	at net.thucydides.core.reports.ReportService.generateReportFor(ReportService.java:246)
	at net.thucydides.core.reports.ReportService.lambda$generateReportsFor$0(ReportService.java:184)
	at java.base/java.util.concurrent.Executors$RunnableAdapter.call(Executors.java:539)
	at java.base/java.util.concurrent.FutureTask.run(FutureTask.java:264)
	at java.base/java.util.concurrent.ThreadPoolExecutor.runWorker(ThreadPoolExecutor.java:1136)
	at java.base/java.util.concurrent.ThreadPoolExecutor$Worker.run(ThreadPoolExecutor.java:635)
	at java.base/java.lang.Thread.run(Thread.java:833)

22:26:46.644 [pool-3-thread-2] WARN net.thucydides.core.requirements.RequirementsTagProvider - Failed to load requirements: Illegal char <:> at index 4: file:\C:\Users\LENOVO-PC\OneDrive%20-%20IT-PLN\Dokumen\apenim\Diskusiaza-QE\REST%20API%20CAPSTONE\src\test\resources\api\LikeThread.feature
java.nio.file.InvalidPathException: Illegal char <:> at index 4: file:\C:\Users\LENOVO-PC\OneDrive%20-%20IT-PLN\Dokumen\apenim\Diskusiaza-QE\REST%20API%20CAPSTONE\src\test\resources\api\LikeThread.feature
	at java.base/sun.nio.fs.WindowsPathParser.normalize(WindowsPathParser.java:182)
	at java.base/sun.nio.fs.WindowsPathParser.parse(WindowsPathParser.java:153)
	at java.base/sun.nio.fs.WindowsPathParser.parse(WindowsPathParser.java:77)
	at java.base/sun.nio.fs.WindowsPath.parse(WindowsPath.java:92)
	at java.base/sun.nio.fs.WindowsFileSystem.getPath(WindowsFileSystem.java:232)
	at java.base/java.io.File.toPath(File.java:2387)
	at net.thucydides.core.requirements.RootDirectory.getRelativePathOf(RootDirectory.java:364)
	at net.thucydides.core.requirements.FileSystemRequirementsTagProvider.requirementWithMatchingPath(FileSystemRequirementsTagProvider.java:372)
	at net.thucydides.core.requirements.FileSystemRequirementsTagProvider.getParentRequirementOf(FileSystemRequirementsTagProvider.java:335)
	at net.thucydides.core.requirements.ParentRequirementsProvided.forOutcome(ParentRequirementsProvided.java:26)
	at net.thucydides.core.requirements.BaseRequirementsService.getParentRequirementOf(BaseRequirementsService.java:138)
	at net.thucydides.core.requirements.BaseRequirementsService.getAncestorRequirementsFor(BaseRequirementsService.java:78)
	at net.thucydides.core.reports.html.HtmlAcceptanceTestReporter.addBreadcrumbs(HtmlAcceptanceTestReporter.java:226)
	at net.thucydides.core.reports.html.HtmlAcceptanceTestReporter.addParentRequirmentFieldToContext(HtmlAcceptanceTestReporter.java:214)
	at net.thucydides.core.reports.html.HtmlAcceptanceTestReporter.addTestOutcomeToContext(HtmlAcceptanceTestReporter.java:190)
	at net.thucydides.core.reports.html.HtmlAcceptanceTestReporter.generateReportFor(HtmlAcceptanceTestReporter.java:105)
	at net.thucydides.core.reports.ReportService.generateReportFor(ReportService.java:246)
	at net.thucydides.core.reports.ReportService.lambda$generateReportsFor$0(ReportService.java:184)
	at java.base/java.util.concurrent.Executors$RunnableAdapter.call(Executors.java:539)
	at java.base/java.util.concurrent.FutureTask.run(FutureTask.java:264)
	at java.base/java.util.concurrent.ThreadPoolExecutor.runWorker(ThreadPoolExecutor.java:1136)
	at java.base/java.util.concurrent.ThreadPoolExecutor$Worker.run(ThreadPoolExecutor.java:635)
	at java.base/java.lang.Thread.run(Thread.java:833)

22:26:46.647 [pool-3-thread-3] WARN net.thucydides.core.requirements.RequirementsTagProvider - Failed to load requirements: Illegal char <:> at index 4: file:\C:\Users\LENOVO-PC\OneDrive%20-%20IT-PLN\Dokumen\apenim\Diskusiaza-QE\REST%20API%20CAPSTONE\src\test\resources\api\Login.feature
java.nio.file.InvalidPathException: Illegal char <:> at index 4: file:\C:\Users\LENOVO-PC\OneDrive%20-%20IT-PLN\Dokumen\apenim\Diskusiaza-QE\REST%20API%20CAPSTONE\src\test\resources\api\Login.feature
	at java.base/sun.nio.fs.WindowsPathParser.normalize(WindowsPathParser.java:182)
	at java.base/sun.nio.fs.WindowsPathParser.parse(WindowsPathParser.java:153)
	at java.base/sun.nio.fs.WindowsPathParser.parse(WindowsPathParser.java:77)
	at java.base/sun.nio.fs.WindowsPath.parse(WindowsPath.java:92)
	at java.base/sun.nio.fs.WindowsFileSystem.getPath(WindowsFileSystem.java:232)
	at java.base/java.io.File.toPath(File.java:2387)
	at net.thucydides.core.requirements.RootDirectory.getRelativePathOf(RootDirectory.java:364)
	at net.thucydides.core.requirements.FileSystemRequirementsTagProvider.requirementWithMatchingPath(FileSystemRequirementsTagProvider.java:372)
	at net.thucydides.core.requirements.FileSystemRequirementsTagProvider.getParentRequirementOf(FileSystemRequirementsTagProvider.java:335)
	at net.thucydides.core.requirements.ParentRequirementsProvided.forOutcome(ParentRequirementsProvided.java:26)
	at net.thucydides.core.requirements.BaseRequirementsService.getParentRequirementOf(BaseRequirementsService.java:138)
	at net.thucydides.core.requirements.BaseRequirementsService.getAncestorRequirementsFor(BaseRequirementsService.java:78)
	at net.thucydides.core.reports.html.HtmlAcceptanceTestReporter.addBreadcrumbs(HtmlAcceptanceTestReporter.java:226)
	at net.thucydides.core.reports.html.HtmlAcceptanceTestReporter.addParentRequirmentFieldToContext(HtmlAcceptanceTestReporter.java:214)
	at net.thucydides.core.reports.html.HtmlAcceptanceTestReporter.addTestOutcomeToContext(HtmlAcceptanceTestReporter.java:190)
	at net.thucydides.core.reports.html.HtmlAcceptanceTestReporter.generateReportFor(HtmlAcceptanceTestReporter.java:105)
	at net.thucydides.core.reports.ReportService.generateReportFor(ReportService.java:246)
	at net.thucydides.core.reports.ReportService.lambda$generateReportsFor$0(ReportService.java:184)
	at java.base/java.util.concurrent.Executors$RunnableAdapter.call(Executors.java:539)
	at java.base/java.util.concurrent.FutureTask.run(FutureTask.java:264)
	at java.base/java.util.concurrent.ThreadPoolExecutor.runWorker(ThreadPoolExecutor.java:1136)
	at java.base/java.util.concurrent.ThreadPoolExecutor$Worker.run(ThreadPoolExecutor.java:635)
	at java.base/java.lang.Thread.run(Thread.java:833)

22:26:46.647 [pool-3-thread-1] WARN net.thucydides.core.requirements.RequirementsTagProvider - Failed to load requirements: Illegal char <:> at index 4: file:\C:\Users\LENOVO-PC\OneDrive%20-%20IT-PLN\Dokumen\apenim\Diskusiaza-QE\REST%20API%20CAPSTONE\src\test\resources\api\LikeThread.feature
java.nio.file.InvalidPathException: Illegal char <:> at index 4: file:\C:\Users\LENOVO-PC\OneDrive%20-%20IT-PLN\Dokumen\apenim\Diskusiaza-QE\REST%20API%20CAPSTONE\src\test\resources\api\LikeThread.feature
	at java.base/sun.nio.fs.WindowsPathParser.normalize(WindowsPathParser.java:182)
	at java.base/sun.nio.fs.WindowsPathParser.parse(WindowsPathParser.java:153)
	at java.base/sun.nio.fs.WindowsPathParser.parse(WindowsPathParser.java:77)
	at java.base/sun.nio.fs.WindowsPath.parse(WindowsPath.java:92)
	at java.base/sun.nio.fs.WindowsFileSystem.getPath(WindowsFileSystem.java:232)
	at java.base/java.io.File.toPath(File.java:2387)
	at net.thucydides.core.requirements.RootDirectory.getRelativePathOf(RootDirectory.java:364)
	at net.thucydides.core.requirements.FileSystemRequirementsTagProvider.requirementWithMatchingPath(FileSystemRequirementsTagProvider.java:372)
	at net.thucydides.core.requirements.FileSystemRequirementsTagProvider.getParentRequirementOf(FileSystemRequirementsTagProvider.java:335)
	at net.thucydides.core.requirements.ParentRequirementsProvided.forOutcome(ParentRequirementsProvided.java:26)
	at net.thucydides.core.requirements.BaseRequirementsService.getParentRequirementOf(BaseRequirementsService.java:138)
	at net.thucydides.core.requirements.BaseRequirementsService.getAncestorRequirementsFor(BaseRequirementsService.java:78)
	at net.thucydides.core.reports.html.HtmlAcceptanceTestReporter.addBreadcrumbs(HtmlAcceptanceTestReporter.java:226)
	at net.thucydides.core.reports.html.HtmlAcceptanceTestReporter.addParentRequirmentFieldToContext(HtmlAcceptanceTestReporter.java:214)
	at net.thucydides.core.reports.html.HtmlAcceptanceTestReporter.addTestOutcomeToContext(HtmlAcceptanceTestReporter.java:190)
	at net.thucydides.core.reports.html.HtmlAcceptanceTestReporter.generateReportFor(HtmlAcceptanceTestReporter.java:105)
	at net.thucydides.core.reports.ReportService.generateReportFor(ReportService.java:246)
	at net.thucydides.core.reports.ReportService.lambda$generateReportsFor$0(ReportService.java:184)
	at java.base/java.util.concurrent.Executors$RunnableAdapter.call(Executors.java:539)
	at java.base/java.util.concurrent.FutureTask.run(FutureTask.java:264)
	at java.base/java.util.concurrent.ThreadPoolExecutor.runWorker(ThreadPoolExecutor.java:1136)
	at java.base/java.util.concurrent.ThreadPoolExecutor$Worker.run(ThreadPoolExecutor.java:635)
	at java.base/java.lang.Thread.run(Thread.java:833)

22:26:46.647 [pool-3-thread-6] WARN net.thucydides.core.requirements.RequirementsTagProvider - Failed to load requirements: Illegal char <:> at index 4: file:\C:\Users\LENOVO-PC\OneDrive%20-%20IT-PLN\Dokumen\apenim\Diskusiaza-QE\REST%20API%20CAPSTONE\src\test\resources\api\Login.feature
java.nio.file.InvalidPathException: Illegal char <:> at index 4: file:\C:\Users\LENOVO-PC\OneDrive%20-%20IT-PLN\Dokumen\apenim\Diskusiaza-QE\REST%20API%20CAPSTONE\src\test\resources\api\Login.feature
	at java.base/sun.nio.fs.WindowsPathParser.normalize(WindowsPathParser.java:182)
	at java.base/sun.nio.fs.WindowsPathParser.parse(WindowsPathParser.java:153)
	at java.base/sun.nio.fs.WindowsPathParser.parse(WindowsPathParser.java:77)
	at java.base/sun.nio.fs.WindowsPath.parse(WindowsPath.java:92)
	at java.base/sun.nio.fs.WindowsFileSystem.getPath(WindowsFileSystem.java:232)
	at java.base/java.io.File.toPath(File.java:2387)
	at net.thucydides.core.requirements.RootDirectory.getRelativePathOf(RootDirectory.java:364)
	at net.thucydides.core.requirements.FileSystemRequirementsTagProvider.requirementWithMatchingPath(FileSystemRequirementsTagProvider.java:372)
	at net.thucydides.core.requirements.FileSystemRequirementsTagProvider.getParentRequirementOf(FileSystemRequirementsTagProvider.java:335)
	at net.thucydides.core.requirements.ParentRequirementsProvided.forOutcome(ParentRequirementsProvided.java:26)
	at net.thucydides.core.requirements.BaseRequirementsService.getParentRequirementOf(BaseRequirementsService.java:138)
	at net.thucydides.core.requirements.BaseRequirementsService.getAncestorRequirementsFor(BaseRequirementsService.java:78)
	at net.thucydides.core.reports.html.HtmlAcceptanceTestReporter.addBreadcrumbs(HtmlAcceptanceTestReporter.java:226)
	at net.thucydides.core.reports.html.HtmlAcceptanceTestReporter.addParentRequirmentFieldToContext(HtmlAcceptanceTestReporter.java:214)
	at net.thucydides.core.reports.html.HtmlAcceptanceTestReporter.addTestOutcomeToContext(HtmlAcceptanceTestReporter.java:190)
[...]
	at java.base/jdk.internal.reflect.DelegatingMethodAccessorImpl.invoke(DelegatingMethodAccessorImpl.java:43)
	at java.base/java.lang.reflect.Method.invoke(Method.java:568)
	at org.codehaus.groovy.reflection.CachedMethod.invoke(CachedMethod.java:107)
	at groovy.lang.MetaMethod.doMethodInvoke(MetaMethod.java:323)
	at groovy.lang.MetaClassImpl.invokeMethod(MetaClassImpl.java:1267)
	at org.codehaus.groovy.runtime.ScriptBytecodeAdapter.invokeMethodOnSuperN(ScriptBytecodeAdapter.java:144)
	at io.restassured.internal.ValidatableResponseImpl.body(ValidatableResponseImpl.groovy:298)
	at io.restassured.internal.ValidatableResponseImpl.body(ValidatableResponseImpl.groovy)
	at rest.api@1.0-SNAPSHOT/Starter.Thread.ThreadCategory.lambda$receiveThreadById$1(ThreadCategory.java:25)
	at net.serenitybdd.rest.SerenityRest.restAssuredThat(SerenityRest.java:626)
	at rest.api@1.0-SNAPSHOT/Starter.Thread.ThreadCategory.receiveThreadById(ThreadCategory.java:25)
	at rest.api@1.0-SNAPSHOT/Starter.Thread.ThreadCategory$ByteBuddy$n7DqPtVp.receiveThreadById$accessor$TdwMGRze(Unknown Source)
	at java.base/jdk.internal.reflect.NativeMethodAccessorImpl.invoke0(Native Method)
	at java.base/jdk.internal.reflect.NativeMethodAccessorImpl.invoke(NativeMethodAccessorImpl.java:77)
	at java.base/jdk.internal.reflect.DelegatingMethodAccessorImpl.invoke(DelegatingMethodAccessorImpl.java:43)
	at java.base/java.lang.reflect.Method.invoke(Method.java:568)
	at net.thucydides.core.steps.StepInterceptor.invokeMethod(StepInterceptor.java:492)
	at net.thucydides.core.steps.StepInterceptor.executeTestStepMethod(StepInterceptor.java:472)
	at net.thucydides.core.steps.StepInterceptor.runTestStep(StepInterceptor.java:445)
	at net.thucydides.core.steps.StepInterceptor.runOrSkipMethod(StepInterceptor.java:201)
	at net.thucydides.core.steps.StepInterceptor.testStepResult(StepInterceptor.java:188)
	at net.thucydides.core.steps.StepInterceptor.intercept(StepInterceptor.java:76)
	at net.thucydides.core.steps.ProxyConfiguration$InterceptorDispatcher.intercept(ProxyConfiguration.java:51)
	at rest.api@1.0-SNAPSHOT/Starter.Thread.ThreadCategory$ByteBuddy$n7DqPtVp.receiveThreadById(Unknown Source)
	at rest.api@1.0-SNAPSHOT/Starter.StepDefinitions.ThreadSteps.detailsCategory(ThreadSteps.java:32)
	at âœ½.user receive details category thread(file:///C:/Users/LENOVO-PC/OneDrive%20-%20IT-PLN/Dokumen/apenim/Diskusiaza-QE/REST%20API%20CAPSTONE/src/test/resources/api/Thread.feature:7)
&amp#27;[0m
]]></system-out>
  </testcase>
  <testcase name="User get all thread" classname="As a user on category thread" time="0.148">
    <failure message="1 expectation failed.&#10;JSON path &apos;data&apos;.&apos;id&apos; doesn&apos;t match.&#10;Expected: 1&#10;  Actual: null&#10;" type="java.lang.AssertionError"><![CDATA[java.lang.AssertionError: 
1 expectation failed.
JSON path 'data'.'id' doesn't match.
Expected: 1
  Actual: null

]]></failure>
    <system-out><![CDATA[
Scenario: User get all thread             &amp#27;[90m# src/test/resources/api/Thread.feature:9&amp#27;[0m
22:26:45.944 [pool-2-thread-1] INFO io.cucumber.core.plugin.SerenityReporter - Running feature from file:///C:/Users/LENOVO-PC/OneDrive%20-%20IT-PLN/Dokumen/apenim/Diskusiaza-QE/REST%20API%20CAPSTONE/src/test/resources/api/Thread.feature
22:26:45.944 [pool-2-thread-1] WARN io.cucumber.core.plugin.SerenityReporter - Feature from file:///C:/Users/LENOVO-PC/OneDrive%20-%20IT-PLN/Dokumen/apenim/Diskusiaza-QE/REST%20API%20CAPSTONE/src/test/resources/api/Thread.feature is not under the 'features' directory. Requirements report will not be correctly generated!
22:26:45.946 [pool-2-thread-1] INFO  - 
  _____   ___   ___   _____     ___   _____     _     ___   _____   ___   ___  
 |_   _| | __| / __| |_   _|   / __| |_   _|   /_\   | _ \ |_   _| | __| |   \ 
   | |   | _|  \__ \   | |     \__ \   | |    / _ \  |   /   | |   | _|  | |) |
   |_|   |___| |___/   |_|     |___/   |_|   /_/ \_\ |_|_\   |_|   |___| |___/ 

User get all thread(as-a-user-on-category-thread;user-get-all-thread)
--------------------------------------------------------------------------------
22:26:45.953 [pool-2-thread-1] DEBUG net.thucydides.core.steps.StepInterceptor - STARTING STEP: ThreadSteps.setGetAllThread - setGetThreadCategoryEndpoints
22:26:45.954 [pool-2-thread-1] DEBUG net.thucydides.core.steps.StepInterceptor - STEP DONE: setGetThreadCategoryEndpoints
  &amp#27;[32mGiven &amp#27;[0m&amp#27;[32muser set get all thread endpoints&amp#27;[0m &amp#27;[90m# Starter.StepDefinitions.ThreadSteps.setGetAllThread()&amp#27;[0m
22:26:45.957 [pool-2-thread-1] DEBUG net.thucydides.core.steps.StepInterceptor - STARTING STEP: ThreadSteps.sendGetAllThread - sendGetThreadCategoryEndpoints
22:26:45.959 [pool-2-thread-1] DEBUG net.thucydides.core.steps.StepInterceptor - STARTING STEP: ThreadById.sendGetThreadCategoryEndpoints - setGetThreadCategoryEndpoints
22:26:45.959 [pool-2-thread-1] DEBUG net.thucydides.core.steps.StepInterceptor - STEP DONE: setGetThreadCategoryEndpoints
22:26:46.064 [pool-2-thread-1] DEBUG net.thucydides.core.steps.StepInterceptor - STEP DONE: sendGetThreadCategoryEndpoints
  &amp#27;[32mWhen &amp#27;[0m&amp#27;[32muser send get all thread endpoints&amp#27;[0m &amp#27;[90m# Starter.StepDefinitions.ThreadSteps.sendGetAllThread()&amp#27;[0m
22:26:46.067 [pool-2-thread-1] DEBUG net.thucydides.core.steps.StepInterceptor - STARTING STEP: ThreadSteps.getResponseCode200 - getResponseCode200
22:26:46.068 [pool-2-thread-1] DEBUG net.thucydides.core.steps.StepInterceptor - STEP DONE: getResponseCode200
  &amp#27;[32mThen &amp#27;[0m&amp#27;[32muser get response code2 200&amp#27;[0m        &amp#27;[90m# Starter.StepDefinitions.ThreadSteps.getResponseCode200()&amp#27;[0m
22:26:46.071 [pool-2-thread-1] DEBUG net.thucydides.core.steps.StepInterceptor - STARTING STEP: ThreadSteps.receiveDetailsAllThread - receiveMassageLikeSucces
  &amp#27;[31mAnd &amp#27;[0m&amp#27;[31muser receive details all thread&amp#27;[0m     &amp#27;[90m# Starter.StepDefinitions.ThreadSteps.receiveDetailsAllThread()&amp#27;[0m
      &amp#27;[31mjava.lang.AssertionError: 1 expectation failed.
JSON path 'data'.'id' doesn't match.
Expected: 1
  Actual: null

	at java.base/jdk.internal.reflect.NativeConstructorAccessorImpl.newInstance0(Native Method)
	at java.base/jdk.internal.reflect.NativeConstructorAccessorImpl.newInstance(NativeConstructorAccessorImpl.java:77)
	at java.base/jdk.internal.reflect.DelegatingConstructorAccessorImpl.newInstance(DelegatingConstructorAccessorImpl.java:45)
	at java.base/java.lang.reflect.Constructor.newInstanceWithCaller(Constructor.java:499)
	at java.base/java.lang.reflect.Constructor.newInstance(Constructor.java:480)
	at org.codehaus.groovy.reflection.CachedConstructor.invoke(CachedConstructor.java:72)
	at org.codehaus.groovy.runtime.callsite.ConstructorSite$ConstructorSiteNoUnwrapNoCoerce.callConstructor(ConstructorSite.java:105)
	at org.codehaus.groovy.runtime.callsite.AbstractCallSite.callConstructor(AbstractCallSite.java:277)
	at io.restassured.internal.ResponseSpecificationImpl$HamcrestAssertionClosure.validate(ResponseSpecificationImpl.groovy:493)
	at io.restassured.internal.ResponseSpecificationImpl$HamcrestAssertionClosure$validate$1.call(Unknown Source)
	at io.restassured.internal.ResponseSpecificationImpl.validateResponseIfRequired(ResponseSpecificationImpl.groovy:674)
	at jdk.internal.reflect.GeneratedMethodAccessor90.invoke(Unknown Source)
	at java.base/jdk.internal.reflect.DelegatingMethodAccessorImpl.invoke(DelegatingMethodAccessorImpl.java:43)
	at java.base/java.lang.reflect.Method.invoke(Method.java:568)
	at org.codehaus.groovy.runtime.callsite.PlainObjectMetaMethodSite.doInvoke(PlainObjectMetaMethodSite.java:43)
	at org.codehaus.groovy.runtime.callsite.PogoMetaMethodSite$PogoCachedMethodSiteNoUnwrapNoCoerce.invoke(PogoMetaMethodSite.java:193)
	at org.codehaus.groovy.runtime.callsite.PogoMetaMethodSite.callCurrent(PogoMetaMethodSite.java:61)
	at org.codehaus.groovy.runtime.callsite.AbstractCallSite.callCurrent(AbstractCallSite.java:185)
	at io.restassured.internal.ResponseSpecificationImpl.body(ResponseSpecificationImpl.groovy:261)
	at io.restassured.specification.ResponseSpecification$body$1.callCurrent(Unknown Source)
	at io.restassured.internal.ResponseSpecificationImpl.body(ResponseSpecificationImpl.groovy:108)
	at io.restassured.internal.ValidatableResponseOptionsImpl.body(ValidatableResponseOptionsImpl.java:244)
	at io.restassured.internal.ValidatableResponseImpl.super$2$body(ValidatableResponseImpl.groovy)
	at java.base/jdk.internal.reflect.NativeMethodAccessorImpl.invoke0(Native Method)
	at java.base/jdk.internal.reflect.NativeMethodAccessorImpl.invoke(NativeMethodAccessorImpl.java:77)
	at java.base/jdk.internal.reflect.DelegatingMethodAccessorImpl.invoke(DelegatingMethodAccessorImpl.java:43)
	at java.base/java.lang.reflect.Method.invoke(Method.java:568)
	at org.codehaus.groovy.reflection.CachedMethod.invoke(CachedMethod.java:107)
	at groovy.lang.MetaMethod.doMethodInvoke(MetaMethod.java:323)
	at groovy.lang.MetaClassImpl.invokeMethod(MetaClassImpl.java:1267)
	at org.codehaus.groovy.runtime.ScriptBytecodeAdapter.invokeMethodOnSuperN(ScriptBytecodeAdapter.java:144)
	at io.restassured.internal.ValidatableResponseImpl.body(ValidatableResponseImpl.groovy:298)
	at io.restassured.internal.ValidatableResponseImpl.body(ValidatableResponseImpl.groovy)
	at rest.api@1.0-SNAPSHOT/Starter.Thread.ThreadById.lambda$receiveMassageLikeSucces$1(ThreadById.java:23)
	at net.serenitybdd.rest.SerenityRest.restAssuredThat(SerenityRest.java:626)
	at rest.api@1.0-SNAPSHOT/Starter.Thread.ThreadById.receiveMassageLikeSucces(ThreadById.java:23)
	at rest.api@1.0-SNAPSHOT/Starter.Thread.ThreadById$ByteBuddy$tTXdy4wB.receiveMassageLikeSucces$accessor$5V3o2xqN(Unknown Source)
	at java.base/jdk.internal.reflect.NativeMethodAccessorImpl.invoke0(Native Method)
	at java.base/jdk.internal.reflect.NativeMethodAccessorImpl.invoke(NativeMethodAccessorImpl.java:77)
	at java.base/jdk.internal.reflect.DelegatingMethodAccessorImpl.invoke(DelegatingMethodAccessorImpl.java:43)
	at java.base/java.lang.reflect.Method.invoke(Method.java:568)
	at net.thucydides.core.steps.StepInterceptor.invokeMethod(StepInterceptor.java:492)
	at net.thucydides.core.steps.StepInterceptor.executeTestStepMethod(StepInterceptor.java:472)
	at net.thucydides.core.steps.StepInterceptor.runTestStep(StepInterceptor.java:445)
	at net.thucydides.core.steps.StepInterceptor.runOrSkipMethod(StepInterceptor.java:201)
	at net.thucydides.core.steps.StepInterceptor.testStepResult(StepInterceptor.java:188)
	at net.thucydides.core.steps.StepInterceptor.intercept(StepInterceptor.java:76)
	at net.thucydides.core.steps.ProxyConfiguration$InterceptorDispatcher.intercept(ProxyConfiguration.java:51)
	at rest.api@1.0-SNAPSHOT/Starter.Thread.ThreadById$ByteBuddy$tTXdy4wB.receiveMassageLikeSucces(Unknown Source)
	at rest.api@1.0-SNAPSHOT/Starter.StepDefinitions.ThreadSteps.receiveDetailsAllThread(ThreadSteps.java:49)
	at âœ½.user receive details all thread(file:///C:/Users/LENOVO-PC/OneDrive%20-%20IT-PLN/Dokumen/apenim/Diskusiaza-QE/REST%20API%20CAPSTONE/src/test/resources/api/Thread.feature:13)
&amp#27;[0m
]]></system-out>
  </testcase>
  <testcase name="User get thread by id" classname="As a user on category thread" time="0.226">
    <failure message="1 expectation failed.&#10;JSON path &apos;data&apos;.&apos;id&apos; doesn&apos;t match.&#10;Expected: 1&#10;  Actual: null&#10;" type="java.lang.AssertionError"><![CDATA[java.lang.AssertionError: 
1 expectation failed.
JSON path 'data'.'id' doesn't match.
Expected: 1
  Actual: null

]]></failure>
    <system-out><![CDATA[
Scenario: User get thread by id             &amp#27;[90m# src/test/resources/api/Thread.feature:15&amp#27;[0m
22:26:46.092 [pool-2-thread-1] INFO io.cucumber.core.plugin.SerenityReporter - Running feature from file:///C:/Users/LENOVO-PC/OneDrive%20-%20IT-PLN/Dokumen/apenim/Diskusiaza-QE/REST%20API%20CAPSTONE/src/test/resources/api/Thread.feature
22:26:46.092 [pool-2-thread-1] WARN io.cucumber.core.plugin.SerenityReporter - Feature from file:///C:/Users/LENOVO-PC/OneDrive%20-%20IT-PLN/Dokumen/apenim/Diskusiaza-QE/REST%20API%20CAPSTONE/src/test/resources/api/Thread.feature is not under the 'features' directory. Requirements report will not be correctly generated!
22:26:46.094 [pool-2-thread-1] INFO  - 
  _____   ___   ___   _____     ___   _____     _     ___   _____   ___   ___  
 |_   _| | __| / __| |_   _|   / __| |_   _|   /_\   | _ \ |_   _| | __| |   \ 
   | |   | _|  \__ \   | |     \__ \   | |    / _ \  |   /   | |   | _|  | |) |
   |_|   |___| |___/   |_|     |___/   |_|   /_/ \_\ |_|_\   |_|   |___| |___/ 

User get thread by id(as-a-user-on-category-thread;user-get-thread-by-id)
--------------------------------------------------------------------------------
22:26:46.103 [pool-2-thread-1] DEBUG net.thucydides.core.steps.StepInterceptor - STARTING STEP: ThreadSteps.setGetThreadById - setGetThreadEndpoints
22:26:46.103 [pool-2-thread-1] DEBUG net.thucydides.core.steps.StepInterceptor - STEP DONE: setGetThreadEndpoints
  &amp#27;[32mGiven &amp#27;[0m&amp#27;[32muser set get thread by id endpoints&amp#27;[0m &amp#27;[90m# Starter.StepDefinitions.ThreadSteps.setGetThreadById()&amp#27;[0m
22:26:46.106 [pool-2-thread-1] DEBUG net.thucydides.core.steps.StepInterceptor - STARTING STEP: ThreadSteps.sendGetThreadById - sendGetThreadEndpoints
22:26:46.109 [pool-2-thread-1] DEBUG net.thucydides.core.steps.StepInterceptor - STARTING STEP: Thread.sendGetThreadEndpoints - setGetThreadEndpoints
22:26:46.109 [pool-2-thread-1] DEBUG net.thucydides.core.steps.StepInterceptor - STEP DONE: setGetThreadEndpoints
22:26:46.294 [pool-2-thread-1] DEBUG net.thucydides.core.steps.StepInterceptor - STEP DONE: sendGetThreadEndpoints
  &amp#27;[32mWhen &amp#27;[0m&amp#27;[32muser send get thread by id endpoints&amp#27;[0m &amp#27;[90m# Starter.StepDefinitions.ThreadSteps.sendGetThreadById()&amp#27;[0m
22:26:46.296 [pool-2-thread-1] DEBUG net.thucydides.core.steps.StepInterceptor - STARTING STEP: ThreadSteps.getResponse3Code200 - getResponseCode200
22:26:46.298 [pool-2-thread-1] DEBUG net.thucydides.core.steps.StepInterceptor - STEP DONE: getResponseCode200
  &amp#27;[32mThen &amp#27;[0m&amp#27;[32muser get response code3 200&amp#27;[0m          &amp#27;[90m# Starter.StepDefinitions.ThreadSteps.getResponse3Code200()&amp#27;[0m
22:26:46.300 [pool-2-thread-1] DEBUG net.thucydides.core.steps.StepInterceptor - STARTING STEP: ThreadSteps.receiveThreadById - receiveMassageLikeSucces
  &amp#27;[31mAnd &amp#27;[0m&amp#27;[31muser receive thread by id&amp#27;[0m             &amp#27;[90m# Starter.StepDefinitions.ThreadSteps.receiveThreadById()&amp#27;[0m
      &amp#27;[31mjava.lang.AssertionError: 1 expectation failed.
JSON path 'data'.'id' doesn't match.
Expected: 1
  Actual: null

	at java.base/jdk.internal.reflect.NativeConstructorAccessorImpl.newInstance0(Native Method)
	at java.base/jdk.internal.reflect.NativeConstructorAccessorImpl.newInstance(NativeConstructorAccessorImpl.java:77)
	at java.base/jdk.internal.reflect.DelegatingConstructorAccessorImpl.newInstance(DelegatingConstructorAccessorImpl.java:45)
	at java.base/java.lang.reflect.Constructor.newInstanceWithCaller(Constructor.java:499)
	at java.base/java.lang.reflect.Constructor.newInstance(Constructor.java:480)
	at org.codehaus.groovy.reflection.CachedConstructor.invoke(CachedConstructor.java:72)
	at org.codehaus.groovy.runtime.callsite.ConstructorSite$ConstructorSiteNoUnwrapNoCoerce.callConstructor(ConstructorSite.java:105)
	at org.codehaus.groovy.runtime.callsite.AbstractCallSite.callConstructor(AbstractCallSite.java:277)
	at io.restassured.internal.ResponseSpecificationImpl$HamcrestAssertionClosure.validate(ResponseSpecificationImpl.groovy:493)
	at io.restassured.internal.ResponseSpecificationImpl$HamcrestAssertionClosure$validate$1.call(Unknown Source)
	at io.restassured.internal.ResponseSpecificationImpl.validateResponseIfRequired(ResponseSpecificationImpl.groovy:674)
	at jdk.internal.reflect.GeneratedMethodAccessor90.invoke(Unknown Source)
	at java.base/jdk.internal.reflect.DelegatingMethodAccessorImpl.invoke(DelegatingMethodAccessorImpl.java:43)
	at java.base/java.lang.reflect.Method.invoke(Method.java:568)
	at org.codehaus.groovy.runtime.callsite.PlainObjectMetaMethodSite.doInvoke(PlainObjectMetaMethodSite.java:43)
	at org.codehaus.groovy.runtime.callsite.PogoMetaMethodSite$PogoCachedMethodSiteNoUnwrapNoCoerce.invoke(PogoMetaMethodSite.java:193)
	at org.codehaus.groovy.runtime.callsite.PogoMetaMethodSite.callCurrent(PogoMetaMethodSite.java:61)
	at org.codehaus.groovy.runtime.callsite.AbstractCallSite.callCurrent(AbstractCallSite.java:185)
	at io.restassured.internal.ResponseSpecificationImpl.body(ResponseSpecificationImpl.groovy:261)
	at io.restassured.specification.ResponseSpecification$body$1.callCurrent(Unknown Source)
	at io.restassured.internal.ResponseSpecificationImpl.body(ResponseSpecificationImpl.groovy:108)
	at io.restassured.internal.ValidatableResponseOptionsImpl.body(ValidatableResponseOptionsImpl.java:244)
	at io.restassured.internal.ValidatableResponseImpl.super$2$body(ValidatableResponseImpl.groovy)
	at java.base/jdk.internal.reflect.NativeMethodAccessorImpl.invoke0(Native Method)
	at java.base/jdk.internal.reflect.NativeMethodAccessorImpl.invoke(NativeMethodAccessorImpl.java:77)
	at java.base/jdk.internal.reflect.DelegatingMethodAccessorImpl.invoke(DelegatingMethodAccessorImpl.java:43)
	at java.base/java.lang.reflect.Method.invoke(Method.java:568)
	at org.codehaus.groovy.reflection.CachedMethod.invoke(CachedMethod.java:107)
	at groovy.lang.MetaMethod.doMethodInvoke(MetaMethod.java:323)
	at groovy.lang.MetaClassImpl.invokeMethod(MetaClassImpl.java:1267)
	at org.codehaus.groovy.runtime.ScriptBytecodeAdapter.invokeMethodOnSuperN(ScriptBytecodeAdapter.java:144)
	at io.restassured.internal.ValidatableResponseImpl.body(ValidatableResponseImpl.groovy:298)
	at io.restassured.internal.ValidatableResponseImpl.body(ValidatableResponseImpl.groovy)
	at rest.api@1.0-SNAPSHOT/Starter.Thread.Thread.lambda$receiveMassageLikeSucces$1(Thread.java:27)
	at net.serenitybdd.rest.SerenityRest.restAssuredThat(SerenityRest.java:626)
	at rest.api@1.0-SNAPSHOT/Starter.Thread.Thread.receiveMassageLikeSucces(Thread.java:27)
	at rest.api@1.0-SNAPSHOT/Starter.Thread.Thread$ByteBuddy$ntBGc7Jm.receiveMassageLikeSucces$accessor$r5d5qNvu(Unknown Source)
	at java.base/jdk.internal.reflect.NativeMethodAccessorImpl.invoke0(Native Method)
	at java.base/jdk.internal.reflect.NativeMethodAccessorImpl.invoke(NativeMethodAccessorImpl.java:77)
	at java.base/jdk.internal.reflect.DelegatingMethodAccessorImpl.invoke(DelegatingMethodAccessorImpl.java:43)
	at java.base/java.lang.reflect.Method.invoke(Method.java:568)
	at net.thucydides.core.steps.StepInterceptor.invokeMethod(StepInterceptor.java:492)
	at net.thucydides.core.steps.StepInterceptor.executeTestStepMethod(StepInterceptor.java:472)
	at net.thucydides.core.steps.StepInterceptor.runTestStep(StepInterceptor.java:445)
	at net.thucydides.core.steps.StepInterceptor.runOrSkipMethod(StepInterceptor.java:201)
	at net.thucydides.core.steps.StepInterceptor.testStepResult(StepInterceptor.java:188)
	at net.thucydides.core.steps.StepInterceptor.intercept(StepInterceptor.java:76)
	at net.thucydides.core.steps.ProxyConfiguration$InterceptorDispatcher.intercept(ProxyConfiguration.java:51)
	at rest.api@1.0-SNAPSHOT/Starter.Thread.Thread$ByteBuddy$ntBGc7Jm.receiveMassageLikeSucces(Unknown Source)
	at rest.api@1.0-SNAPSHOT/Starter.StepDefinitions.ThreadSteps.receiveThreadById(ThreadSteps.java:66)
	at âœ½.user receive thread by id(file:///C:/Users/LENOVO-PC/OneDrive%20-%20IT-PLN/Dokumen/apenim/Diskusiaza-QE/REST%20API%20CAPSTONE/src/test/resources/api/Thread.feature:19)
&amp#27;[0m
]]></system-out>
  </testcase>
</testsuite>