<?xml version="1.0" encoding="UTF-8"?>
<testsuite xmlns:xsi="http://www.w3.org/2001/XMLSchema-instance" xsi:noNamespaceSchemaLocation="https://maven.apache.org/surefire/maven-failsafe-plugin/xsd/failsafe-test-report-3.0.xsd" version="3.0" name="As a user on profil page" time="4.542" tests="2" errors="0" skipped="0" failures="2">
  <properties>
[...]
</properties>
  <testcase name="User get data profile" classname="As a user on profil page" time="4.19">
    <failure message="1 expectation failed.&#10;Expected status code &lt;200&gt; but was &lt;503&gt;.&#10;" type="java.lang.AssertionError"><![CDATA[java.lang.AssertionError: 
1 expectation failed.
Expected status code <200> but was <503>.

]]></failure>
    <system-out><![CDATA[01:46:08.272 [pool-2-thread-1] INFO io.cucumber.core.plugin.SerenityReporter - Running feature from file:///C:/Users/LENOVO-PC/OneDrive%20-%20IT-PLN/Dokumen/apenim/Diskusiaza-QE/REST%20API%20CAPSTONE/src/test/resources/api/LikeThread.feature

01:46:08.276 [pool-2-thread-1] WARN io.cucumber.core.plugin.SerenityReporter - Feature from file:///C:/Users/LENOVO-PC/OneDrive%20-%20IT-PLN/Dokumen/apenim/Diskusiaza-QE/REST%20API%20CAPSTONE/src/test/resources/api/LikeThread.feature is not under the 'features' directory. Requirements report will not be correctly generated!

01:46:08.488 [pool-2-thread-1] INFO  - 

-------------------------------------------------------------------------------------
     _______. _______ .______       _______ .__   __.  __  .___________.____    ____ 
    /       ||   ____||   _  \     |   ____||  \ |  | |  | |           |\   \  /   / 
   |   (----`|  |__   |  |_)  |    |  |__   |   \|  | |  | `---|  |----` \   \/   /  
    \   \    |   __|  |      /     |   __|  |  . `  | |  |     |  |       \_    _/   
.----)   |   |  |____ |  |\  \----.|  |____ |  |\   | |  |     |  |         |  |     
|_______/    |_______|| _| `._____||_______||__| \__| |__|     |__|         |__|    
                                                                                     
 News and tutorials at http://www.serenity-bdd.info                                  
 Documentation at https://wakaleo.gitbooks.io/the-serenity-book/content/             
 Join the Serenity Community on Gitter: https://gitter.im/serenity-bdd/serenity-core 
 Serenity BDD Support and Training at http://serenity-bdd.info/#/trainingandsupport  
-------------------------------------------------------------------------------------


01:46:08.492 [pool-2-thread-1] DEBUG net.thucydides.core.steps.StepEventBus - Test suite started for story net.thucydides.core.model.Story@672bf22c

01:46:08.497 [pool-2-thread-1] INFO  - Test Suite Started: As a user i can like or unlike thread

01:46:08.516 [pool-2-thread-1] INFO io.cucumber.core.plugin.SerenityReporter - Running feature from file:///C:/Users/LENOVO-PC/OneDrive%20-%20IT-PLN/Dokumen/apenim/Diskusiaza-QE/REST%20API%20CAPSTONE/src/test/resources/api/Login.feature

01:46:08.516 [pool-2-thread-1] WARN io.cucumber.core.plugin.SerenityReporter - Feature from file:///C:/Users/LENOVO-PC/OneDrive%20-%20IT-PLN/Dokumen/apenim/Diskusiaza-QE/REST%20API%20CAPSTONE/src/test/resources/api/Login.feature is not under the 'features' directory. Requirements report will not be correctly generated!

01:46:08.524 [pool-2-thread-1] DEBUG net.thucydides.core.steps.StepEventBus - Test suite started for story net.thucydides.core.model.Story@99892d51

01:46:08.524 [pool-2-thread-1] INFO  - Test Suite Started: As a user on login page

01:46:08.525 [pool-2-thread-1] INFO io.cucumber.core.plugin.SerenityReporter - Running feature from file:///C:/Users/LENOVO-PC/OneDrive%20-%20IT-PLN/Dokumen/apenim/Diskusiaza-QE/REST%20API%20CAPSTONE/src/test/resources/api/Profile.feature

01:46:08.525 [pool-2-thread-1] WARN io.cucumber.core.plugin.SerenityReporter - Feature from file:///C:/Users/LENOVO-PC/OneDrive%20-%20IT-PLN/Dokumen/apenim/Diskusiaza-QE/REST%20API%20CAPSTONE/src/test/resources/api/Profile.feature is not under the 'features' directory. Requirements report will not be correctly generated!

01:46:08.530 [pool-2-thread-1] DEBUG net.thucydides.core.steps.StepEventBus - Test suite started for story net.thucydides.core.model.Story@b8acb2a

01:46:08.531 [pool-2-thread-1] INFO  - Test Suite Started: As a user on profil page

01:46:08.531 [pool-2-thread-1] INFO io.cucumber.core.plugin.SerenityReporter - Running feature from file:///C:/Users/LENOVO-PC/OneDrive%20-%20IT-PLN/Dokumen/apenim/Diskusiaza-QE/REST%20API%20CAPSTONE/src/test/resources/api/Register.feature

01:46:08.531 [pool-2-thread-1] WARN io.cucumber.core.plugin.SerenityReporter - Feature from file:///C:/Users/LENOVO-PC/OneDrive%20-%20IT-PLN/Dokumen/apenim/Diskusiaza-QE/REST%20API%20CAPSTONE/src/test/resources/api/Register.feature is not under the 'features' directory. Requirements report will not be correctly generated!

01:46:08.539 [pool-2-thread-1] DEBUG net.thucydides.core.steps.StepEventBus - Test suite started for story net.thucydides.core.model.Story@2fbe3d7f

01:46:08.540 [pool-2-thread-1] INFO  - Test Suite Started: As a user on register page

01:46:08.540 [pool-2-thread-1] INFO io.cucumber.core.plugin.SerenityReporter - Running feature from file:///C:/Users/LENOVO-PC/OneDrive%20-%20IT-PLN/Dokumen/apenim/Diskusiaza-QE/REST%20API%20CAPSTONE/src/test/resources/api/Thread.feature

01:46:08.540 [pool-2-thread-1] WARN io.cucumber.core.plugin.SerenityReporter - Feature from file:///C:/Users/LENOVO-PC/OneDrive%20-%20IT-PLN/Dokumen/apenim/Diskusiaza-QE/REST%20API%20CAPSTONE/src/test/resources/api/Thread.feature is not under the 'features' directory. Requirements report will not be correctly generated!

01:46:08.545 [pool-2-thread-1] DEBUG net.thucydides.core.steps.StepEventBus - Test suite started for story net.thucydides.core.model.Story@d2b5f566

01:46:08.546 [pool-2-thread-1] INFO  - Test Suite Started: As a user on category thread

01:46:08.546 [pool-2-thread-1] INFO io.cucumber.core.plugin.SerenityReporter - Running feature from file:///C:/Users/LENOVO-PC/OneDrive%20-%20IT-PLN/Dokumen/apenim/Diskusiaza-QE/REST%20API%20CAPSTONE/src/test/resources/api/ThreadAll.feature

01:46:08.546 [pool-2-thread-1] WARN io.cucumber.core.plugin.SerenityReporter - Feature from file:///C:/Users/LENOVO-PC/OneDrive%20-%20IT-PLN/Dokumen/apenim/Diskusiaza-QE/REST%20API%20CAPSTONE/src/test/resources/api/ThreadAll.feature is not under the 'features' directory. Requirements report will not be correctly generated!

01:46:08.550 [pool-2-thread-1] DEBUG net.thucydides.core.steps.StepEventBus - Test suite started for story net.thucydides.core.model.Story@d5e3d6e7

01:46:08.551 [pool-2-thread-1] INFO  - Test Suite Started: As a user on Buat Thread Page

01:46:12.746 [pool-2-thread-1] ERROR  - 
  _____   ___   ___   _____     ___     _     ___   _      ___   ___  
 |_   _| | __| / __| |_   _|   | __|   /_\   |_ _| | |    | __| |   \ 
   | |   | _|  \__ \   | |     | _|   / _ \   | |  | |__  | _|  | |) |
   |_|   |___| |___/   |_|     |_|   /_/ \_\ |___| |____| |___| |___/ 

User get data profile
-----------------------------------------------------------------------

01:46:12.748 [pool-2-thread-1] DEBUG  - RELATED ISSUES: 

01:46:12.818 [pool-2-thread-1] ERROR  -     Test failed at step: Getprofile response code200

01:46:12.818 [pool-2-thread-1] ERROR  -     1 expectation failed.Expected status code <200> but was <503>.

01:46:13.097 [pool-2-thread-1] ERROR  - 
  _____   ___   ___   _____     ___     _     ___   _      ___   ___  
 |_   _| | __| / __| |_   _|   | __|   /_\   |_ _| | |    | __| |   \ 
   | |   | _|  \__ \   | |     | _|   / _ \   | |  | |__  | _|  | |) |
   |_|   |___| |___/   |_|     |_|   /_/ \_\ |___| |____| |___| |___/ 

User update data profile
-----------------------------------------------------------------------

01:46:13.097 [pool-2-thread-1] DEBUG  - RELATED ISSUES: 

01:46:13.097 [pool-2-thread-1] ERROR  -     Test failed at step: Get valid response code200

01:46:13.097 [pool-2-thread-1] ERROR  -     1 expectation failed.Expected status code <200> but was <503>.



&amp#27;[31mFailed scenarios:&amp#27;[0m

file:///C:/Users/LENOVO-PC/OneDrive%20-%20IT-PLN/Dokumen/apenim/Diskusiaza-QE/REST%20API%20CAPSTONE/src/test/resources/api/Profile.feature:4 # User get data profile

file:///C:/Users/LENOVO-PC/OneDrive%20-%20IT-PLN/Dokumen/apenim/Diskusiaza-QE/REST%20API%20CAPSTONE/src/test/resources/api/Profile.feature:10 # User update data profile



2
 Scenarios (
&amp#27;[31m2 failed&amp#27;[0m
)

8
 Steps (
&amp#27;[31m2 failed&amp#27;[0m
, 
&amp#27;[36m2 skipped&amp#27;[0m
, 
&amp#27;[32m4 passed&amp#27;[0m
)

0m
4.836s





java.lang.AssertionError: 1 expectation failed.
Expected status code <200> but was <503>.


	at java.base/jdk.internal.reflect.NativeConstructorAccessorImpl.newInstance0(Native Method)

	at java.base/jdk.internal.reflect.NativeConstructorAccessorImpl.newInstance(NativeConstructorAccessorImpl.java:77)

	at java.base/jdk.internal.reflect.DelegatingConstructorAccessorImpl.newInstance(DelegatingConstructorAccessorImpl.java:45)

	at java.base/java.lang.reflect.Constructor.newInstanceWithCaller(Constructor.java:499)

	at java.base/java.lang.reflect.Constructor.newInstance(Constructor.java:480)

	at org.codehaus.groovy.reflection.CachedConstructor.invoke(CachedConstructor.java:72)

	at org.codehaus.groovy.runtime.callsite.ConstructorSite$ConstructorSiteNoUnwrapNoCoerce.callConstructor(ConstructorSite.java:105)

	at org.codehaus.groovy.runtime.callsite.CallSiteArray.defaultCallConstructor(CallSiteArray.java:59)

	at org.codehaus.groovy.runtime.callsite.AbstractCallSite.callConstructor(AbstractCallSite.java:263)

	at org.codehaus.groovy.runtime.callsite.AbstractCallSite.callConstructor(AbstractCallSite.java:277)

	at io.restassured.internal.ResponseSpecificationImpl$HamcrestAssertionClosure.validate(ResponseSpecificationImpl.groovy:493)

	at io.restassured.internal.ResponseSpecificationImpl$HamcrestAssertionClosure$validate$1.call(Unknown Source)

	at org.codehaus.groovy.runtime.callsite.CallSiteArray.defaultCall(CallSiteArray.java:47)

	at org.codehaus.groovy.runtime.callsite.AbstractCallSite.call(AbstractCallSite.java:125)

	at org.codehaus.groovy.runtime.callsite.AbstractCallSite.call(AbstractCallSite.java:139)

	at io.restassured.internal.ResponseSpecificationImpl.validateResponseIfRequired(ResponseSpecificationImpl.groovy:674)

	at java.base/jdk.internal.reflect.NativeMethodAccessorImpl.invoke0(Native Method)

	at java.base/jdk.internal.reflect.NativeMethodAccessorImpl.invoke(NativeMethodAccessorImpl.java:77)

	at java.base/jdk.internal.reflect.DelegatingMethodAccessorImpl.invoke(DelegatingMethodAccessorImpl.java:43)

	at java.base/java.lang.reflect.Method.invoke(Method.java:568)

	at org.codehaus.groovy.runtime.callsite.PlainObjectMetaMethodSite.doInvoke(PlainObjectMetaMethodSite.java:43)

	at org.codehaus.groovy.runtime.callsite.PogoMetaMethodSite$PogoCachedMethodSiteNoUnwrapNoCoerce.invoke(PogoMetaMethodSite.java:193)

	at org.codehaus.groovy.runtime.callsite.PogoMetaMethodSite.callCurrent(PogoMetaMethodSite.java:61)

	at org.codehaus.groovy.runtime.callsite.CallSiteArray.defaultCallCurrent(CallSiteArray.java:51)

	at org.codehaus.groovy.runtime.callsite.AbstractCallSite.callCurrent(AbstractCallSite.java:171)

	at org.codehaus.groovy.runtime.callsite.AbstractCallSite.callCurrent(AbstractCallSite.java:185)

	at io.restassured.internal.ResponseSpecificationImpl.statusCode(ResponseSpecificationImpl.groovy:126)

	at io.restassured.specification.ResponseSpecification$statusCode$0.callCurrent(Unknown Source)

	at org.codehaus.groovy.runtime.callsite.CallSiteArray.defaultCallCurrent(CallSiteArray.java:51)

	at org.codehaus.groovy.runtime.callsite.AbstractCallSite.callCurrent(AbstractCallSite.java:171)

	at org.codehaus.groovy.runtime.callsite.AbstractCallSite.callCurrent(AbstractCallSite.java:185)

	at io.restassured.internal.ResponseSpecificationImpl.statusCode(ResponseSpecificationImpl.groovy:134)

	at io.restassured.internal.ValidatableResponseOptionsImpl.statusCode(ValidatableResponseOptionsImpl.java:89)

	at io.restassured.internal.ValidatableResponseImpl.super$2$statusCode(ValidatableResponseImpl.groovy)

	at java.base/jdk.internal.reflect.NativeMethodAccessorImpl.invoke0(Native Method)

	at java.base/jdk.internal.reflect.NativeMethodAccessorImpl.invoke(NativeMethodAccessorImpl.java:77)

	at java.base/jdk.internal.reflect.DelegatingMethodAccessorImpl.invoke(DelegatingMethodAccessorImpl.java:43)

	at java.base/java.lang.reflect.Method.invoke(Method.java:568)

	at org.codehaus.groovy.reflection.CachedMethod.invoke(CachedMethod.java:107)

	at groovy.lang.MetaMethod.doMethodInvoke(MetaMethod.java:323)

	at groovy.lang.MetaClassImpl.invokeMethod(MetaClassImpl.java:1267)

	at org.codehaus.groovy.runtime.ScriptBytecodeAdapter.invokeMethodOnSuperN(ScriptBytecodeAdapter.java:144)

	at io.restassured.internal.ValidatableResponseImpl.statusCode(ValidatableResponseImpl.groovy:142)

	at io.restassured.internal.ValidatableResponseImpl.statusCode(ValidatableResponseImpl.groovy)

	at rest.api@1.0-SNAPSHOT/Starter.Profile.GetProfile.lambda$getprofileResponseCode200$0(GetProfile.java:21)

	at net.serenitybdd.rest.SerenityRest.restAssuredThat(SerenityRest.java:626)

	at rest.api@1.0-SNAPSHOT/Starter.Profile.GetProfile.getprofileResponseCode200(GetProfile.java:21)

	at rest.api@1.0-SNAPSHOT/Starter.Profile.GetProfile$ByteBuddy$KfgsOyf1.getprofileResponseCode200$accessor$0tFhllLT(Unknown Source)

	at java.base/jdk.internal.reflect.NativeMethodAccessorImpl.invoke0(Native Method)

	at java.base/jdk.internal.reflect.NativeMethodAccessorImpl.invoke(NativeMethodAccessorImpl.java:77)

	at java.base/jdk.internal.reflect.DelegatingMethodAccessorImpl.invoke(DelegatingMethodAccessorImpl.java:43)

	at java.base/java.lang.reflect.Method.invoke(Method.java:568)

	at net.thucydides.core.steps.StepInterceptor.invokeMethod(StepInterceptor.java:492)

	at net.thucydides.core.steps.StepInterceptor.executeTestStepMethod(StepInterceptor.java:472)

	at net.thucydides.core.steps.StepInterceptor.runTestStep(StepInterceptor.java:445)

	at net.thucydides.core.steps.StepInterceptor.runOrSkipMethod(StepInterceptor.java:201)

	at net.thucydides.core.steps.StepInterceptor.testStepResult(StepInterceptor.java:188)

	at net.thucydides.core.steps.StepInterceptor.intercept(StepInterceptor.java:76)

	at net.thucydides.core.steps.ProxyConfiguration$InterceptorDispatcher.intercept(ProxyConfiguration.java:51)

	at rest.api@1.0-SNAPSHOT/Starter.Profile.GetProfile$ByteBuddy$KfgsOyf1.getprofileResponseCode200(Unknown Source)

	at rest.api@1.0-SNAPSHOT/Starter.StepDefinitions.Profile.succesgetresponcode200(Profile.java:26)

	at ?.user get response code 200(file:///C:/Users/LENOVO-PC/OneDrive%20-%20IT-PLN/Dokumen/apenim/Diskusiaza-QE/REST%20API%20CAPSTONE/src/test/resources/api/Profile.feature:7)



java.lang.AssertionError: 1 expectation failed.
Expected status code <200> but was <503>.


	at java.base/jdk.internal.reflect.NativeConstructorAccessorImpl.newInstance0(Native Method)

	at java.base/jdk.internal.reflect.NativeConstructorAccessorImpl.newInstance(NativeConstructorAccessorImpl.java:77)

	at java.base/jdk.internal.reflect.DelegatingConstructorAccessorImpl.newInstance(DelegatingConstructorAccessorImpl.java:45)

	at java.base/java.lang.reflect.Constructor.newInstanceWithCaller(Constructor.java:499)

	at java.base/java.lang.reflect.Constructor.newInstance(Constructor.java:480)

	at org.codehaus.groovy.reflection.CachedConstructor.invoke(CachedConstructor.java:72)

	at org.codehaus.groovy.runtime.callsite.ConstructorSite$ConstructorSiteNoUnwrapNoCoerce.callConstructor(ConstructorSite.java:105)

	at org.codehaus.groovy.runtime.callsite.AbstractCallSite.callConstructor(AbstractCallSite.java:277)

	at io.restassured.internal.ResponseSpecificationImpl$HamcrestAssertionClosure.validate(ResponseSpecificationImpl.groovy:493)

	at io.restassured.internal.ResponseSpecificationImpl$HamcrestAssertionClosure$validate$1.call(Unknown Source)

	at io.restassured.internal.ResponseSpecificationImpl.validateResponseIfRequired(ResponseSpecificationImpl.groovy:674)

	at java.base/jdk.internal.reflect.NativeMethodAccessorImpl.invoke0(Native Method)

	at java.base/jdk.internal.reflect.NativeMethodAccessorImpl.invoke(NativeMethodAccessorImpl.java:77)

	at java.base/jdk.internal.reflect.DelegatingMethodAccessorImpl.invoke(DelegatingMethodAccessorImpl.java:43)

	at java.base/java.lang.reflect.Method.invoke(Method.java:568)

	at org.codehaus.groovy.runtime.callsite.PlainObjectMetaMethodSite.doInvoke(PlainObjectMetaMethodSite.java:43)

	at org.codehaus.groovy.runtime.callsite.PogoMetaMethodSite$PogoCachedMethodSiteNoUnwrapNoCoerce.invoke(PogoMetaMethodSite.java:193)

	at org.codehaus.groovy.runtime.callsite.PogoMetaMethodSite.callCurrent(PogoMetaMethodSite.java:61)

	at org.codehaus.groovy.runtime.callsite.AbstractCallSite.callCurrent(AbstractCallSite.java:185)

	at io.restassured.internal.ResponseSpecificationImpl.statusCode(ResponseSpecificationImpl.groovy:126)

	at io.restassured.specification.ResponseSpecification$statusCode$0.callCurrent(Unknown Source)

	at io.restassured.internal.ResponseSpecificationImpl.statusCode(ResponseSpecificationImpl.groovy:134)

	at io.restassured.internal.ValidatableResponseOptionsImpl.statusCode(ValidatableResponseOptionsImpl.java:89)

	at io.restassured.internal.ValidatableResponseImpl.super$2$statusCode(ValidatableResponseImpl.groovy)

	at java.base/jdk.internal.reflect.NativeMethodAccessorImpl.invoke0(Native Method)

	at java.base/jdk.internal.reflect.NativeMethodAccessorImpl.invoke(NativeMethodAccessorImpl.java:77)

	at java.base/jdk.internal.reflect.DelegatingMethodAccessorImpl.invoke(DelegatingMethodAccessorImpl.java:43)

	at java.base/java.lang.reflect.Method.invoke(Method.java:568)

	at org.codehaus.groovy.reflection.CachedMethod.invoke(CachedMethod.java:107)

	at groovy.lang.MetaMethod.doMethodInvoke(MetaMethod.java:323)

	at groovy.lang.MetaClassImpl.invokeMethod(MetaClassImpl.java:1267)

	at org.codehaus.groovy.runtime.ScriptBytecodeAdapter.invokeMethodOnSuperN(ScriptBytecodeAdapter.java:144)

	at io.restassured.internal.ValidatableResponseImpl.statusCode(ValidatableResponseImpl.groovy:142)

	at io.restassured.internal.ValidatableResponseImpl.statusCode(ValidatableResponseImpl.groovy)

	at rest.api@1.0-SNAPSHOT/Starter.Profile.PutProfile.lambda$getValidResponseCode200$0(PutProfile.java:24)

	at net.serenitybdd.rest.SerenityRest.restAssuredThat(SerenityRest.java:626)

	at rest.api@1.0-SNAPSHOT/Starter.Profile.PutProfile.getValidResponseCode200(PutProfile.java:24)

	at rest.api@1.0-SNAPSHOT/Starter.Profile.PutProfile$ByteBuddy$HiR5pwWg.getValidResponseCode200$accessor$83hs1Fnq(Unknown Source)

	at java.base/jdk.internal.reflect.NativeMethodAccessorImpl.invoke0(Native Method)

	at java.base/jdk.internal.reflect.NativeMethodAccessorImpl.invoke(NativeMethodAccessorImpl.java:77)

	at java.base/jdk.internal.reflect.DelegatingMethodAccessorImpl.invoke(DelegatingMethodAccessorImpl.java:43)

	at java.base/java.lang.reflect.Method.invoke(Method.java:568)

	at net.thucydides.core.steps.StepInterceptor.invokeMethod(StepInterceptor.java:492)

	at net.thucydides.core.steps.StepInterceptor.executeTestStepMethod(StepInterceptor.java:472)

	at net.thucydides.core.steps.StepInterceptor.runTestStep(StepInterceptor.java:445)

	at net.thucydides.core.steps.StepInterceptor.runOrSkipMethod(StepInterceptor.java:201)

	at net.thucydides.core.steps.StepInterceptor.testStepResult(StepInterceptor.java:188)

	at net.thucydides.core.steps.StepInterceptor.intercept(StepInterceptor.java:76)

	at net.thucydides.core.steps.ProxyConfiguration$InterceptorDispatcher.intercept(ProxyConfiguration.java:51)

	at rest.api@1.0-SNAPSHOT/Starter.Profile.PutProfile$ByteBuddy$HiR5pwWg.getValidResponseCode200(Unknown Source)

	at rest.api@1.0-SNAPSHOT/Starter.StepDefinitions.Profile.succesgetvalidresponcode200(Profile.java:43)

	at ?.user get valid response code 200(file:///C:/Users/LENOVO-PC/OneDrive%20-%20IT-PLN/Dokumen/apenim/Diskusiaza-QE/REST%20API%20CAPSTONE/src/test/resources/api/Profile.feature:13)





01:46:13.109 [pool-2-thread-1] DEBUG net.thucydides.core.reports.ReportService - Reporting formats: [JSON, HTML]

01:46:13.208 [pool-2-thread-1] DEBUG net.thucydides.core.reports.ReportService - Reporting formats: [JSON, HTML]

01:46:13.220 [pool-2-thread-1] DEBUG net.thucydides.core.reports.ReportService - Generating reports for 2 test outcomes using: net.thucydides.core.reports.json.JSONTestOutcomeReporter@174328b3

01:46:13.221 [pool-2-thread-2] DEBUG net.thucydides.core.reports.ReportService - Processing test outcome As a user on profil page:User update data profile

01:46:13.221 [pool-2-thread-2] INFO net.thucydides.core.reports.ReportService - net.thucydides.core.reports.json.JSONTestOutcomeReporter@174328b3: Generating report for test outcome: As a user on profil page:User update data profile

01:46:13.221 [pool-2-thread-1] DEBUG net.thucydides.core.reports.ReportService - Processing test outcome As a user on profil page:User get data profile

01:46:13.222 [pool-2-thread-1] INFO net.thucydides.core.reports.ReportService - net.thucydides.core.reports.json.JSONTestOutcomeReporter@174328b3: Generating report for test outcome: As a user on profil page:User get data profile

01:46:13.228 [pool-2-thread-2] DEBUG net.thucydides.core.reports.json.JSONTestOutcomeReporter - Generating JSON report for User update data profile to file C:\Users\LENOVO-PC\OneDrive - IT-PLN\Dokumen\apenim\Diskusiaza-QE\REST API CAPSTONE\target\site\serenity\0b335c159f859dc85bc6e4a0b37d26c88dbd32a3bf36a08acf1542bb7f2c39fa.json (using temp file C:\Users\LENOVO-PC\OneDrive - IT-PLN\Dokumen\apenim\Diskusiaza-QE\REST API CAPSTONE\target\site\serenity\0b335c159f859dc85bc6e4a0b37d26c88dbd32a3bf36a08acf1542bb7f2c39fa.jsone803aab8-3152-46a9-82f6-191dd6763d7f)

01:46:13.233 [pool-2-thread-1] DEBUG net.thucydides.core.reports.json.JSONTestOutcomeReporter - Generating JSON report for User get data profile to file C:\Users\LENOVO-PC\OneDrive - IT-PLN\Dokumen\apenim\Diskusiaza-QE\REST API CAPSTONE\target\site\serenity\35b414917171d607223db169340508d852530966a29e46368173c371b26d2102.json (using temp file C:\Users\LENOVO-PC\OneDrive - IT-PLN\Dokumen\apenim\Diskusiaza-QE\REST API CAPSTONE\target\site\serenity\35b414917171d607223db169340508d852530966a29e46368173c371b26d2102.json6fd22b2f-8f4f-4cc4-9785-3317a03f9540)

01:46:13.288 [pool-2-thread-2] DEBUG net.thucydides.core.reports.ReportService - Processing test outcome As a user on profil page:User update data profile done

01:46:13.289 [pool-2-thread-1] DEBUG net.thucydides.core.reports.ReportService - Processing test outcome As a user on profil page:User get data profile done

01:46:13.289 [pool-2-thread-1] DEBUG net.thucydides.core.reports.ReportService - Shutting down executor service

01:46:13.289 [pool-2-thread-1] DEBUG net.thucydides.core.reports.ReportService - Reports generated in: 69 ms

01:46:13.289 [pool-2-thread-1] DEBUG net.thucydides.core.reports.ReportService - Generating reports for 2 test outcomes using: net.thucydides.core.reports.html.HtmlAcceptanceTestReporter@629b739c

01:46:13.290 [pool-3-thread-1] DEBUG net.thucydides.core.reports.ReportService - Processing test outcome As a user on profil page:User get data profile

01:46:13.290 [pool-3-thread-1] INFO net.thucydides.core.reports.ReportService - net.thucydides.core.reports.html.HtmlAcceptanceTestReporter@629b739c: Generating report for test outcome: As a user on profil page:User get data profile

01:46:13.290 [pool-3-thread-2] DEBUG net.thucydides.core.reports.ReportService - Processing test outcome As a user on profil page:User update data profile

01:46:13.291 [pool-3-thread-2] INFO net.thucydides.core.reports.ReportService - net.thucydides.core.reports.html.HtmlAcceptanceTestReporter@629b739c: Generating report for test outcome: As a user on profil page:User update data profile

01:46:13.325 [pool-3-thread-1] WARN net.thucydides.core.requirements.RequirementsTagProvider - Failed to load requirements: Illegal char <:> at index 4: file:\C:\Users\LENOVO-PC\OneDrive%20-%20IT-PLN\Dokumen\apenim\Diskusiaza-QE\REST%20API%20CAPSTONE\src\test\resources\api\Profile.feature
java.nio.file.InvalidPathException: Illegal char <:> at index 4: file:\C:\Users\LENOVO-PC\OneDrive%20-%20IT-PLN\Dokumen\apenim\Diskusiaza-QE\REST%20API%20CAPSTONE\src\test\resources\api\Profile.feature
	at java.base/sun.nio.fs.WindowsPathParser.normalize(WindowsPathParser.java:182)
	at java.base/sun.nio.fs.WindowsPathParser.parse(WindowsPathParser.java:153)
	at java.base/sun.nio.fs.WindowsPathParser.parse(WindowsPathParser.java:77)
	at java.base/sun.nio.fs.WindowsPath.parse(WindowsPath.java:92)
	at java.base/sun.nio.fs.WindowsFileSystem.getPath(WindowsFileSystem.java:232)
	at java.base/java.io.File.toPath(File.java:2387)
	at net.thucydides.core.requirements.RootDirectory.getRelativePathOf(RootDirectory.java:364)
	at net.thucydides.core.requirements.FileSystemRequirementsTagProvider.requirementWithMatchingPath(FileSystemRequirementsTagProvider.java:372)
	at net.thucydides.core.requirements.FileSystemRequirementsTagProvider.getParentRequirementOf(FileSystemRequirementsTagProvider.java:335)
	at net.thucydides.core.requirements.ParentRequirementsProvided.forOutcome(ParentRequirementsProvided.java:26)
	at net.thucydides.core.requirements.BaseRequirementsService.getParentRequirementOf(BaseRequirementsService.java:138)
	at net.thucydides.core.requirements.BaseRequirementsService.getParentRequirementFor(BaseRequirementsService.java:48)
	at net.thucydides.core.reports.html.HtmlAcceptanceTestReporter.addParentRequirmentFieldToContext(HtmlAcceptanceTestReporter.java:196)
	at net.thucydides.core.reports.html.HtmlAcceptanceTestReporter.addTestOutcomeToContext(HtmlAcceptanceTestReporter.java:190)
	at net.thucydides.core.reports.html.HtmlAcceptanceTestReporter.generateReportFor(HtmlAcceptanceTestReporter.java:105)
	at net.thucydides.core.reports.ReportService.generateReportFor(ReportService.java:246)
	at net.thucydides.core.reports.ReportService.lambda$generateReportsFor$0(ReportService.java:184)
	at java.base/java.util.concurrent.Executors$RunnableAdapter.call(Executors.java:539)
	at java.base/java.util.concurrent.FutureTask.run(FutureTask.java:264)
	at java.base/java.util.concurrent.ThreadPoolExecutor.runWorker(ThreadPoolExecutor.java:1136)
	at java.base/java.util.concurrent.ThreadPoolExecutor$Worker.run(ThreadPoolExecutor.java:635)
	at java.base/java.lang.Thread.run(Thread.java:833)

01:46:13.325 [pool-3-thread-2] WARN net.thucydides.core.requirements.RequirementsTagProvider - Failed to load requirements: Illegal char <:> at index 4: file:\C:\Users\LENOVO-PC\OneDrive%20-%20IT-PLN\Dokumen\apenim\Diskusiaza-QE\REST%20API%20CAPSTONE\src\test\resources\api\Profile.feature
java.nio.file.InvalidPathException: Illegal char <:> at index 4: file:\C:\Users\LENOVO-PC\OneDrive%20-%20IT-PLN\Dokumen\apenim\Diskusiaza-QE\REST%20API%20CAPSTONE\src\test\resources\api\Profile.feature
	at java.base/sun.nio.fs.WindowsPathParser.normalize(WindowsPathParser.java:182)
	at java.base/sun.nio.fs.WindowsPathParser.parse(WindowsPathParser.java:153)
	at java.base/sun.nio.fs.WindowsPathParser.parse(WindowsPathParser.java:77)
	at java.base/sun.nio.fs.WindowsPath.parse(WindowsPath.java:92)
	at java.base/sun.nio.fs.WindowsFileSystem.getPath(WindowsFileSystem.java:232)
	at java.base/java.io.File.toPath(File.java:2387)
	at net.thucydides.core.requirements.RootDirectory.getRelativePathOf(RootDirectory.java:364)
	at net.thucydides.core.requirements.FileSystemRequirementsTagProvider.requirementWithMatchingPath(FileSystemRequirementsTagProvider.java:372)
	at net.thucydides.core.requirements.FileSystemRequirementsTagProvider.getParentRequirementOf(FileSystemRequirementsTagProvider.java:335)
	at net.thucydides.core.requirements.ParentRequirementsProvided.forOutcome(ParentRequirementsProvided.java:26)
	at net.thucydides.core.requirements.BaseRequirementsService.getParentRequirementOf(BaseRequirementsService.java:138)
	at net.thucydides.core.requirements.BaseRequirementsService.getParentRequirementFor(BaseRequirementsService.java:48)
	at net.thucydides.core.reports.html.HtmlAcceptanceTestReporter.addParentRequirmentFieldToContext(HtmlAcceptanceTestReporter.java:196)
	at net.thucydides.core.reports.html.HtmlAcceptanceTestReporter.addTestOutcomeToContext(HtmlAcceptanceTestReporter.java:190)
	at net.thucydides.core.reports.html.HtmlAcceptanceTestReporter.generateReportFor(HtmlAcceptanceTestReporter.java:105)
	at net.thucydides.core.reports.ReportService.generateReportFor(ReportService.java:246)
	at net.thucydides.core.reports.ReportService.lambda$generateReportsFor$0(ReportService.java:184)
	at java.base/java.util.concurrent.Executors$RunnableAdapter.call(Executors.java:539)
	at java.base/java.util.concurrent.FutureTask.run(FutureTask.java:264)
	at java.base/java.util.concurrent.ThreadPoolExecutor.runWorker(ThreadPoolExecutor.java:1136)
	at java.base/java.util.concurrent.ThreadPoolExecutor$Worker.run(ThreadPoolExecutor.java:635)
	at java.base/java.lang.Thread.run(Thread.java:833)

01:46:13.329 [pool-3-thread-2] WARN net.thucydides.core.requirements.RequirementsTagProvider - Failed to load requirements: Illegal char <:> at index 4: file:\C:\Users\LENOVO-PC\OneDrive%20-%20IT-PLN\Dokumen\apenim\Diskusiaza-QE\REST%20API%20CAPSTONE\src\test\resources\api\Profile.feature
java.nio.file.InvalidPathException: Illegal char <:> at index 4: file:\C:\Users\LENOVO-PC\OneDrive%20-%20IT-PLN\Dokumen\apenim\Diskusiaza-QE\REST%20API%20CAPSTONE\src\test\resources\api\Profile.feature
	at java.base/sun.nio.fs.WindowsPathParser.normalize(WindowsPathParser.java:182)
	at java.base/sun.nio.fs.WindowsPathParser.parse(WindowsPathParser.java:153)
	at java.base/sun.nio.fs.WindowsPathParser.parse(WindowsPathParser.java:77)
	at java.base/sun.nio.fs.WindowsPath.parse(WindowsPath.java:92)
	at java.base/sun.nio.fs.WindowsFileSystem.getPath(WindowsFileSystem.java:232)
	at java.base/java.io.File.toPath(File.java:2387)
	at net.thucydides.core.requirements.RootDirectory.getRelativePathOf(RootDirectory.java:364)
	at net.thucydides.core.requirements.FileSystemRequirementsTagProvider.requirementWithMatchingPath(FileSystemRequirementsTagProvider.java:372)
	at net.thucydides.core.requirements.FileSystemRequirementsTagProvider.getParentRequirementOf(FileSystemRequirementsTagProvider.java:335)
	at net.thucydides.core.requirements.ParentRequirementsProvided.forOutcome(ParentRequirementsProvided.java:26)
	at net.thucydides.core.requirements.BaseRequirementsService.getParentRequirementOf(BaseRequirementsService.java:138)
	at net.thucydides.core.requirements.BaseRequirementsService.getAncestorRequirementsFor(BaseRequirementsService.java:78)
	at net.thucydides.core.reports.html.HtmlAcceptanceTestReporter.addBreadcrumbs(HtmlAcceptanceTestReporter.java:226)
	at net.thucydides.core.reports.html.HtmlAcceptanceTestReporter.addParentRequirmentFieldToContext(HtmlAcceptanceTestReporter.java:214)
	at net.thucydides.core.reports.html.HtmlAcceptanceTestReporter.addTestOutcomeToContext(HtmlAcceptanceTestReporter.java:190)
	at net.thucydides.core.reports.html.HtmlAcceptanceTestReporter.generateReportFor(HtmlAcceptanceTestReporter.java:105)
	at net.thucydides.core.reports.ReportService.generateReportFor(ReportService.java:246)
	at net.thucydides.core.reports.ReportService.lambda$generateReportsFor$0(ReportService.java:184)
	at java.base/java.util.concurrent.Executors$RunnableAdapter.call(Executors.java:539)
	at java.base/java.util.concurrent.FutureTask.run(FutureTask.java:264)
	at java.base/java.util.concurrent.ThreadPoolExecutor.runWorker(ThreadPoolExecutor.java:1136)
	at java.base/java.util.concurrent.ThreadPoolExecutor$Worker.run(ThreadPoolExecutor.java:635)
	at java.base/java.lang.Thread.run(Thread.java:833)

01:46:13.329 [pool-3-thread-1] WARN net.thucydides.core.requirements.RequirementsTagProvider - Failed to load requirements: Illegal char <:> at index 4: file:\C:\Users\LENOVO-PC\OneDrive%20-%20IT-PLN\Dokumen\apenim\Diskusiaza-QE\REST%20API%20CAPSTONE\src\test\resources\api\Profile.feature
java.nio.file.InvalidPathException: Illegal char <:> at index 4: file:\C:\Users\LENOVO-PC\OneDrive%20-%20IT-PLN\Dokumen\apenim\Diskusiaza-QE\REST%20API%20CAPSTONE\src\test\resources\api\Profile.feature
	at java.base/sun.nio.fs.WindowsPathParser.normalize(WindowsPathParser.java:182)
	at java.base/sun.nio.fs.WindowsPathParser.parse(WindowsPathParser.java:153)
	at java.base/sun.nio.fs.WindowsPathParser.parse(WindowsPathParser.java:77)
	at java.base/sun.nio.fs.WindowsPath.parse(WindowsPath.java:92)
	at java.base/sun.nio.fs.WindowsFileSystem.getPath(WindowsFileSystem.java:232)
	at java.base/java.io.File.toPath(File.java:2387)
	at net.thucydides.core.requirements.RootDirectory.getRelativePathOf(RootDirectory.java:364)
	at net.thucydides.core.requirements.FileSystemRequirementsTagProvider.requirementWithMatchingPath(FileSystemRequirementsTagProvider.java:372)
	at net.thucydides.core.requirements.FileSystemRequirementsTagProvider.getParentRequirementOf(FileSystemRequirementsTagProvider.java:335)
	at net.thucydides.core.requirements.ParentRequirementsProvided.forOutcome(ParentRequirementsProvided.java:26)
	at net.thucydides.core.requirements.BaseRequirementsService.getParentRequirementOf(BaseRequirementsService.java:138)
	at net.thucydides.core.requirements.BaseRequirementsService.getAncestorRequirementsFor(BaseRequirementsService.java:78)
	at net.thucydides.core.reports.html.HtmlAcceptanceTestReporter.addBreadcrumbs(HtmlAcceptanceTestReporter.java:226)
	at net.thucydides.core.reports.html.HtmlAcceptanceTestReporter.addParentRequirmentFieldToContext(HtmlAcceptanceTestReporter.java:214)
	at net.thucydides.core.reports.html.HtmlAcceptanceTestReporter.addTestOutcomeToContext(HtmlAcceptanceTestReporter.java:190)
	at net.thucydides.core.reports.html.HtmlAcceptanceTestReporter.generateReportFor(HtmlAcceptanceTestReporter.java:105)
	at net.thucydides.core.reports.ReportService.generateReportFor(ReportService.java:246)
	at net.thucydides.core.reports.ReportService.lambda$generateReportsFor$0(ReportService.java:184)
	at java.base/java.util.concurrent.Executors$RunnableAdapter.call(Executors.java:539)
	at java.base/java.util.concurrent.FutureTask.run(FutureTask.java:264)
	at java.base/java.util.concurrent.ThreadPoolExecutor.runWorker(ThreadPoolExecutor.java:1136)
	at java.base/java.util.concurrent.ThreadPoolExecutor$Worker.run(ThreadPoolExecutor.java:635)
	at java.base/java.lang.Thread.run(Thread.java:833)

01:46:13.332 [pool-3-thread-2] WARN net.thucydides.core.requirements.RequirementsTagProvider - Failed to load requirements: Illegal char <:> at index 4: file:\C:\Users\LENOVO-PC\OneDrive%20-%20IT-PLN\Dokumen\apenim\Diskusiaza-QE\REST%20API%20CAPSTONE\src\test\resources\api\Profile.feature
java.nio.file.InvalidPathException: Illegal char <:> at index 4: file:\C:\Users\LENOVO-PC\OneDrive%20-%20IT-PLN\Dokumen\apenim\Diskusiaza-QE\REST%20API%20CAPSTONE\src\test\resources\api\Profile.feature
	at java.base/sun.nio.fs.WindowsPathParser.normalize(WindowsPathParser.java:182)
	at java.base/sun.nio.fs.WindowsPathParser.parse(WindowsPathParser.java:153)
	at java.base/sun.nio.fs.WindowsPathParser.parse(WindowsPathParser.java:77)
	at java.base/sun.nio.fs.WindowsPath.parse(WindowsPath.java:92)
	at java.base/sun.nio.fs.WindowsFileSystem.getPath(WindowsFileSystem.java:232)
	at java.base/java.io.File.toPath(File.java:2387)
	at net.thucydides.core.requirements.RootDirectory.getRelativePathOf(RootDirectory.java:364)
	at net.thucydides.core.requirements.FileSystemRequirementsTagProvider.requirementWithMatchingPath(FileSystemRequirementsTagProvider.java:372)
	at net.thucydides.core.requirements.FileSystemRequirementsTagProvider.getParentRequirementOf(FileSystemRequirementsTagProvider.java:335)
	at net.thucydides.core.requirements.ParentRequirementsProvided.forOutcome(ParentRequirementsProvided.java:26)
	at net.thucydides.core.requirements.BaseRequirementsService.getParentRequirementOf(BaseRequirementsService.java:138)
	at net.thucydides.core.requirements.BaseRequirementsService.getAncestorRequirementsFor(BaseRequirementsService.java:78)
	at net.thucydides.core.tags.BreadcrumbTagFilter.getRequirementBreadcrumbsFrom(BreadcrumbTagFilter.java:51)
	at net.thucydides.core.reports.html.HtmlAcceptanceTestReporter.addBreadcrumbs(HtmlAcceptanceTestReporter.java:227)
	at net.thucydides.core.reports.html.HtmlAcceptanceTestReporter.addParentRequirmentFieldToContext(HtmlAcceptanceTestReporter.java:214)
	at net.thucydides.core.reports.html.HtmlAcceptanceTestReporter.addTestOutcomeToContext(HtmlAcceptanceTestReporter.java:190)
	at net.thucydides.core.reports.html.HtmlAcceptanceTestReporter.generateReportFor(HtmlAcceptanceTestReporter.java:105)
	at net.thucydides.core.reports.ReportService.generateReportFor(ReportService.java:246)
	at net.thucydides.core.reports.ReportService.lambda$generateReportsFor$0(ReportService.java:184)
	at java.base/java.util.concurrent.Executors$RunnableAdapter.call(Executors.java:539)
	at java.base/java.util.concurrent.FutureTask.run(FutureTask.java:264)
	at java.base/java.util.concurrent.ThreadPoolExecutor.runWorker(ThreadPoolExecutor.java:1136)
	at java.base/java.util.concurrent.ThreadPoolExecutor$Worker.run(ThreadPoolExecutor.java:635)
	at java.base/java.lang.Thread.run(Thread.java:833)

01:46:13.334 [pool-3-thread-1] WARN net.thucydides.core.requirements.RequirementsTagProvider - Failed to load requirements: Illegal char <:> at index 4: file:\C:\Users\LENOVO-PC\OneDrive%20-%20IT-PLN\Dokumen\apenim\Diskusiaza-QE\REST%20API%20CAPSTONE\src\test\resources\api\Profile.feature
java.nio.file.InvalidPathException: Illegal char <:> at index 4: file:\C:\Users\LENOVO-PC\OneDrive%20-%20IT-PLN\Dokumen\apenim\Diskusiaza-QE\REST%20API%20CAPSTONE\src\test\resources\api\Profile.feature
	at java.base/sun.nio.fs.WindowsPathParser.normalize(WindowsPathParser.java:182)
	at java.base/sun.nio.fs.WindowsPathParser.parse(WindowsPathParser.java:153)
	at java.base/sun.nio.fs.WindowsPathParser.parse(WindowsPathParser.java:77)
	at java.base/sun.nio.fs.WindowsPath.parse(WindowsPath.java:92)
	at java.base/sun.nio.fs.WindowsFileSystem.getPath(WindowsFileSystem.java:232)
	at java.base/java.io.File.toPath(File.java:2387)
	at net.thucydides.core.requirements.RootDirectory.getRelativePathOf(RootDirectory.java:364)
	at net.thucydides.core.requirements.FileSystemRequirementsTagProvider.requirementWithMatchingPath(FileSystemRequirementsTagProvider.java:372)
	at net.thucydides.core.requirements.FileSystemRequirementsTagProvider.getParentRequirementOf(FileSystemRequirementsTagProvider.java:335)
	at net.thucydides.core.requirements.ParentRequirementsProvided.forOutcome(ParentRequirementsProvided.java:26)
	at net.thucydides.core.requirements.BaseRequirementsService.getParentRequirementOf(BaseRequirementsService.java:138)
	at net.thucydides.core.requirements.BaseRequirementsService.getAncestorRequirementsFor(BaseRequirementsService.java:78)
	at net.thucydides.core.tags.BreadcrumbTagFilter.getRequirementBreadcrumbsFrom(BreadcrumbTagFilter.java:51)
	at net.thucydides.core.reports.html.HtmlAcceptanceTestReporter.addBreadcrumbs(HtmlAcceptanceTestReporter.java:227)
	at net.thucydides.core.reports.html.HtmlAcceptanceTestReporter.addParentRequirmentFieldToContext(HtmlAcceptanceTestReporter.java:214)
	at net.thucydides.core.reports.html.HtmlAcceptanceTestReporter.addTestOutcomeToContext(HtmlAcceptanceTestReporter.java:190)
	at net.thucydides.core.reports.html.HtmlAcceptanceTestReporter.generateReportFor(HtmlAcceptanceTestReporter.java:105)
	at net.thucydides.core.reports.ReportService.generateReportFor(ReportService.java:246)
	at net.thucydides.core.reports.ReportService.lambda$generateReportsFor$0(ReportService.java:184)
	at java.base/java.util.concurrent.Executors$RunnableAdapter.call(Executors.java:539)
	at java.base/java.util.concurrent.FutureTask.run(FutureTask.java:264)
	at java.base/java.util.concurrent.ThreadPoolExecutor.runWorker(ThreadPoolExecutor.java:1136)
	at java.base/java.util.concurrent.ThreadPoolExecutor$Worker.run(ThreadPoolExecutor.java:635)
	at java.base/java.lang.Thread.run(Thread.java:833)

01:46:14.362 [pool-3-thread-2] DEBUG serenity.reporting - Generating report in 0b335c159f859dc85bc6e4a0b37d26c88dbd32a3bf36a08acf1542bb7f2c39fa.html

01:46:14.362 [pool-3-thread-1] DEBUG serenity.reporting - Generating report in 35b414917171d607223db169340508d852530966a29e46368173c371b26d2102.html

01:46:14.814 [pool-3-thread-1] DEBUG serenity.reporting - Generated report 35b414917171d607223db169340508d852530966a29e46368173c371b26d2102.html in 452 ms

01:46:14.815 [pool-3-thread-1] DEBUG net.thucydides.core.reports.ReportService - Processing test outcome As a user on profil page:User get data profile done

01:46:14.819 [pool-3-thread-2] DEBUG serenity.reporting - Generated report 0b335c159f859dc85bc6e4a0b37d26c88dbd32a3bf36a08acf1542bb7f2c39fa.html in 457 ms

01:46:14.820 [pool-3-thread-2] DEBUG net.thucydides.core.reports.ReportService - Processing test outcome As a user on profil page:User update data profile done

01:46:14.820 [pool-2-thread-1] DEBUG net.thucydides.core.reports.ReportService - Shutting down executor service

01:46:14.820 [pool-2-thread-1] DEBUG net.thucydides.core.reports.ReportService - Reports generated in: 1531 ms

01:46:15.006 [pool-2-thread-1] INFO io.cucumber.core.plugin.SerenityReporter - Cleanup test resources for URI file:///C:/Users/LENOVO-PC/OneDrive%20-%20IT-PLN/Dokumen/apenim/Diskusiaza-QE/REST%20API%20CAPSTONE/src/test/resources/api/Profile.feature


@profil
Scenario: User get data profile    &amp#27;[90m# src/test/resources/api/Profile.feature:4&amp#27;[0m
01:46:08.789 [pool-2-thread-1] INFO io.cucumber.core.plugin.SerenityReporter - Running feature from file:///C:/Users/LENOVO-PC/OneDrive%20-%20IT-PLN/Dokumen/apenim/Diskusiaza-QE/REST%20API%20CAPSTONE/src/test/resources/api/Profile.feature
01:46:08.789 [pool-2-thread-1] WARN io.cucumber.core.plugin.SerenityReporter - Feature from file:///C:/Users/LENOVO-PC/OneDrive%20-%20IT-PLN/Dokumen/apenim/Diskusiaza-QE/REST%20API%20CAPSTONE/src/test/resources/api/Profile.feature is not under the 'features' directory. Requirements report will not be correctly generated!
01:46:08.933 [pool-2-thread-1] INFO  - 
  _____   ___   ___   _____     ___   _____     _     ___   _____   ___   ___  
 |_   _| | __| / __| |_   _|   / __| |_   _|   /_\   | _ \ |_   _| | __| |   \ 
   | |   | _|  \__ \   | |     \__ \   | |    / _ \  |   /   | |   | _|  | |) |
   |_|   |___| |___/   |_|     |___/   |_|   /_/ \_\ |_|_\   |_|   |___| |___/ 

User get data profile(as-a-user-on-profil-page;user-get-data-profile)
--------------------------------------------------------------------------------
01:46:09.475 [pool-2-thread-1] DEBUG net.thucydides.core.steps.StepInterceptor - STARTING STEP: Profile.getprofileendpoints - setgetprofileendpoints
01:46:09.478 [pool-2-thread-1] DEBUG net.thucydides.core.steps.StepInterceptor - STEP DONE: setgetprofileendpoints
  &amp#27;[32mGiven &amp#27;[0m&amp#27;[32muser get profile endpoints&amp#27;[0m &amp#27;[90m# Starter.StepDefinitions.Profile.getprofileendpoints()&amp#27;[0m
01:46:09.499 [pool-2-thread-1] DEBUG net.thucydides.core.steps.StepInterceptor - STARTING STEP: Profile.kirimtoken - sendGetTokenEndpoints
01:46:11.366 [pool-2-thread-1] DEBUG net.thucydides.core.steps.StepInterceptor - STARTING STEP: GetProfile.sendGetTokenEndpoints - setgetprofileendpoints
01:46:11.366 [pool-2-thread-1] DEBUG net.thucydides.core.steps.StepInterceptor - STEP DONE: setgetprofileendpoints
01:46:12.639 [pool-2-thread-1] DEBUG net.thucydides.core.steps.StepInterceptor - STEP DONE: sendGetTokenEndpoints
  &amp#27;[32mWhen &amp#27;[0m&amp#27;[32muser kirim token&amp#27;[0m            &amp#27;[90m# Starter.StepDefinitions.Profile.kirimtoken()&amp#27;[0m
01:46:12.645 [pool-2-thread-1] DEBUG net.thucydides.core.steps.StepInterceptor - STARTING STEP: Profile.succesgetresponcode200 - getprofileResponseCode200
  &amp#27;[31mThen &amp#27;[0m&amp#27;[31muser get response code 200&amp#27;[0m  &amp#27;[90m# Starter.StepDefinitions.Profile.succesgetresponcode200()&amp#27;[0m
      &amp#27;[31mjava.lang.AssertionError: 1 expectation failed.
Expected status code <200> but was <503>.

	at java.base/jdk.internal.reflect.NativeConstructorAccessorImpl.newInstance0(Native Method)
	at java.base/jdk.internal.reflect.NativeConstructorAccessorImpl.newInstance(NativeConstructorAccessorImpl.java:77)
	at java.base/jdk.internal.reflect.DelegatingConstructorAccessorImpl.newInstance(DelegatingConstructorAccessorImpl.java:45)
	at java.base/java.lang.reflect.Constructor.newInstanceWithCaller(Constructor.java:499)
	at java.base/java.lang.reflect.Constructor.newInstance(Constructor.java:480)
	at org.codehaus.groovy.reflection.CachedConstructor.invoke(CachedConstructor.java:72)
	at org.codehaus.groovy.runtime.callsite.ConstructorSite$ConstructorSiteNoUnwrapNoCoerce.callConstructor(ConstructorSite.java:105)
	at org.codehaus.groovy.runtime.callsite.CallSiteArray.defaultCallConstructor(CallSiteArray.java:59)
	at org.codehaus.groovy.runtime.callsite.AbstractCallSite.callConstructor(AbstractCallSite.java:263)
	at org.codehaus.groovy.runtime.callsite.AbstractCallSite.callConstructor(AbstractCallSite.java:277)
	at io.restassured.internal.ResponseSpecificationImpl$HamcrestAssertionClosure.validate(ResponseSpecificationImpl.groovy:493)
	at io.restassured.internal.ResponseSpecificationImpl$HamcrestAssertionClosure$validate$1.call(Unknown Source)
	at org.codehaus.groovy.runtime.callsite.CallSiteArray.defaultCall(CallSiteArray.java:47)
	at org.codehaus.groovy.runtime.callsite.AbstractCallSite.call(AbstractCallSite.java:125)
	at org.codehaus.groovy.runtime.callsite.AbstractCallSite.call(AbstractCallSite.java:139)
	at io.restassured.internal.ResponseSpecificationImpl.validateResponseIfRequired(ResponseSpecificationImpl.groovy:674)
	at java.base/jdk.internal.reflect.NativeMethodAccessorImpl.invoke0(Native Method)
	at java.base/jdk.internal.reflect.NativeMethodAccessorImpl.invoke(NativeMethodAccessorImpl.java:77)
	at java.base/jdk.internal.reflect.DelegatingMethodAccessorImpl.invoke(DelegatingMethodAccessorImpl.java:43)
	at java.base/java.lang.reflect.Method.invoke(Method.java:568)
	at org.codehaus.groovy.runtime.callsite.PlainObjectMetaMethodSite.doInvoke(PlainObjectMetaMethodSite.java:43)
	at org.codehaus.groovy.runtime.callsite.PogoMetaMethodSite$PogoCachedMethodSiteNoUnwrapNoCoerce.invoke(PogoMetaMethodSite.java:193)
	at org.codehaus.groovy.runtime.callsite.PogoMetaMethodSite.callCurrent(PogoMetaMethodSite.java:61)
	at org.codehaus.groovy.runtime.callsite.CallSiteArray.defaultCallCurrent(CallSiteArray.java:51)
	at org.codehaus.groovy.runtime.callsite.AbstractCallSite.callCurrent(AbstractCallSite.java:171)
	at org.codehaus.groovy.runtime.callsite.AbstractCallSite.callCurrent(AbstractCallSite.java:185)
	at io.restassured.internal.ResponseSpecificationImpl.statusCode(ResponseSpecificationImpl.groovy:126)
	at io.restassured.specification.ResponseSpecification$statusCode$0.callCurrent(Unknown Source)
	at org.codehaus.groovy.runtime.callsite.CallSiteArray.defaultCallCurrent(CallSiteArray.java:51)
	at org.codehaus.groovy.runtime.callsite.AbstractCallSite.callCurrent(AbstractCallSite.java:171)
	at org.codehaus.groovy.runtime.callsite.AbstractCallSite.callCurrent(AbstractCallSite.java:185)
	at io.restassured.internal.ResponseSpecificationImpl.statusCode(ResponseSpecificationImpl.groovy:134)
	at io.restassured.internal.ValidatableResponseOptionsImpl.statusCode(ValidatableResponseOptionsImpl.java:89)
	at io.restassured.internal.ValidatableResponseImpl.super$2$statusCode(ValidatableResponseImpl.groovy)
	at java.base/jdk.internal.reflect.NativeMethodAccessorImpl.invoke0(Native Method)
	at java.base/jdk.internal.reflect.NativeMethodAccessorImpl.invoke(NativeMethodAccessorImpl.java:77)
	at java.base/jdk.internal.reflect.DelegatingMethodAccessorImpl.invoke(DelegatingMethodAccessorImpl.java:43)
	at java.base/java.lang.reflect.Method.invoke(Method.java:568)
	at org.codehaus.groovy.reflection.CachedMethod.invoke(CachedMethod.java:107)
	at groovy.lang.MetaMethod.doMethodInvoke(MetaMethod.java:323)
	at groovy.lang.MetaClassImpl.invokeMethod(MetaClassImpl.java:1267)
	at org.codehaus.groovy.runtime.ScriptBytecodeAdapter.invokeMethodOnSuperN(ScriptBytecodeAdapter.java:144)
	at io.restassured.internal.ValidatableResponseImpl.statusCode(ValidatableResponseImpl.groovy:142)
	at io.restassured.internal.ValidatableResponseImpl.statusCode(ValidatableResponseImpl.groovy)
	at rest.api@1.0-SNAPSHOT/Starter.Profile.GetProfile.lambda$getprofileResponseCode200$0(GetProfile.java:21)
	at net.serenitybdd.rest.SerenityRest.restAssuredThat(SerenityRest.java:626)
	at rest.api@1.0-SNAPSHOT/Starter.Profile.GetProfile.getprofileResponseCode200(GetProfile.java:21)
	at rest.api@1.0-SNAPSHOT/Starter.Profile.GetProfile$ByteBuddy$KfgsOyf1.getprofileResponseCode200$accessor$0tFhllLT(Unknown Source)
	at java.base/jdk.internal.reflect.NativeMethodAccessorImpl.invoke0(Native Method)
	at java.base/jdk.internal.reflect.NativeMethodAccessorImpl.invoke(NativeMethodAccessorImpl.java:77)
	at java.base/jdk.internal.reflect.DelegatingMethodAccessorImpl.invoke(DelegatingMethodAccessorImpl.java:43)
	at java.base/java.lang.reflect.Method.invoke(Method.java:568)
	at net.thucydides.core.steps.StepInterceptor.invokeMethod(StepInterceptor.java:492)
	at net.thucydides.core.steps.StepInterceptor.executeTestStepMethod(StepInterceptor.java:472)
	at net.thucydides.core.steps.StepInterceptor.runTestStep(StepInterceptor.java:445)
	at net.thucydides.core.steps.StepInterceptor.runOrSkipMethod(StepInterceptor.java:201)
	at net.thucydides.core.steps.StepInterceptor.testStepResult(StepInterceptor.java:188)
	at net.thucydides.core.steps.StepInterceptor.intercept(StepInterceptor.java:76)
	at net.thucydides.core.steps.ProxyConfiguration$InterceptorDispatcher.intercept(ProxyConfiguration.java:51)
	at rest.api@1.0-SNAPSHOT/Starter.Profile.GetProfile$ByteBuddy$KfgsOyf1.getprofileResponseCode200(Unknown Source)
	at rest.api@1.0-SNAPSHOT/Starter.StepDefinitions.Profile.succesgetresponcode200(Profile.java:26)
	at âœ½.user get response code 200(file:///C:/Users/LENOVO-PC/OneDrive%20-%20IT-PLN/Dokumen/apenim/Diskusiaza-QE/REST%20API%20CAPSTONE/src/test/resources/api/Profile.feature:7)
&amp#27;[0m
  &amp#27;[36mAnd &amp#27;[0m&amp#27;[36muser get valid data profile&amp#27;[0m  &amp#27;[90m# Starter.StepDefinitions.Profile.receivevaliddataprofile()&amp#27;[0m
]]></system-out>
  </testcase>
  <testcase name="User update data profile" classname="As a user on profil page" time="0.27">
    <failure message="1 expectation failed.&#10;Expected status code &lt;200&gt; but was &lt;503&gt;.&#10;" type="java.lang.AssertionError"><![CDATA[java.lang.AssertionError: 
1 expectation failed.
Expected status code <200> but was <503>.

]]></failure>
    <system-out><![CDATA[
@profil
Scenario: User update data profile      &amp#27;[90m# src/test/resources/api/Profile.feature:10&amp#27;[0m
01:46:12.834 [pool-2-thread-1] INFO io.cucumber.core.plugin.SerenityReporter - Running feature from file:///C:/Users/LENOVO-PC/OneDrive%20-%20IT-PLN/Dokumen/apenim/Diskusiaza-QE/REST%20API%20CAPSTONE/src/test/resources/api/Profile.feature
01:46:12.834 [pool-2-thread-1] WARN io.cucumber.core.plugin.SerenityReporter - Feature from file:///C:/Users/LENOVO-PC/OneDrive%20-%20IT-PLN/Dokumen/apenim/Diskusiaza-QE/REST%20API%20CAPSTONE/src/test/resources/api/Profile.feature is not under the 'features' directory. Requirements report will not be correctly generated!
01:46:12.838 [pool-2-thread-1] INFO  - 
  _____   ___   ___   _____     ___   _____     _     ___   _____   ___   ___  
 |_   _| | __| / __| |_   _|   / __| |_   _|   /_\   | _ \ |_   _| | __| |   \ 
   | |   | _|  \__ \   | |     \__ \   | |    / _ \  |   /   | |   | _|  | |) |
   |_|   |___| |___/   |_|     |___/   |_|   /_/ \_\ |_|_\   |_|   |___| |___/ 

User update data profile(as-a-user-on-profil-page;user-update-data-profile)
--------------------------------------------------------------------------------
01:46:12.850 [pool-2-thread-1] DEBUG net.thucydides.core.steps.StepInterceptor - STARTING STEP: Profile.setPutprofile - setPutProfileEndpoints
01:46:12.851 [pool-2-thread-1] DEBUG net.thucydides.core.steps.StepInterceptor - STEP DONE: setPutProfileEndpoints
  &amp#27;[32mGiven &amp#27;[0m&amp#27;[32muser put profile endpoints&amp#27;[0m      &amp#27;[90m# Starter.StepDefinitions.Profile.setPutprofile()&amp#27;[0m
01:46:12.856 [pool-2-thread-1] DEBUG net.thucydides.core.steps.StepInterceptor - STARTING STEP: Profile.inputupdatebody - sendInputUpdateBodyEndpoints
01:46:12.865 [pool-2-thread-1] DEBUG net.thucydides.core.steps.StepInterceptor - STARTING STEP: PutProfile.sendInputUpdateBodyEndpoints - setPutProfileEndpoints
01:46:12.865 [pool-2-thread-1] DEBUG net.thucydides.core.steps.StepInterceptor - STEP DONE: setPutProfileEndpoints
01:46:13.055 [pool-2-thread-1] DEBUG net.thucydides.core.steps.StepInterceptor - STEP DONE: sendInputUpdateBodyEndpoints
  &amp#27;[32mWhen &amp#27;[0m&amp#27;[32muser input update body&amp#27;[0m           &amp#27;[90m# Starter.StepDefinitions.Profile.inputupdatebody()&amp#27;[0m
01:46:13.062 [pool-2-thread-1] DEBUG net.thucydides.core.steps.StepInterceptor - STARTING STEP: Profile.succesgetvalidresponcode200 - getValidResponseCode200
  &amp#27;[31mThen &amp#27;[0m&amp#27;[31muser get valid response code 200&amp#27;[0m &amp#27;[90m# Starter.StepDefinitions.Profile.succesgetvalidresponcode200()&amp#27;[0m
      &amp#27;[31mjava.lang.AssertionError: 1 expectation failed.
Expected status code <200> but was <503>.

	at java.base/jdk.internal.reflect.NativeConstructorAccessorImpl.newInstance0(Native Method)
	at java.base/jdk.internal.reflect.NativeConstructorAccessorImpl.newInstance(NativeConstructorAccessorImpl.java:77)
	at java.base/jdk.internal.reflect.DelegatingConstructorAccessorImpl.newInstance(DelegatingConstructorAccessorImpl.java:45)
	at java.base/java.lang.reflect.Constructor.newInstanceWithCaller(Constructor.java:499)
	at java.base/java.lang.reflect.Constructor.newInstance(Constructor.java:480)
	at org.codehaus.groovy.reflection.CachedConstructor.invoke(CachedConstructor.java:72)
	at org.codehaus.groovy.runtime.callsite.ConstructorSite$ConstructorSiteNoUnwrapNoCoerce.callConstructor(ConstructorSite.java:105)
	at org.codehaus.groovy.runtime.callsite.AbstractCallSite.callConstructor(AbstractCallSite.java:277)
	at io.restassured.internal.ResponseSpecificationImpl$HamcrestAssertionClosure.validate(ResponseSpecificationImpl.groovy:493)
	at io.restassured.internal.ResponseSpecificationImpl$HamcrestAssertionClosure$validate$1.call(Unknown Source)
	at io.restassured.internal.ResponseSpecificationImpl.validateResponseIfRequired(ResponseSpecificationImpl.groovy:674)
	at java.base/jdk.internal.reflect.NativeMethodAccessorImpl.invoke0(Native Method)
	at java.base/jdk.internal.reflect.NativeMethodAccessorImpl.invoke(NativeMethodAccessorImpl.java:77)
	at java.base/jdk.internal.reflect.DelegatingMethodAccessorImpl.invoke(DelegatingMethodAccessorImpl.java:43)
	at java.base/java.lang.reflect.Method.invoke(Method.java:568)
	at org.codehaus.groovy.runtime.callsite.PlainObjectMetaMethodSite.doInvoke(PlainObjectMetaMethodSite.java:43)
	at org.codehaus.groovy.runtime.callsite.PogoMetaMethodSite$PogoCachedMethodSiteNoUnwrapNoCoerce.invoke(PogoMetaMethodSite.java:193)
	at org.codehaus.groovy.runtime.callsite.PogoMetaMethodSite.callCurrent(PogoMetaMethodSite.java:61)
	at org.codehaus.groovy.runtime.callsite.AbstractCallSite.callCurrent(AbstractCallSite.java:185)
	at io.restassured.internal.ResponseSpecificationImpl.statusCode(ResponseSpecificationImpl.groovy:126)
	at io.restassured.specification.ResponseSpecification$statusCode$0.callCurrent(Unknown Source)
	at io.restassured.internal.ResponseSpecificationImpl.statusCode(ResponseSpecificationImpl.groovy:134)
	at io.restassured.internal.ValidatableResponseOptionsImpl.statusCode(ValidatableResponseOptionsImpl.java:89)
	at io.restassured.internal.ValidatableResponseImpl.super$2$statusCode(ValidatableResponseImpl.groovy)
	at java.base/jdk.internal.reflect.NativeMethodAccessorImpl.invoke0(Native Method)
	at java.base/jdk.internal.reflect.NativeMethodAccessorImpl.invoke(NativeMethodAccessorImpl.java:77)
	at java.base/jdk.internal.reflect.DelegatingMethodAccessorImpl.invoke(DelegatingMethodAccessorImpl.java:43)
	at java.base/java.lang.reflect.Method.invoke(Method.java:568)
	at org.codehaus.groovy.reflection.CachedMethod.invoke(CachedMethod.java:107)
	at groovy.lang.MetaMethod.doMethodInvoke(MetaMethod.java:323)
	at groovy.lang.MetaClassImpl.invokeMethod(MetaClassImpl.java:1267)
	at org.codehaus.groovy.runtime.ScriptBytecodeAdapter.invokeMethodOnSuperN(ScriptBytecodeAdapter.java:144)
	at io.restassured.internal.ValidatableResponseImpl.statusCode(ValidatableResponseImpl.groovy:142)
	at io.restassured.internal.ValidatableResponseImpl.statusCode(ValidatableResponseImpl.groovy)
	at rest.api@1.0-SNAPSHOT/Starter.Profile.PutProfile.lambda$getValidResponseCode200$0(PutProfile.java:24)
	at net.serenitybdd.rest.SerenityRest.restAssuredThat(SerenityRest.java:626)
	at rest.api@1.0-SNAPSHOT/Starter.Profile.PutProfile.getValidResponseCode200(PutProfile.java:24)
	at rest.api@1.0-SNAPSHOT/Starter.Profile.PutProfile$ByteBuddy$HiR5pwWg.getValidResponseCode200$accessor$83hs1Fnq(Unknown Source)
	at java.base/jdk.internal.reflect.NativeMethodAccessorImpl.invoke0(Native Method)
	at java.base/jdk.internal.reflect.NativeMethodAccessorImpl.invoke(NativeMethodAccessorImpl.java:77)
	at java.base/jdk.internal.reflect.DelegatingMethodAccessorImpl.invoke(DelegatingMethodAccessorImpl.java:43)
	at java.base/java.lang.reflect.Method.invoke(Method.java:568)
	at net.thucydides.core.steps.StepInterceptor.invokeMethod(StepInterceptor.java:492)
	at net.thucydides.core.steps.StepInterceptor.executeTestStepMethod(StepInterceptor.java:472)
	at net.thucydides.core.steps.StepInterceptor.runTestStep(StepInterceptor.java:445)
	at net.thucydides.core.steps.StepInterceptor.runOrSkipMethod(StepInterceptor.java:201)
	at net.thucydides.core.steps.StepInterceptor.testStepResult(StepInterceptor.java:188)
	at net.thucydides.core.steps.StepInterceptor.intercept(StepInterceptor.java:76)
	at net.thucydides.core.steps.ProxyConfiguration$InterceptorDispatcher.intercept(ProxyConfiguration.java:51)
	at rest.api@1.0-SNAPSHOT/Starter.Profile.PutProfile$ByteBuddy$HiR5pwWg.getValidResponseCode200(Unknown Source)
	at rest.api@1.0-SNAPSHOT/Starter.StepDefinitions.Profile.succesgetvalidresponcode200(Profile.java:43)
	at âœ½.user get valid response code 200(file:///C:/Users/LENOVO-PC/OneDrive%20-%20IT-PLN/Dokumen/apenim/Diskusiaza-QE/REST%20API%20CAPSTONE/src/test/resources/api/Profile.feature:13)
&amp#27;[0m
  &amp#27;[36mAnd &amp#27;[0m&amp#27;[36muser get update data profile&amp#27;[0m      &amp#27;[90m# Starter.StepDefinitions.Profile.getUpdateDataProf()&amp#27;[0m
]]></system-out>
  </testcase>
</testsuite>