<?xml version="1.0" encoding="UTF-8"?>
<testsuite xmlns:xsi="http://www.w3.org/2001/XMLSchema-instance" xsi:noNamespaceSchemaLocation="https://maven.apache.org/surefire/maven-failsafe-plugin/xsd/failsafe-test-report-3.0.xsd" version="3.0" name="user on register page" time="116.058" tests="8" errors="8" skipped="0" failures="0">
  <properties>
[...]
</properties>
  <testcase name="User input valid data" classname="user on register page" time="12.409">
    <error message="The step &apos;user input valid tanggal lahir 01, 12, 2001&apos; is undefined.&#10;You can implement this step using the snippet(s) below:&#10;&#10;@When(&quot;user input valid tanggal lahir {int}, {int}, {int}&quot;)&#10;public void user_input_valid_tanggal_lahir(Integer int1, Integer int2, Integer int3) {&#10;    // Write code here that turns the phrase above into concrete actions&#10;    throw new io.cucumber.java.PendingException();&#10;}&#10;" type="io.cucumber.junit.UndefinedStepException"><![CDATA[io.cucumber.junit.UndefinedStepException: 
The step 'user input valid tanggal lahir 01, 12, 2001' is undefined.
You can implement this step using the snippet(s) below:

@When("user input valid tanggal lahir {int}, {int}, {int}")
public void user_input_valid_tanggal_lahir(Integer int1, Integer int2, Integer int3) {
    // Write code here that turns the phrase above into concrete actions
    throw new io.cucumber.java.PendingException();
}

]]></error>
    <system-out><![CDATA[03:20:18.705 [pool-2-thread-1] INFO  - 
  _____   ___   ___   _____     ___   ___   _  _   ___    ___   _  _    ___ 
 |_   _| | __| / __| |_   _|   | _ \ | __| | \| | |   \  |_ _| | \| |  / __|
   | |   | _|  \__ \   | |     |  _/ | _|  | .` | | |) |  | |  | .` | | (_ |
   |_|   |___| |___/   |_|     |_|   |___| |_|\_| |___/  |___| |_|\_|  \___|

User input valid data
-----------------------------------------------------------------------------

03:20:29.781 [pool-2-thread-1] INFO  - 
  _____   ___   ___   _____     ___   ___   _  _   ___    ___   _  _    ___ 
 |_   _| | __| / __| |_   _|   | _ \ | __| | \| | |   \  |_ _| | \| |  / __|
   | |   | _|  \__ \   | |     |  _/ | _|  | .` | | |) |  | |  | .` | | (_ |
   |_|   |___| |___/   |_|     |_|   |___| |_|\_| |___/  |___| |_|\_|  \___|

user input email tanpa menggunakan '@'
-----------------------------------------------------------------------------

03:20:43.425 [pool-2-thread-1] ERROR  - 
  _____   ___   ___   _____     ___     _     ___   _      ___   ___  
 |_   _| | __| / __| |_   _|   | __|   /_\   |_ _| | |    | __| |   \ 
   | |   | _|  \__ \   | |     | _|   / _ \   | |  | |__  | _|  | |) |
   |_|   |___| |___/   |_|     |_|   /_/ \_\ |___| |____| |___| |___/ 

user tidak memasukkan email
-----------------------------------------------------------------------

03:20:43.425 [pool-2-thread-1] DEBUG  - RELATED ISSUES: 

03:20:43.426 [pool-2-thread-1] ERROR  -     Test failed at step: Click tanggal

03:20:43.426 [pool-2-thread-1] ERROR  -     Expected enabled element was not enabledBuild info: version: '3.141.59', revision: 'e82be7d358', time: '2018-11-14T08:17:03'System info: host: 'LAPTOP-9MG0RTAB', ip: '192.168.84.95', os.name: 'Windows 10', os.arch: 'amd64', os.version: '10.0', java.version: '11.0.14'Driver info: driver.version: unknown

03:20:57.745 [pool-2-thread-1] ERROR  - 
  _____   ___   ___   _____     ___     _     ___   _      ___   ___  
 |_   _| | __| / __| |_   _|   | __|   /_\   |_ _| | |    | __| |   \ 
   | |   | _|  \__ \   | |     | _|   / _ \   | |  | |__  | _|  | |) |
   |_|   |___| |___/   |_|     |_|   /_/ \_\ |___| |____| |___| |___/ 

user tidak memasukan nama depan
-----------------------------------------------------------------------

03:20:57.745 [pool-2-thread-1] DEBUG  - RELATED ISSUES: 

03:20:57.745 [pool-2-thread-1] ERROR  -     Test failed at step: Click tanggal

03:20:57.745 [pool-2-thread-1] ERROR  -     Expected enabled element was not enabledBuild info: version: '3.141.59', revision: 'e82be7d358', time: '2018-11-14T08:17:03'System info: host: 'LAPTOP-9MG0RTAB', ip: '192.168.84.95', os.name: 'Windows 10', os.arch: 'amd64', os.version: '10.0', java.version: '11.0.14'Driver info: driver.version: unknown

03:21:12.624 [pool-2-thread-1] INFO  - 
  _____   ___   ___   _____     ___   ___   _  _   ___    ___   _  _    ___ 
 |_   _| | __| / __| |_   _|   | _ \ | __| | \| | |   \  |_ _| | \| |  / __|
   | |   | _|  \__ \   | |     |  _/ | _|  | .` | | |) |  | |  | .` | | (_ |
   |_|   |___| |___/   |_|     |_|   |___| |_|\_| |___/  |___| |_|\_|  \___|

user tidak memasukkan password
-----------------------------------------------------------------------------

03:21:26.316 [pool-2-thread-1] ERROR  - 
  _____   ___   ___   _____     ___     _     ___   _      ___   ___  
 |_   _| | __| / __| |_   _|   | __|   /_\   |_ _| | |    | __| |   \ 
   | |   | _|  \__ \   | |     | _|   / _ \   | |  | |__  | _|  | |) |
   |_|   |___| |___/   |_|     |_|   /_/ \_\ |___| |____| |___| |___/ 

user tidak memasukkan nama belakang
-----------------------------------------------------------------------

03:21:26.316 [pool-2-thread-1] DEBUG  - RELATED ISSUES: 

03:21:26.316 [pool-2-thread-1] ERROR  -     Test failed at step: Click tanggal

03:21:26.316 [pool-2-thread-1] ERROR  -     Expected enabled element was not enabledBuild info: version: '3.141.59', revision: 'e82be7d358', time: '2018-11-14T08:17:03'System info: host: 'LAPTOP-9MG0RTAB', ip: '192.168.84.95', os.name: 'Windows 10', os.arch: 'amd64', os.version: '10.0', java.version: '11.0.14'Driver info: driver.version: unknown

03:21:44.732 [pool-2-thread-1] ERROR  - 
  _____   ___   ___   _____     ___     _     ___   _      ___   ___  
 |_   _| | __| / __| |_   _|   | __|   /_\   |_ _| | |    | __| |   \ 
   | |   | _|  \__ \   | |     | _|   / _ \   | |  | |__  | _|  | |) |
   |_|   |___| |___/   |_|     |_|   /_/ \_\ |___| |____| |___| |___/ 

user tidak memasukkan jenis kelamin
-----------------------------------------------------------------------

03:21:44.732 [pool-2-thread-1] DEBUG  - RELATED ISSUES: 

03:21:44.732 [pool-2-thread-1] ERROR  -     Test failed at step: Click tanggal

03:21:44.732 [pool-2-thread-1] ERROR  -     Expected enabled element was not enabledBuild info: version: '3.141.59', revision: 'e82be7d358', time: '2018-11-14T08:17:03'System info: host: 'LAPTOP-9MG0RTAB', ip: '192.168.84.95', os.name: 'Windows 10', os.arch: 'amd64', os.version: '10.0', java.version: '11.0.14'Driver info: driver.version: unknown

03:22:02.354 [pool-2-thread-1] ERROR  - 
  _____   ___   ___   _____     ___     _     ___   _      ___   ___  
 |_   _| | __| / __| |_   _|   | __|   /_\   |_ _| | |    | __| |   \ 
   | |   | _|  \__ \   | |     | _|   / _ \   | |  | |__  | _|  | |) |
   |_|   |___| |___/   |_|     |_|   /_/ \_\ |___| |____| |___| |___/ 

user tidak mengisi confirm password
-----------------------------------------------------------------------

03:22:02.354 [pool-2-thread-1] DEBUG  - RELATED ISSUES: 

03:22:02.354 [pool-2-thread-1] ERROR  -     Test failed at step: Click tanggal

03:22:02.355 [pool-2-thread-1] ERROR  -     Expected enabled element was not enabledBuild info: version: '3.141.59', revision: 'e82be7d358', time: '2018-11-14T08:17:03'System info: host: 'LAPTOP-9MG0RTAB', ip: '192.168.84.95', os.name: 'Windows 10', os.arch: 'amd64', os.version: '10.0', java.version: '11.0.14'Driver info: driver.version: unknown



&amp#27;[31mFailed scenarios:&amp#27;[0m


file:///D:/CAPSTONE%20PROJECT%20KELOMPOK%2032/WEB%20DISKUSIAZA/src/test/resources/web/LandingPage.feature:18 # User membuka search field


file:///D:/CAPSTONE%20PROJECT%20KELOMPOK%2032/WEB%20DISKUSIAZA/src/test/resources/web/PageJawab.feature:3 # User menjawab pertanyaan


file:///D:/CAPSTONE%20PROJECT%20KELOMPOK%2032/WEB%20DISKUSIAZA/src/test/resources/web/Register.feature:27 # user tidak memasukkan email


file:///D:/CAPSTONE%20PROJECT%20KELOMPOK%2032/WEB%20DISKUSIAZA/src/test/resources/web/Register.feature:38 # user tidak memasukan nama depan


file:///D:/CAPSTONE%20PROJECT%20KELOMPOK%2032/WEB%20DISKUSIAZA/src/test/resources/web/Register.feature:60 # user tidak memasukkan nama belakang


file:///D:/CAPSTONE%20PROJECT%20KELOMPOK%2032/WEB%20DISKUSIAZA/src/test/resources/web/Register.feature:71 # user tidak memasukkan jenis kelamin


file:///D:/CAPSTONE%20PROJECT%20KELOMPOK%2032/WEB%20DISKUSIAZA/src/test/resources/web/Register.feature:82 # user tidak mengisi confirm password




&amp#27;[33mUndefined scenarios:&amp#27;[0m


file:///D:/CAPSTONE%20PROJECT%20KELOMPOK%2032/WEB%20DISKUSIAZA/src/test/resources/web/Register.feature:3 # User input valid data


file:///D:/CAPSTONE%20PROJECT%20KELOMPOK%2032/WEB%20DISKUSIAZA/src/test/resources/web/Register.feature:15 # user input email tanpa menggunakan '@'


file:///D:/CAPSTONE%20PROJECT%20KELOMPOK%2032/WEB%20DISKUSIAZA/src/test/resources/web/Register.feature:49 # user tidak memasukkan password




29
 Scenarios (
&amp#27;[31m7 failed&amp#27;[0m
, 
&amp#27;[33m3 undefined&amp#27;[0m
, 
&amp#27;[32m19 passed&amp#27;[0m
)


148
 Steps (
&amp#27;[31m7 failed&amp#27;[0m
, 
&amp#27;[36m27 skipped&amp#27;[0m
, 
&amp#27;[33m3 undefined&amp#27;[0m
, 
&amp#27;[32m111 passed&amp#27;[0m
)


4m
50.530s






net.thucydides.core.webdriver.exceptions.ElementShouldBeEnabledException: Expected enabled element was not enabled


	at net.serenitybdd.core.pages.WebElementFacadeImpl.waitUntilEnabled(WebElementFacadeImpl.java:1178)


	at net.serenitybdd.core.pages.WebElementFacadeImpl.waitUntilElementAvailable(WebElementFacadeImpl.java:980)


	at net.serenitybdd.core.pages.WebElementFacadeImpl.click(WebElementFacadeImpl.java:1260)


	at net.serenitybdd.core.pages.WebElementFacadeImpl.click(WebElementFacadeImpl.java:1279)


	at rest.api@1.0-SNAPSHOT/Starter.LandingPage.clickSearchButton(LandingPage.java:49)


	at rest.api@1.0-SNAPSHOT/Starter.LandingPage$ByteBuddy$NhBefKpg.clickSearchButton$accessor$GKBuKPuo(Unknown Source)


	at java.base/jdk.internal.reflect.NativeMethodAccessorImpl.invoke0(Native Method)


	at java.base/jdk.internal.reflect.NativeMethodAccessorImpl.invoke(NativeMethodAccessorImpl.java:62)


	at java.base/jdk.internal.reflect.DelegatingMethodAccessorImpl.invoke(DelegatingMethodAccessorImpl.java:43)


	at java.base/java.lang.reflect.Method.invoke(Method.java:566)


	at net.thucydides.core.steps.StepInterceptor.invokeMethod(StepInterceptor.java:492)


	at net.thucydides.core.steps.StepInterceptor.executeTestStepMethod(StepInterceptor.java:472)


	at net.thucydides.core.steps.StepInterceptor.runTestStep(StepInterceptor.java:445)


	at net.thucydides.core.steps.StepInterceptor.runOrSkipMethod(StepInterceptor.java:201)


	at net.thucydides.core.steps.StepInterceptor.testStepResult(StepInterceptor.java:188)


	at net.thucydides.core.steps.StepInterceptor.intercept(StepInterceptor.java:76)


	at net.thucydides.core.steps.ProxyConfiguration$InterceptorDispatcher.intercept(ProxyConfiguration.java:51)


	at rest.api@1.0-SNAPSHOT/Starter.LandingPage$ByteBuddy$NhBefKpg.clickSearchButton(Unknown Source)


	at rest.api@1.0-SNAPSHOT/StepDefinition.LandingPageSteps.klikSearchField(LandingPageSteps.java:64)


	at ?.user klik search field(file:///D:/CAPSTONE%20PROJECT%20KELOMPOK%2032/WEB%20DISKUSIAZA/src/test/resources/web/LandingPage.feature:20)


Caused by: org.openqa.selenium.TimeoutException: Expected condition failed: waiting for By.xpath:  to be enabled (tried for 5 second(s) with 100 milliseconds interval)


	at org.openqa.selenium.support.ui.FluentWait.timeoutException(FluentWait.java:304)


	at org.openqa.selenium.support.ui.FluentWait.until(FluentWait.java:272)


	at net.serenitybdd.core.pages.WebElementFacadeImpl.waitUntilEnabled(WebElementFacadeImpl.java:1175)


	at net.serenitybdd.core.pages.WebElementFacadeImpl.waitUntilElementAvailable(WebElementFacadeImpl.java:980)


	at net.serenitybdd.core.pages.WebElementFacadeImpl.click(WebElementFacadeImpl.java:1260)


	at net.serenitybdd.core.pages.WebElementFacadeImpl.click(WebElementFacadeImpl.java:1279)


	at rest.api@1.0-SNAPSHOT/Starter.LandingPage.clickSearchButton(LandingPage.java:49)


	at rest.api@1.0-SNAPSHOT/Starter.LandingPage$ByteBuddy$NhBefKpg.clickSearchButton$accessor$GKBuKPuo(Unknown Source)


	at java.base/jdk.internal.reflect.NativeMethodAccessorImpl.invoke0(Native Method)


	at java.base/jdk.internal.reflect.NativeMethodAccessorImpl.invoke(NativeMethodAccessorImpl.java:62)


	at java.base/jdk.internal.reflect.DelegatingMethodAccessorImpl.invoke(DelegatingMethodAccessorImpl.java:43)


	at java.base/java.lang.reflect.Method.invoke(Method.java:566)


	at net.thucydides.core.steps.StepInterceptor.invokeMethod(StepInterceptor.java:492)


	at net.thucydides.core.steps.StepInterceptor.executeTestStepMethod(StepInterceptor.java:472)


	at net.thucydides.core.steps.StepInterceptor.runTestStep(StepInterceptor.java:445)


	at net.thucydides.core.steps.StepInterceptor.runOrSkipMethod(StepInterceptor.java:201)


	at net.thucydides.core.steps.StepInterceptor.testStepResult(StepInterceptor.java:188)


	at net.thucydides.core.steps.StepInterceptor.intercept(StepInterceptor.java:76)


	at net.thucydides.core.steps.ProxyConfiguration$InterceptorDispatcher.intercept(ProxyConfiguration.java:51)


	at rest.api@1.0-SNAPSHOT/Starter.LandingPage$ByteBuddy$NhBefKpg.clickSearchButton(Unknown Source)


	at rest.api@1.0-SNAPSHOT/StepDefinition.LandingPageSteps.klikSearchField(LandingPageSteps.java:64)


	at java.base/jdk.internal.reflect.NativeMethodAccessorImpl.invoke0(Native Method)


	at java.base/jdk.internal.reflect.NativeMethodAccessorImpl.invoke(NativeMethodAccessorImpl.java:62)


	at java.base/jdk.internal.reflect.DelegatingMethodAccessorImpl.invoke(DelegatingMethodAccessorImpl.java:43)


	at java.base/java.lang.reflect.Method.invoke(Method.java:566)


	at io.cucumber.java.Invoker.doInvoke(Invoker.java:66)


	at io.cucumber.java.Invoker.invoke(Invoker.java:24)


	at io.cucumber.java.AbstractGlueDefinition.invokeMethod(AbstractGlueDefinition.java:47)


	at io.cucumber.java.JavaStepDefinition.execute(JavaStepDefinition.java:29)


	at io.cucumber.core.runner.CoreStepDefinition.execute(CoreStepDefinition.java:66)


	at io.cucumber.core.runner.PickleStepDefinitionMatch.runStep(PickleStepDefinitionMatch.java:63)


	at io.cucumber.core.runner.ExecutionMode$1.execute(ExecutionMode.java:10)


	at io.cucumber.core.runner.TestStep.executeStep(TestStep.java:92)


	at io.cucumber.core.runner.TestStep.run(TestStep.java:64)


	at io.cucumber.core.runner.PickleStepTestStep.run(PickleStepTestStep.java:51)


	at io.cucumber.core.runner.TestCase.run(TestCase.java:104)


	at io.cucumber.core.runner.Runner.runPickle(Runner.java:73)


	at io.cucumber.junit.PickleRunners$NoStepDescriptions.run(PickleRunners.java:151)


	at io.cucumber.junit.FeatureRunner.runChild(FeatureRunner.java:135)


	at io.cucumber.junit.FeatureRunner.runChild(FeatureRunner.java:27)


	at org.junit.runners.ParentRunner$4.run(ParentRunner.java:331)


	at org.junit.runners.ParentRunner$1.schedule(ParentRunner.java:79)


	at org.junit.runners.ParentRunner.runChildren(ParentRunner.java:329)


	at org.junit.runners.ParentRunner.access$100(ParentRunner.java:66)


	at org.junit.runners.ParentRunner$2.evaluate(ParentRunner.java:293)


	at org.junit.runners.ParentRunner$3.evaluate(ParentRunner.java:306)


	at org.junit.runners.ParentRunner.run(ParentRunner.java:413)


	at io.cucumber.junit.CucumberSerenityRunner.runChild(CucumberSerenityRunner.java:258)


	at io.cucumber.junit.CucumberSerenityRunner.runChild(CucumberSerenityRunner.java:57)


	at org.junit.runners.ParentRunner$4.run(ParentRunner.java:331)


	at org.apache.maven.surefire.junitcore.pc.Scheduler$1.run(Scheduler.java:405)


	at org.apache.maven.surefire.junitcore.pc.InvokerStrategy.schedule(InvokerStrategy.java:54)


	at org.apache.maven.surefire.junitcore.pc.Scheduler.schedule(Scheduler.java:362)


	at org.junit.runners.ParentRunner.runChildren(ParentRunner.java:329)


	at org.junit.runners.ParentRunner.access$100(ParentRunner.java:66)


	at org.junit.runners.ParentRunner$2.evaluate(ParentRunner.java:293)


	at io.cucumber.junit.CucumberSerenityRunner$RunCucumber.evaluate(CucumberSerenityRunner.java:286)


	at org.junit.runners.ParentRunner$3.evaluate(ParentRunner.java:306)


	at org.junit.runners.ParentRunner.run(ParentRunner.java:413)


	at org.junit.runners.Suite.runChild(Suite.java:128)


	at org.junit.runners.Suite.runChild(Suite.java:27)


	at org.junit.runners.ParentRunner$4.run(ParentRunner.java:331)


	at org.apache.maven.surefire.junitcore.pc.Scheduler$1.run(Scheduler.java:405)


	at java.base/java.util.concurrent.Executors$RunnableAdapter.call(Executors.java:515)


	at java.base/java.util.concurrent.FutureTask.run(FutureTask.java:264)


	at java.base/java.util.concurrent.ThreadPoolExecutor.runWorker(ThreadPoolExecutor.java:1128)


	at java.base/java.util.concurrent.ThreadPoolExecutor$Worker.run(ThreadPoolExecutor.java:628)


	at java.base/java.lang.Thread.run(Thread.java:834)


Caused by: org.openqa.selenium.InvalidSelectorException: invalid selector: Unable to locate an element with the xpath expression  because of the following error:
SyntaxError: Failed to execute 'evaluate' on 'Document': The string '' is not a valid XPath expression.
  (Session info: chrome=103.0.5060.114)
For documentation on this error, please visit: https://www.seleniumhq.org/exceptions/invalid_selector_exception.html
Build info: version: '3.141.59', revision: 'e82be7d358', time: '2018-11-14T08:17:03'
System info: host: 'LAPTOP-9MG0RTAB', ip: '192.168.84.95', os.name: 'Windows 10', os.arch: 'amd64', os.version: '10.0', java.version: '11.0.14'
Driver info: org.openqa.selenium.chrome.ChromeDriver
Capabilities {acceptInsecureCerts: false, browserName: chrome, browserVersion: 103.0.5060.114, chrome: {chromedriverVersion: 103.0.5060.53 (a1711811edd7..., userDataDir: C:\Users\SITINU~1\AppData\L...}, goog:chromeOptions: {debuggerAddress: localhost:50293}, javascriptEnabled: true, networkConnectionEnabled: false, pageLoadStrategy: normal, platform: WINDOWS, platformName: WINDOWS, proxy: Proxy(), setWindowRect: true, strictFileInteractability: false, timeouts: {implicit: 0, pageLoad: 300000, script: 30000}, unhandledPromptBehavior: dismiss and notify, webauthn:extension:credBlob: true, webauthn:extension:largeBlob: true, webauthn:virtualAuthenticators: true}
Session ID: 5d4fa823ca0134b0681fbd60614bbd80
*** Element info: {Using=xpath, value=}


	at jdk.internal.reflect.GeneratedConstructorAccessor17.newInstance(Unknown Source)


	at java.base/jdk.internal.reflect.DelegatingConstructorAccessorImpl.newInstance(DelegatingConstructorAccessorImpl.java:45)


	at java.base/java.lang.reflect.Constructor.newInstance(Constructor.java:490)


	at org.openqa.selenium.remote.http.W3CHttpResponseCodec.createException(W3CHttpResponseCodec.java:187)


	at org.openqa.selenium.remote.http.W3CHttpResponseCodec.decode(W3CHttpResponseCodec.java:122)


	at org.openqa.selenium.remote.http.W3CHttpResponseCodec.decode(W3CHttpResponseCodec.java:49)


	at org.openqa.selenium.remote.HttpCommandExecutor.execute(HttpCommandExecutor.java:158)


	at org.openqa.selenium.remote.service.DriverCommandExecutor.execute(DriverCommandExecutor.java:83)


	at org.openqa.selenium.remote.RemoteWebDriver.execute(RemoteWebDriver.java:552)


	at org.openqa.selenium.remote.RemoteWebDriver.findElement(RemoteWebDriver.java:323)


	at org.openqa.selenium.remote.RemoteWebDriver.findElementByXPath(RemoteWebDriver.java:428)


	at org.openqa.selenium.By$ByXPath.findElement(By.java:353)


	at org.openqa.selenium.remote.RemoteWebDriver.findElement(RemoteWebDriver.java:315)


	at net.thucydides.core.webdriver.WebDriverFacade.findElement(WebDriverFacade.java:222)


	at net.serenitybdd.core.pages.WebElementResolverByLocator.resolveForDriver(WebElementResolverByLocator.java:25)


	at net.serenitybdd.core.pages.WebElementFacadeImpl.getResolvedElement(WebElementFacadeImpl.java:231)


	at net.serenitybdd.core.pages.WebElementFacadeImpl.getElement(WebElementFacadeImpl.java:226)


	at net.serenitybdd.core.pages.WebElementExpectations$3.apply(WebElementExpectations.java:63)


	at net.serenitybdd.core.pages.WebElementExpectations$3.apply(WebElementExpectations.java:55)


	at org.openqa.selenium.support.ui.FluentWait.until(FluentWait.java:249)


	... 66 more




net.thucydides.core.webdriver.exceptions.ElementShouldBeEnabledException: Expected enabled element was not enabled


	at net.serenitybdd.core.pages.WebElementFacadeImpl.waitUntilEnabled(WebElementFacadeImpl.java:1178)


	at net.serenitybdd.core.pages.WebElementFacadeImpl.waitUntilElementAvailable(WebElementFacadeImpl.java:980)


	at net.serenitybdd.core.pages.WebElementFacadeImpl.click(WebElementFacadeImpl.java:1260)


	at net.serenitybdd.core.pages.WebElementFacadeImpl.click(WebElementFacadeImpl.java:1279)


	at rest.api@1.0-SNAPSHOT/Starter.PageJawab.clickJawabButton(PageJawab.java:15)


	at rest.api@1.0-SNAPSHOT/Starter.PageJawab$ByteBuddy$8rQhoGx1.clickJawabButton$accessor$OE22ObDg(Unknown Source)


	at java.base/jdk.internal.reflect.NativeMethodAccessorImpl.invoke0(Native Method)


	at java.base/jdk.internal.reflect.NativeMethodAccessorImpl.invoke(NativeMethodAccessorImpl.java:62)


	at java.base/jdk.internal.reflect.DelegatingMethodAccessorImpl.invoke(DelegatingMethodAccessorImpl.java:43)


	at java.base/java.lang.reflect.Method.invoke(Method.java:566)


	at net.thucydides.core.steps.StepInterceptor.invokeMethod(StepInterceptor.java:492)


	at net.thucydides.core.steps.StepInterceptor.executeTestStepMethod(StepInterceptor.java:472)


	at net.thucydides.core.steps.StepInterceptor.runTestStep(StepInterceptor.java:445)


	at net.thucydides.core.steps.StepInterceptor.runOrSkipMethod(StepInterceptor.java:201)


	at net.thucydides.core.steps.StepInterceptor.testStepResult(StepInterceptor.java:188)


	at net.thucydides.core.steps.StepInterceptor.intercept(StepInterceptor.java:76)


	at net.thucydides.core.steps.ProxyConfiguration$InterceptorDispatcher.intercept(ProxyConfiguration.java:51)


	at rest.api@1.0-SNAPSHOT/Starter.PageJawab$ByteBuddy$8rQhoGx1.clickJawabButton(Unknown Source)


	at rest.api@1.0-SNAPSHOT/StepDefinition.PageJawabSteps.pilihPertanyaan(PageJawabSteps.java:23)


	at ?.user memilih pertanyaan(file:///D:/CAPSTONE%20PROJECT%20KELOMPOK%2032/WEB%20DISKUSIAZA/src/test/resources/web/PageJawab.feature:5)


Caused by: org.openqa.selenium.TimeoutException: Expected condition failed: waiting for By.xpath:  to be enabled (tried for 5 second(s) with 100 milliseconds interval)


	at org.openqa.selenium.support.ui.FluentWait.timeoutException(FluentWait.java:304)


	at org.openqa.selenium.support.ui.FluentWait.until(FluentWait.java:272)


	at net.serenitybdd.core.pages.WebElementFacadeImpl.waitUntilEnabled(WebElementFacadeImpl.java:1175)


	at net.serenitybdd.core.pages.WebElementFacadeImpl.waitUntilElementAvailable(WebElementFacadeImpl.java:980)


	at net.serenitybdd.core.pages.WebElementFacadeImpl.click(WebElementFacadeImpl.java:1260)


	at net.serenitybdd.core.pages.WebElementFacadeImpl.click(WebElementFacadeImpl.java:1279)


	at rest.api@1.0-SNAPSHOT/Starter.PageJawab.clickJawabButton(PageJawab.java:15)


	at rest.api@1.0-SNAPSHOT/Starter.PageJawab$ByteBuddy$8rQhoGx1.clickJawabButton$accessor$OE22ObDg(Unknown Source)


	at java.base/jdk.internal.reflect.NativeMethodAccessorImpl.invoke0(Native Method)


	at java.base/jdk.internal.reflect.NativeMethodAccessorImpl.invoke(NativeMethodAccessorImpl.java:62)


	at java.base/jdk.internal.reflect.DelegatingMethodAccessorImpl.invoke(DelegatingMethodAccessorImpl.java:43)


	at java.base/java.lang.reflect.Method.invoke(Method.java:566)


	at net.thucydides.core.steps.StepInterceptor.invokeMethod(StepInterceptor.java:492)


	at net.thucydides.core.steps.StepInterceptor.executeTestStepMethod(StepInterceptor.java:472)


	at net.thucydides.core.steps.StepInterceptor.runTestStep(StepInterceptor.java:445)


	at net.thucydides.core.steps.StepInterceptor.runOrSkipMethod(StepInterceptor.java:201)


	at net.thucydides.core.steps.StepInterceptor.testStepResult(StepInterceptor.java:188)


	at net.thucydides.core.steps.StepInterceptor.intercept(StepInterceptor.java:76)


	at net.thucydides.core.steps.ProxyConfiguration$InterceptorDispatcher.intercept(ProxyConfiguration.java:51)


	at rest.api@1.0-SNAPSHOT/Starter.PageJawab$ByteBuddy$8rQhoGx1.clickJawabButton(Unknown Source)


	at rest.api@1.0-SNAPSHOT/StepDefinition.PageJawabSteps.pilihPertanyaan(PageJawabSteps.java:23)


	at java.base/jdk.internal.reflect.NativeMethodAccessorImpl.invoke0(Native Method)


	at java.base/jdk.internal.reflect.NativeMethodAccessorImpl.invoke(NativeMethodAccessorImpl.java:62)


	at java.base/jdk.internal.reflect.DelegatingMethodAccessorImpl.invoke(DelegatingMethodAccessorImpl.java:43)


	at java.base/java.lang.reflect.Method.invoke(Method.java:566)


	at io.cucumber.java.Invoker.doInvoke(Invoker.java:66)


	at io.cucumber.java.Invoker.invoke(Invoker.java:24)


	at io.cucumber.java.AbstractGlueDefinition.invokeMethod(AbstractGlueDefinition.java:47)


	at io.cucumber.java.JavaStepDefinition.execute(JavaStepDefinition.java:29)


	at io.cucumber.core.runner.CoreStepDefinition.execute(CoreStepDefinition.java:66)


	at io.cucumber.core.runner.PickleStepDefinitionMatch.runStep(PickleStepDefinitionMatch.java:63)


	at io.cucumber.core.runner.ExecutionMode$1.execute(ExecutionMode.java:10)


	at io.cucumber.core.runner.TestStep.executeStep(TestStep.java:92)


	at io.cucumber.core.runner.TestStep.run(TestStep.java:64)


	at io.cucumber.core.runner.PickleStepTestStep.run(PickleStepTestStep.java:51)


	at io.cucumber.core.runner.TestCase.run(TestCase.java:104)


	at io.cucumber.core.runner.Runner.runPickle(Runner.java:73)


	at io.cucumber.junit.PickleRunners$NoStepDescriptions.run(PickleRunners.java:151)


	at io.cucumber.junit.FeatureRunner.runChild(FeatureRunner.java:135)


	at io.cucumber.junit.FeatureRunner.runChild(FeatureRunner.java:27)


	at org.junit.runners.ParentRunner$4.run(ParentRunner.java:331)


	at org.junit.runners.ParentRunner$1.schedule(ParentRunner.java:79)


	at org.junit.runners.ParentRunner.runChildren(ParentRunner.java:329)


	at org.junit.runners.ParentRunner.access$100(ParentRunner.java:66)


	at org.junit.runners.ParentRunner$2.evaluate(ParentRunner.java:293)


	at org.junit.runners.ParentRunner$3.evaluate(ParentRunner.java:306)


	at org.junit.runners.ParentRunner.run(ParentRunner.java:413)


	at io.cucumber.junit.CucumberSerenityRunner.runChild(CucumberSerenityRunner.java:258)


	at io.cucumber.junit.CucumberSerenityRunner.runChild(CucumberSerenityRunner.java:57)


	at org.junit.runners.ParentRunner$4.run(ParentRunner.java:331)


	at org.apache.maven.surefire.junitcore.pc.Scheduler$1.run(Scheduler.java:405)


	at org.apache.maven.surefire.junitcore.pc.InvokerStrategy.schedule(InvokerStrategy.java:54)


	at org.apache.maven.surefire.junitcore.pc.Scheduler.schedule(Scheduler.java:362)


	at org.junit.runners.ParentRunner.runChildren(ParentRunner.java:329)


	at org.junit.runners.ParentRunner.access$100(ParentRunner.java:66)


	at org.junit.runners.ParentRunner$2.evaluate(ParentRunner.java:293)


	at io.cucumber.junit.CucumberSerenityRunner$RunCucumber.evaluate(CucumberSerenityRunner.java:286)


	at org.junit.runners.ParentRunner$3.evaluate(ParentRunner.java:306)


	at org.junit.runners.ParentRunner.run(ParentRunner.java:413)


	at org.junit.runners.Suite.runChild(Suite.java:128)


	at org.junit.runners.Suite.runChild(Suite.java:27)


	at org.junit.runners.ParentRunner$4.run(ParentRunner.java:331)


	at org.apache.maven.surefire.junitcore.pc.Scheduler$1.run(Scheduler.java:405)


	at java.base/java.util.concurrent.Executors$RunnableAdapter.call(Executors.java:515)


	at java.base/java.util.concurrent.FutureTask.run(FutureTask.java:264)


	at java.base/java.util.concurrent.ThreadPoolExecutor.runWorker(ThreadPoolExecutor.java:1128)


	at java.base/java.util.concurrent.ThreadPoolExecutor$Worker.run(ThreadPoolExecutor.java:628)


	at java.base/java.lang.Thread.run(Thread.java:834)


Caused by: org.openqa.selenium.InvalidSelectorException: invalid selector: Unable to locate an element with the xpath expression  because of the following error:
SyntaxError: Failed to execute 'evaluate' on 'Document': The string '' is not a valid XPath expression.
  (Session info: chrome=103.0.5060.114)
For documentation on this error, please visit: https://www.seleniumhq.org/exceptions/invalid_selector_exception.html
Build info: version: '3.141.59', revision: 'e82be7d358', time: '2018-11-14T08:17:03'
System info: host: 'LAPTOP-9MG0RTAB', ip: '192.168.84.95', os.name: 'Windows 10', os.arch: 'amd64', os.version: '10.0', java.version: '11.0.14'
Driver info: org.openqa.selenium.chrome.ChromeDriver
Capabilities {acceptInsecureCerts: false, browserName: chrome, browserVersion: 103.0.5060.114, chrome: {chromedriverVersion: 103.0.5060.53 (a1711811edd7..., userDataDir: C:\Users\SITINU~1\AppData\L...}, goog:chromeOptions: {debuggerAddress: localhost:50658}, javascriptEnabled: true, networkConnectionEnabled: false, pageLoadStrategy: normal, platform: WINDOWS, platformName: WINDOWS, proxy: Proxy(), setWindowRect: true, strictFileInteractability: false, timeouts: {implicit: 0, pageLoad: 300000, script: 30000}, unhandledPromptBehavior: dismiss and notify, webauthn:extension:credBlob: true, webauthn:extension:largeBlob: true, webauthn:virtualAuthenticators: true}
Session ID: 6fcc2e2fa7e4d5c37c43c627d58fdf6d
*** Element info: {Using=xpath, value=}


	at jdk.internal.reflect.GeneratedConstructorAccessor17.newInstance(Unknown Source)


	at java.base/jdk.internal.reflect.DelegatingConstructorAccessorImpl.newInstance(DelegatingConstructorAccessorImpl.java:45)


	at java.base/java.lang.reflect.Constructor.newInstance(Constructor.java:490)


	at org.openqa.selenium.remote.http.W3CHttpResponseCodec.createException(W3CHttpResponseCodec.java:187)


	at org.openqa.selenium.remote.http.W3CHttpResponseCodec.decode(W3CHttpResponseCodec.java:122)


	at org.openqa.selenium.remote.http.W3CHttpResponseCodec.decode(W3CHttpResponseCodec.java:49)


	at org.openqa.selenium.remote.HttpCommandExecutor.execute(HttpCommandExecutor.java:158)


	at org.openqa.selenium.remote.service.DriverCommandExecutor.execute(DriverCommandExecutor.java:83)


	at org.openqa.selenium.remote.RemoteWebDriver.execute(RemoteWebDriver.java:552)


	at org.openqa.selenium.remote.RemoteWebDriver.findElement(RemoteWebDriver.java:323)


	at org.openqa.selenium.remote.RemoteWebDriver.findElementByXPath(RemoteWebDriver.java:428)


	at org.openqa.selenium.By$ByXPath.findElement(By.java:353)


	at org.openqa.selenium.remote.RemoteWebDriver.findElement(RemoteWebDriver.java:315)


	at net.thucydides.core.webdriver.WebDriverFacade.findElement(WebDriverFacade.java:222)


	at net.serenitybdd.core.pages.WebElementResolverByLocator.resolveForDriver(WebElementResolverByLocator.java:25)


	at net.serenitybdd.core.pages.WebElementFacadeImpl.getResolvedElement(WebElementFacadeImpl.java:231)


	at net.serenitybdd.core.pages.WebElementFacadeImpl.getElement(WebElementFacadeImpl.java:226)


	at net.serenitybdd.core.pages.WebElementExpectations$3.apply(WebElementExpectations.java:63)


	at net.serenitybdd.core.pages.WebElementExpectations$3.apply(WebElementExpectations.java:55)


	at org.openqa.selenium.support.ui.FluentWait.until(FluentWait.java:249)


	... 66 more




net.thucydides.core.webdriver.exceptions.ElementShouldBeEnabledException: Expected enabled element was not enabled


	at net.serenitybdd.core.pages.WebElementFacadeImpl.waitUntilEnabled(WebElementFacadeImpl.java:1178)


	at net.serenitybdd.core.pages.WebElementFacadeImpl.waitUntilElementAvailable(WebElementFacadeImpl.java:980)


	at net.serenitybdd.core.pages.WebElementFacadeImpl.click(WebElementFacadeImpl.java:1260)


	at net.serenitybdd.core.pages.WebElementFacadeImpl.click(WebElementFacadeImpl.java:1279)


	at rest.api@1.0-SNAPSHOT/Starter.RegisterPage.clickTanggal(RegisterPage.java:37)


	at rest.api@1.0-SNAPSHOT/Starter.RegisterPage$ByteBuddy$rPD7RyVp.clickTanggal$accessor$WtkDHrxS(Unknown Source)


	at java.base/jdk.internal.reflect.NativeMethodAccessorImpl.invoke0(Native Method)


	at java.base/jdk.internal.reflect.NativeMethodAccessorImpl.invoke(NativeMethodAccessorImpl.java:62)


	at java.base/jdk.internal.reflect.DelegatingMethodAccessorImpl.invoke(DelegatingMethodAccessorImpl.java:43)


	at java.base/java.lang.reflect.Method.invoke(Method.java:566)


	at net.thucydides.core.steps.StepInterceptor.invokeMethod(StepInterceptor.java:492)


	at net.thucydides.core.steps.StepInterceptor.executeTestStepMethod(StepInterceptor.java:472)


	at net.thucydides.core.steps.StepInterceptor.runTestStep(StepInterceptor.java:445)


	at net.thucydides.core.steps.StepInterceptor.runOrSkipMethod(StepInterceptor.java:201)


	at net.thucydides.core.steps.StepInterceptor.testStepResult(StepInterceptor.java:188)


	at net.thucydides.core.steps.StepInterceptor.intercept(StepInterceptor.java:76)


	at net.thucydides.core.steps.ProxyConfiguration$InterceptorDispatcher.intercept(ProxyConfiguration.java:51)


	at rest.api@1.0-SNAPSHOT/Starter.RegisterPage$ByteBuddy$rPD7RyVp.clickTanggal(Unknown Source)


	at rest.api@1.0-SNAPSHOT/StepDefinition.RegisterSteps.inputValidTanggalLahir3(RegisterSteps.java:115)


	at ?.user input valid tanggal lahir3 01, 12, 2001(file:///D:/CAPSTONE%20PROJECT%20KELOMPOK%2032/WEB%20DISKUSIAZA/src/test/resources/web/Register.feature:33)


Caused by: org.openqa.selenium.TimeoutException: Expected condition failed: waiting for By.xpath: //*[@id="__BVID__54"]/option[15] to be enabled (tried for 5 second(s) with 100 milliseconds interval)


	at org.openqa.selenium.support.ui.FluentWait.timeoutException(FluentWait.java:304)


	at org.openqa.selenium.support.ui.FluentWait.until(FluentWait.java:272)


	at net.serenitybdd.core.pages.WebElementFacadeImpl.waitUntilEnabled(WebElementFacadeImpl.java:1175)


	at net.serenitybdd.core.pages.WebElementFacadeImpl.waitUntilElementAvailable(WebElementFacadeImpl.java:980)


	at net.serenitybdd.core.pages.WebElementFacadeImpl.click(WebElementFacadeImpl.java:1260)


	at net.serenitybdd.core.pages.WebElementFacadeImpl.click(WebElementFacadeImpl.java:1279)


	at rest.api@1.0-SNAPSHOT/Starter.RegisterPage.clickTanggal(RegisterPage.java:37)


	at rest.api@1.0-SNAPSHOT/Starter.RegisterPage$ByteBuddy$rPD7RyVp.clickTanggal$accessor$WtkDHrxS(Unknown Source)


	at java.base/jdk.internal.reflect.NativeMethodAccessorImpl.invoke0(Native Method)


	at java.base/jdk.internal.reflect.NativeMethodAccessorImpl.invoke(NativeMethodAccessorImpl.java:62)


	at java.base/jdk.internal.reflect.DelegatingMethodAccessorImpl.invoke(DelegatingMethodAccessorImpl.java:43)


	at java.base/java.lang.reflect.Method.invoke(Method.java:566)


	at net.thucydides.core.steps.StepInterceptor.invokeMethod(StepInterceptor.java:492)


	at net.thucydides.core.steps.StepInterceptor.executeTestStepMethod(StepInterceptor.java:472)


	at net.thucydides.core.steps.StepInterceptor.runTestStep(StepInterceptor.java:445)


	at net.thucydides.core.steps.StepInterceptor.runOrSkipMethod(StepInterceptor.java:201)


	at net.thucydides.core.steps.StepInterceptor.testStepResult(StepInterceptor.java:188)


	at net.thucydides.core.steps.StepInterceptor.intercept(StepInterceptor.java:76)


	at net.thucydides.core.steps.ProxyConfiguration$InterceptorDispatcher.intercept(ProxyConfiguration.java:51)


	at rest.api@1.0-SNAPSHOT/Starter.RegisterPage$ByteBuddy$rPD7RyVp.clickTanggal(Unknown Source)


	at rest.api@1.0-SNAPSHOT/StepDefinition.RegisterSteps.inputValidTanggalLahir3(RegisterSteps.java:115)


	at java.base/jdk.internal.reflect.NativeMethodAccessorImpl.invoke0(Native Method)


	at java.base/jdk.internal.reflect.NativeMethodAccessorImpl.invoke(NativeMethodAccessorImpl.java:62)


	at java.base/jdk.internal.reflect.DelegatingMethodAccessorImpl.invoke(DelegatingMethodAccessorImpl.java:43)


	at java.base/java.lang.reflect.Method.invoke(Method.java:566)


	at io.cucumber.java.Invoker.doInvoke(Invoker.java:66)


	at io.cucumber.java.Invoker.invoke(Invoker.java:24)


	at io.cucumber.java.AbstractGlueDefinition.invokeMethod(AbstractGlueDefinition.java:47)


	at io.cucumber.java.JavaStepDefinition.execute(JavaStepDefinition.java:29)


	at io.cucumber.core.runner.CoreStepDefinition.execute(CoreStepDefinition.java:66)


	at io.cucumber.core.runner.PickleStepDefinitionMatch.runStep(PickleStepDefinitionMatch.java:63)


	at io.cucumber.core.runner.ExecutionMode$1.execute(ExecutionMode.java:10)


	at io.cucumber.core.runner.TestStep.executeStep(TestStep.java:92)


	at io.cucumber.core.runner.TestStep.run(TestStep.java:64)


	at io.cucumber.core.runner.PickleStepTestStep.run(PickleStepTestStep.java:51)


	at io.cucumber.core.runner.TestCase.run(TestCase.java:104)


	at io.cucumber.core.runner.Runner.runPickle(Runner.java:73)


	at io.cucumber.junit.PickleRunners$NoStepDescriptions.run(PickleRunners.java:151)


	at io.cucumber.junit.FeatureRunner.runChild(FeatureRunner.java:135)


	at io.cucumber.junit.FeatureRunner.runChild(FeatureRunner.java:27)


	at org.junit.runners.ParentRunner$4.run(ParentRunner.java:331)


	at org.junit.runners.ParentRunner$1.schedule(ParentRunner.java:79)


	at org.junit.runners.ParentRunner.runChildren(ParentRunner.java:329)


	at org.junit.runners.ParentRunner.access$100(ParentRunner.java:66)


	at org.junit.runners.ParentRunner$2.evaluate(ParentRunner.java:293)


	at org.junit.runners.ParentRunner$3.evaluate(ParentRunner.java:306)


	at org.junit.runners.ParentRunner.run(ParentRunner.java:413)


	at io.cucumber.junit.CucumberSerenityRunner.runChild(CucumberSerenityRunner.java:258)


	at io.cucumber.junit.CucumberSerenityRunner.runChild(CucumberSerenityRunner.java:57)


	at org.junit.runners.ParentRunner$4.run(ParentRunner.java:331)


	at org.apache.maven.surefire.junitcore.pc.Scheduler$1.run(Scheduler.java:405)


	at org.apache.maven.surefire.junitcore.pc.InvokerStrategy.schedule(InvokerStrategy.java:54)


	at org.apache.maven.surefire.junitcore.pc.Scheduler.schedule(Scheduler.java:362)


	at org.junit.runners.ParentRunner.runChildren(ParentRunner.java:329)


	at org.junit.runners.ParentRunner.access$100(ParentRunner.java:66)


	at org.junit.runners.ParentRunner$2.evaluate(ParentRunner.java:293)


	at io.cucumber.junit.CucumberSerenityRunner$RunCucumber.evaluate(CucumberSerenityRunner.java:286)


	at org.junit.runners.ParentRunner$3.evaluate(ParentRunner.java:306)


	at org.junit.runners.ParentRunner.run(ParentRunner.java:413)


	at org.junit.runners.Suite.runChild(Suite.java:128)


	at org.junit.runners.Suite.runChild(Suite.java:27)


	at org.junit.runners.ParentRunner$4.run(ParentRunner.java:331)


	at org.apache.maven.surefire.junitcore.pc.Scheduler$1.run(Scheduler.java:405)


	at java.base/java.util.concurrent.Executors$RunnableAdapter.call(Executors.java:515)


	at java.base/java.util.concurrent.FutureTask.run(FutureTask.java:264)


	at java.base/java.util.concurrent.ThreadPoolExecutor.runWorker(ThreadPoolExecutor.java:1128)


	at java.base/java.util.concurrent.ThreadPoolExecutor$Worker.run(ThreadPoolExecutor.java:628)


	at java.base/java.lang.Thread.run(Thread.java:834)


Caused by: org.openqa.selenium.NoSuchElementException: no such element: Unable to locate element: {"method":"xpath","selector":"//*[@id="__BVID__54"]/option[15]"}
  (Session info: chrome=103.0.5060.114)
For documentation on this error, please visit: https://www.seleniumhq.org/exceptions/no_such_element.html
Build info: version: '3.141.59', revision: 'e82be7d358', time: '2018-11-14T08:17:03'
System info: host: 'LAPTOP-9MG0RTAB', ip: '192.168.84.95', os.name: 'Windows 10', os.arch: 'amd64', os.version: '10.0', java.version: '11.0.14'
Driver info: org.openqa.selenium.chrome.ChromeDriver
Capabilities {acceptInsecureCerts: false, browserName: chrome, browserVersion: 103.0.5060.114, chrome: {chromedriverVersion: 103.0.5060.53 (a1711811edd7..., userDataDir: C:\Users\SITINU~1\AppData\L...}, goog:chromeOptions: {debuggerAddress: localhost:50743}, javascriptEnabled: true, networkConnectionEnabled: false, pageLoadStrategy: normal, platform: WINDOWS, platformName: WINDOWS, proxy: Proxy(), setWindowRect: true, strictFileInteractability: false, timeouts: {implicit: 0, pageLoad: 300000, script: 30000}, unhandledPromptBehavior: dismiss and notify, webauthn:extension:credBlob: true, webauthn:extension:largeBlob: true, webauthn:virtualAuthenticators: true}
Session ID: 3672633831dd6e966ec2c105246efd10
*** Element info: {Using=xpath, value=//*[@id="__BVID__54"]/option[15]}


	at java.base/jdk.internal.reflect.NativeConstructorAccessorImpl.newInstance0(Native Method)


	at java.base/jdk.internal.reflect.NativeConstructorAccessorImpl.newInstance(NativeConstructorAccessorImpl.java:62)


	at java.base/jdk.internal.reflect.DelegatingConstructorAccessorImpl.newInstance(DelegatingConstructorAccessorImpl.java:45)


	at java.base/java.lang.reflect.Constructor.newInstance(Constructor.java:490)


	at org.openqa.selenium.remote.http.W3CHttpResponseCodec.createException(W3CHttpResponseCodec.java:187)


	at org.openqa.selenium.remote.http.W3CHttpResponseCodec.decode(W3CHttpResponseCodec.java:122)


	at org.openqa.selenium.remote.http.W3CHttpResponseCodec.decode(W3CHttpResponseCodec.java:49)


	at org.openqa.selenium.remote.HttpCommandExecutor.execute(HttpCommandExecutor.java:158)


	at org.openqa.selenium.remote.service.DriverCommandExecutor.execute(DriverCommandExecutor.java:83)


	at org.openqa.selenium.remote.RemoteWebDriver.execute(RemoteWebDriver.java:552)


	at org.openqa.selenium.remote.RemoteWebDriver.findElement(RemoteWebDriver.java:323)


	at org.openqa.selenium.remote.RemoteWebDriver.findElementByXPath(RemoteWebDriver.java:428)


	at org.openqa.selenium.By$ByXPath.findElement(By.java:353)


	at org.openqa.selenium.remote.RemoteWebDriver.findElement(RemoteWebDriver.java:315)


	at net.thucydides.core.webdriver.WebDriverFacade.findElement(WebDriverFacade.java:222)


	at net.serenitybdd.core.pages.WebElementResolverByLocator.resolveForDriver(WebElementResolverByLocator.java:25)


	at net.serenitybdd.core.pages.WebElementFacadeImpl.getResolvedElement(WebElementFacadeImpl.java:231)


	at net.serenitybdd.core.pages.WebElementFacadeImpl.getElement(WebElementFacadeImpl.java:226)


	at net.serenitybdd.core.pages.WebElementExpectations$3.apply(WebElementExpectations.java:63)


	at net.serenitybdd.core.pages.WebElementExpectations$3.apply(WebElementExpectations.java:55)


	at org.openqa.selenium.support.ui.FluentWait.until(FluentWait.java:249)


	... 66 more




net.thucydides.core.webdriver.exceptions.ElementShouldBeEnabledException: Expected enabled element was not enabled


	at net.serenitybdd.core.pages.WebElementFacadeImpl.waitUntilEnabled(WebElementFacadeImpl.java:1178)


	at net.serenitybdd.core.pages.WebElementFacadeImpl.waitUntilElementAvailable(WebElementFacadeImpl.java:980)


	at net.serenitybdd.core.pages.WebElementFacadeImpl.click(WebElementFacadeImpl.java:1260)


	at net.serenitybdd.core.pages.WebElementFacadeImpl.click(WebElementFacadeImpl.java:1279)


	at rest.api@1.0-SNAPSHOT/Starter.RegisterPage.clickTanggal(RegisterPage.java:37)


	at rest.api@1.0-SNAPSHOT/Starter.RegisterPage$ByteBuddy$rPD7RyVp.clickTanggal$accessor$WtkDHrxS(Unknown Source)


	at java.base/jdk.internal.reflect.NativeMethodAccessorImpl.invoke0(Native Method)


	at java.base/jdk.internal.reflect.NativeMethodAccessorImpl.invoke(NativeMethodAccessorImpl.java:62)


	at java.base/jdk.internal.reflect.DelegatingMethodAccessorImpl.invoke(DelegatingMethodAccessorImpl.java:43)


	at java.base/java.lang.reflect.Method.invoke(Method.java:566)


	at net.thucydides.core.steps.StepInterceptor.invokeMethod(StepInterceptor.java:492)


	at net.thucydides.core.steps.StepInterceptor.executeTestStepMethod(StepInterceptor.java:472)


	at net.thucydides.core.steps.StepInterceptor.runTestStep(StepInterceptor.java:445)


	at net.thucydides.core.steps.StepInterceptor.runOrSkipMethod(StepInterceptor.java:201)


	at net.thucydides.core.steps.StepInterceptor.testStepResult(StepInterceptor.java:188)


	at net.thucydides.core.steps.StepInterceptor.intercept(StepInterceptor.java:76)


	at net.thucydides.core.steps.ProxyConfiguration$InterceptorDispatcher.intercept(ProxyConfiguration.java:51)


	at rest.api@1.0-SNAPSHOT/Starter.RegisterPage$ByteBuddy$rPD7RyVp.clickTanggal(Unknown Source)


	at rest.api@1.0-SNAPSHOT/StepDefinition.RegisterSteps.inputValidTanggalLahir4(RegisterSteps.java:164)


	at ?.user input valid tanggal lahir4 01, 12, 2001(file:///D:/CAPSTONE%20PROJECT%20KELOMPOK%2032/WEB%20DISKUSIAZA/src/test/resources/web/Register.feature:44)


Caused by: org.openqa.selenium.TimeoutException: Expected condition failed: waiting for By.xpath: //*[@id="__BVID__54"]/option[15] to be enabled (tried for 5 second(s) with 100 milliseconds interval)


	at org.openqa.selenium.support.ui.FluentWait.timeoutException(FluentWait.java:304)


	at org.openqa.selenium.support.ui.FluentWait.until(FluentWait.java:272)


	at net.serenitybdd.core.pages.WebElementFacadeImpl.waitUntilEnabled(WebElementFacadeImpl.java:1175)


	at net.serenitybdd.core.pages.WebElementFacadeImpl.waitUntilElementAvailable(WebElementFacadeImpl.java:980)


	at net.serenitybdd.core.pages.WebElementFacadeImpl.click(WebElementFacadeImpl.java:1260)


	at net.serenitybdd.core.pages.WebElementFacadeImpl.click(WebElementFacadeImpl.java:1279)


	at rest.api@1.0-SNAPSHOT/Starter.RegisterPage.clickTanggal(RegisterPage.java:37)


	at rest.api@1.0-SNAPSHOT/Starter.RegisterPage$ByteBuddy$rPD7RyVp.clickTanggal$accessor$WtkDHrxS(Unknown Source)


	at java.base/jdk.internal.reflect.NativeMethodAccessorImpl.invoke0(Native Method)


	at java.base/jdk.internal.reflect.NativeMethodAccessorImpl.invoke(NativeMethodAccessorImpl.java:62)


	at java.base/jdk.internal.reflect.DelegatingMethodAccessorImpl.invoke(DelegatingMethodAccessorImpl.java:43)


	at java.base/java.lang.reflect.Method.invoke(Method.java:566)


	at net.thucydides.core.steps.StepInterceptor.invokeMethod(StepInterceptor.java:492)


	at net.thucydides.core.steps.StepInterceptor.executeTestStepMethod(StepInterceptor.java:472)


	at net.thucydides.core.steps.StepInterceptor.runTestStep(StepInterceptor.java:445)


	at net.thucydides.core.steps.StepInterceptor.runOrSkipMethod(StepInterceptor.java:201)


	at net.thucydides.core.steps.StepInterceptor.testStepResult(StepInterceptor.java:188)


	at net.thucydides.core.steps.StepInterceptor.intercept(StepInterceptor.java:76)


	at net.thucydides.core.steps.ProxyConfiguration$InterceptorDispatcher.intercept(ProxyConfiguration.java:51)


	at rest.api@1.0-SNAPSHOT/Starter.RegisterPage$ByteBuddy$rPD7RyVp.clickTanggal(Unknown Source)


	at rest.api@1.0-SNAPSHOT/StepDefinition.RegisterSteps.inputValidTanggalLahir4(RegisterSteps.java:164)


	at java.base/jdk.internal.reflect.NativeMethodAccessorImpl.invoke0(Native Method)


	at java.base/jdk.internal.reflect.NativeMethodAccessorImpl.invoke(NativeMethodAccessorImpl.java:62)


	at java.base/jdk.internal.reflect.DelegatingMethodAccessorImpl.invoke(DelegatingMethodAccessorImpl.java:43)


	at java.base/java.lang.reflect.Method.invoke(Method.java:566)


	at io.cucumber.java.Invoker.doInvoke(Invoker.java:66)


	at io.cucumber.java.Invoker.invoke(Invoker.java:24)


	at io.cucumber.java.AbstractGlueDefinition.invokeMethod(AbstractGlueDefinition.java:47)


	at io.cucumber.java.JavaStepDefinition.execute(JavaStepDefinition.java:29)


	at io.cucumber.core.runner.CoreStepDefinition.execute(CoreStepDefinition.java:66)


	at io.cucumber.core.runner.PickleStepDefinitionMatch.runStep(PickleStepDefinitionMatch.java:63)


	at io.cucumber.core.runner.ExecutionMode$1.execute(ExecutionMode.java:10)


	at io.cucumber.core.runner.TestStep.executeStep(TestStep.java:92)


	at io.cucumber.core.runner.TestStep.run(TestStep.java:64)


	at io.cucumber.core.runner.PickleStepTestStep.run(PickleStepTestStep.java:51)


	at io.cucumber.core.runner.TestCase.run(TestCase.java:104)


	at io.cucumber.core.runner.Runner.runPickle(Runner.java:73)


	at io.cucumber.junit.PickleRunners$NoStepDescriptions.run(PickleRunners.java:151)


	at io.cucumber.junit.FeatureRunner.runChild(FeatureRunner.java:135)


	at io.cucumber.junit.FeatureRunner.runChild(FeatureRunner.java:27)


	at org.junit.runners.ParentRunner$4.run(ParentRunner.java:331)


	at org.junit.runners.ParentRunner$1.schedule(ParentRunner.java:79)


	at org.junit.runners.ParentRunner.runChildren(ParentRunner.java:329)


	at org.junit.runners.ParentRunner.access$100(ParentRunner.java:66)


	at org.junit.runners.ParentRunner$2.evaluate(ParentRunner.java:293)


	at org.junit.runners.ParentRunner$3.evaluate(ParentRunner.java:306)


	at org.junit.runners.ParentRunner.run(ParentRunner.java:413)


	at io.cucumber.junit.CucumberSerenityRunner.runChild(CucumberSerenityRunner.java:258)


	at io.cucumber.junit.CucumberSerenityRunner.runChild(CucumberSerenityRunner.java:57)


	at org.junit.runners.ParentRunner$4.run(ParentRunner.java:331)


	at org.apache.maven.surefire.junitcore.pc.Scheduler$1.run(Scheduler.java:405)


	at org.apache.maven.surefire.junitcore.pc.InvokerStrategy.schedule(InvokerStrategy.java:54)


	at org.apache.maven.surefire.junitcore.pc.Scheduler.schedule(Scheduler.java:362)


	at org.junit.runners.ParentRunner.runChildren(ParentRunner.java:329)


	at org.junit.runners.ParentRunner.access$100(ParentRunner.java:66)


	at org.junit.runners.ParentRunner$2.evaluate(ParentRunner.java:293)


	at io.cucumber.junit.CucumberSerenityRunner$RunCucumber.evaluate(CucumberSerenityRunner.java:286)


	at org.junit.runners.ParentRunner$3.evaluate(ParentRunner.java:306)


	at org.junit.runners.ParentRunner.run(ParentRunner.java:413)


	at org.junit.runners.Suite.runChild(Suite.java:128)


	at org.junit.runners.Suite.runChild(Suite.java:27)


	at org.junit.runners.ParentRunner$4.run(ParentRunner.java:331)


	at org.apache.maven.surefire.junitcore.pc.Scheduler$1.run(Scheduler.java:405)


	at java.base/java.util.concurrent.Executors$RunnableAdapter.call(Executors.java:515)


	at java.base/java.util.concurrent.FutureTask.run(FutureTask.java:264)


	at java.base/java.util.concurrent.ThreadPoolExecutor.runWorker(ThreadPoolExecutor.java:1128)


	at java.base/java.util.concurrent.ThreadPoolExecutor$Worker.run(ThreadPoolExecutor.java:628)


	at java.base/java.lang.Thread.run(Thread.java:834)


Caused by: org.openqa.selenium.NoSuchElementException: no such element: Unable to locate element: {"method":"xpath","selector":"//*[@id="__BVID__54"]/option[15]"}
  (Session info: chrome=103.0.5060.114)
For documentation on this error, please visit: https://www.seleniumhq.org/exceptions/no_such_element.html
Build info: version: '3.141.59', revision: 'e82be7d358', time: '2018-11-14T08:17:03'
System info: host: 'LAPTOP-9MG0RTAB', ip: '192.168.84.95', os.name: 'Windows 10', os.arch: 'amd64', os.version: '10.0', java.version: '11.0.14'
Driver info: org.openqa.selenium.chrome.ChromeDriver
Capabilities {acceptInsecureCerts: false, browserName: chrome, browserVersion: 103.0.5060.114, chrome: {chromedriverVersion: 103.0.5060.53 (a1711811edd7..., userDataDir: C:\Users\SITINU~1\AppData\L...}, goog:chromeOptions: {debuggerAddress: localhost:50769}, javascriptEnabled: true, networkConnectionEnabled: false, pageLoadStrategy: normal, platform: WINDOWS, platformName: WINDOWS, proxy: Proxy(), setWindowRect: true, strictFileInteractability: false, timeouts: {implicit: 0, pageLoad: 300000, script: 30000}, unhandledPromptBehavior: dismiss and notify, webauthn:extension:credBlob: true, webauthn:extension:largeBlob: true, webauthn:virtualAuthenticators: true}
Session ID: 08fa194bb1b5f9f38c5d554121c7055e
*** Element info: {Using=xpath, value=//*[@id="__BVID__54"]/option[15]}


	at java.base/jdk.internal.reflect.NativeConstructorAccessorImpl.newInstance0(Native Method)


	at java.base/jdk.internal.reflect.NativeConstructorAccessorImpl.newInstance(NativeConstructorAccessorImpl.java:62)


	at java.base/jdk.internal.reflect.DelegatingConstructorAccessorImpl.newInstance(DelegatingConstructorAccessorImpl.java:45)


	at java.base/java.lang.reflect.Constructor.newInstance(Constructor.java:490)


	at org.openqa.selenium.remote.http.W3CHttpResponseCodec.createException(W3CHttpResponseCodec.java:187)


	at org.openqa.selenium.remote.http.W3CHttpResponseCodec.decode(W3CHttpResponseCodec.java:122)


	at org.openqa.selenium.remote.http.W3CHttpResponseCodec.decode(W3CHttpResponseCodec.java:49)


	at org.openqa.selenium.remote.HttpCommandExecutor.execute(HttpCommandExecutor.java:158)


	at org.openqa.selenium.remote.service.DriverCommandExecutor.execute(DriverCommandExecutor.java:83)


	at org.openqa.selenium.remote.RemoteWebDriver.execute(RemoteWebDriver.java:552)


	at org.openqa.selenium.remote.RemoteWebDriver.findElement(RemoteWebDriver.java:323)


	at org.openqa.selenium.remote.RemoteWebDriver.findElementByXPath(RemoteWebDriver.java:428)


	at org.openqa.selenium.By$ByXPath.findElement(By.java:353)


	at org.openqa.selenium.remote.RemoteWebDriver.findElement(RemoteWebDriver.java:315)


	at net.thucydides.core.webdriver.WebDriverFacade.findElement(WebDriverFacade.java:222)


	at net.serenitybdd.core.pages.WebElementResolverByLocator.resolveForDriver(WebElementResolverByLocator.java:25)


	at net.serenitybdd.core.pages.WebElementFacadeImpl.getResolvedElement(WebElementFacadeImpl.java:231)


	at net.serenitybdd.core.pages.WebElementFacadeImpl.getElement(WebElementFacadeImpl.java:226)


	at net.serenitybdd.core.pages.WebElementExpectations$3.apply(WebElementExpectations.java:63)


	at net.serenitybdd.core.pages.WebElementExpectations$3.apply(WebElementExpectations.java:55)


	at org.openqa.selenium.support.ui.FluentWait.until(FluentWait.java:249)


	... 66 more




net.thucydides.core.webdriver.exceptions.ElementShouldBeEnabledException: Expected enabled element was not enabled


	at net.serenitybdd.core.pages.WebElementFacadeImpl.waitUntilEnabled(WebElementFacadeImpl.java:1178)


	at net.serenitybdd.core.pages.WebElementFacadeImpl.waitUntilElementAvailable(WebElementFacadeImpl.java:980)


	at net.serenitybdd.core.pages.WebElementFacadeImpl.click(WebElementFacadeImpl.java:1260)


	at net.serenitybdd.core.pages.WebElementFacadeImpl.click(WebElementFacadeImpl.java:1279)


	at rest.api@1.0-SNAPSHOT/Starter.RegisterPage.clickTanggal(RegisterPage.java:37)


	at rest.api@1.0-SNAPSHOT/Starter.RegisterPage$ByteBuddy$rPD7RyVp.clickTanggal$accessor$WtkDHrxS(Unknown Source)


	at java.base/jdk.internal.reflect.NativeMethodAccessorImpl.invoke0(Native Method)


	at java.base/jdk.internal.reflect.NativeMethodAccessorImpl.invoke(NativeMethodAccessorImpl.java:62)


	at java.base/jdk.internal.reflect.DelegatingMethodAccessorImpl.invoke(DelegatingMethodAccessorImpl.java:43)


	at java.base/java.lang.reflect.Method.invoke(Method.java:566)


	at net.thucydides.core.steps.StepInterceptor.invokeMethod(StepInterceptor.java:492)


	at net.thucydides.core.steps.StepInterceptor.executeTestStepMethod(StepInterceptor.java:472)


	at net.thucydides.core.steps.StepInterceptor.runTestStep(StepInterceptor.java:445)


	at net.thucydides.core.steps.StepInterceptor.runOrSkipMethod(StepInterceptor.java:201)


	at net.thucydides.core.steps.StepInterceptor.testStepResult(StepInterceptor.java:188)


	at net.thucydides.core.steps.StepInterceptor.intercept(StepInterceptor.java:76)


	at net.thucydides.core.steps.ProxyConfiguration$InterceptorDispatcher.intercept(ProxyConfiguration.java:51)


	at rest.api@1.0-SNAPSHOT/Starter.RegisterPage$ByteBuddy$rPD7RyVp.clickTanggal(Unknown Source)


	at rest.api@1.0-SNAPSHOT/StepDefinition.RegisterSteps.inputValidTanggalLahir6(RegisterSteps.java:263)


	at ?.user input valid tanggal lahir6 01, 12, 2001(file:///D:/CAPSTONE%20PROJECT%20KELOMPOK%2032/WEB%20DISKUSIAZA/src/test/resources/web/Register.feature:66)


Caused by: org.openqa.selenium.TimeoutException: Expected condition failed: waiting for By.xpath: //*[@id="__BVID__54"]/option[15] to be enabled (tried for 5 second(s) with 100 milliseconds interval)


	at org.openqa.selenium.support.ui.FluentWait.timeoutException(FluentWait.java:304)


	at org.openqa.selenium.support.ui.FluentWait.until(FluentWait.java:272)


	at net.serenitybdd.core.pages.WebElementFacadeImpl.waitUntilEnabled(WebElementFacadeImpl.java:1175)


	at net.serenitybdd.core.pages.WebElementFacadeImpl.waitUntilElementAvailable(WebElementFacadeImpl.java:980)


	at net.serenitybdd.core.pages.WebElementFacadeImpl.click(WebElementFacadeImpl.java:1260)


	at net.serenitybdd.core.pages.WebElementFacadeImpl.click(WebElementFacadeImpl.java:1279)


	at rest.api@1.0-SNAPSHOT/Starter.RegisterPage.clickTanggal(RegisterPage.java:37)


	at rest.api@1.0-SNAPSHOT/Starter.RegisterPage$ByteBuddy$rPD7RyVp.clickTanggal$accessor$WtkDHrxS(Unknown Source)


	at java.base/jdk.internal.reflect.NativeMethodAccessorImpl.invoke0(Native Method)


	at java.base/jdk.internal.reflect.NativeMethodAccessorImpl.invoke(NativeMethodAccessorImpl.java:62)


	at java.base/jdk.internal.reflect.DelegatingMethodAccessorImpl.invoke(DelegatingMethodAccessorImpl.java:43)


	at java.base/java.lang.reflect.Method.invoke(Method.java:566)


	at net.thucydides.core.steps.StepInterceptor.invokeMethod(StepInterceptor.java:492)


	at net.thucydides.core.steps.StepInterceptor.executeTestStepMethod(StepInterceptor.java:472)


	at net.thucydides.core.steps.StepInterceptor.runTestStep(StepInterceptor.java:445)


	at net.thucydides.core.steps.StepInterceptor.runOrSkipMethod(StepInterceptor.java:201)


	at net.thucydides.core.steps.StepInterceptor.testStepResult(StepInterceptor.java:188)


	at net.thucydides.core.steps.StepInterceptor.intercept(StepInterceptor.java:76)


	at net.thucydides.core.steps.ProxyConfiguration$InterceptorDispatcher.intercept(ProxyConfiguration.java:51)


	at rest.api@1.0-SNAPSHOT/Starter.RegisterPage$ByteBuddy$rPD7RyVp.clickTanggal(Unknown Source)


	at rest.api@1.0-SNAPSHOT/StepDefinition.RegisterSteps.inputValidTanggalLahir6(RegisterSteps.java:263)


	at java.base/jdk.internal.reflect.NativeMethodAccessorImpl.invoke0(Native Method)


	at java.base/jdk.internal.reflect.NativeMethodAccessorImpl.invoke(NativeMethodAccessorImpl.java:62)


	at java.base/jdk.internal.reflect.DelegatingMethodAccessorImpl.invoke(DelegatingMethodAccessorImpl.java:43)


	at java.base/java.lang.reflect.Method.invoke(Method.java:566)


	at io.cucumber.java.Invoker.doInvoke(Invoker.java:66)


	at io.cucumber.java.Invoker.invoke(Invoker.java:24)


	at io.cucumber.java.AbstractGlueDefinition.invokeMethod(AbstractGlueDefinition.java:47)


	at io.cucumber.java.JavaStepDefinition.execute(JavaStepDefinition.java:29)


	at io.cucumber.core.runner.CoreStepDefinition.execute(CoreStepDefinition.java:66)


	at io.cucumber.core.runner.PickleStepDefinitionMatch.runStep(PickleStepDefinitionMatch.java:63)


	at io.cucumber.core.runner.ExecutionMode$1.execute(ExecutionMode.java:10)


	at io.cucumber.core.runner.TestStep.executeStep(TestStep.java:92)


	at io.cucumber.core.runner.TestStep.run(TestStep.java:64)


	at io.cucumber.core.runner.PickleStepTestStep.run(PickleStepTestStep.java:51)


	at io.cucumber.core.runner.TestCase.run(TestCase.java:104)


	at io.cucumber.core.runner.Runner.runPickle(Runner.java:73)


	at io.cucumber.junit.PickleRunners$NoStepDescriptions.run(PickleRunners.java:151)


	at io.cucumber.junit.FeatureRunner.runChild(FeatureRunner.java:135)


	at io.cucumber.junit.FeatureRunner.runChild(FeatureRunner.java:27)


	at org.junit.runners.ParentRunner$4.run(ParentRunner.java:331)


	at org.junit.runners.ParentRunner$1.schedule(ParentRunner.java:79)


	at org.junit.runners.ParentRunner.runChildren(ParentRunner.java:329)


	at org.junit.runners.ParentRunner.access$100(ParentRunner.java:66)


	at org.junit.runners.ParentRunner$2.evaluate(ParentRunner.java:293)


	at org.junit.runners.ParentRunner$3.evaluate(ParentRunner.java:306)


	at org.junit.runners.ParentRunner.run(ParentRunner.java:413)


	at io.cucumber.junit.CucumberSerenityRunner.runChild(CucumberSerenityRunner.java:258)


	at io.cucumber.junit.CucumberSerenityRunner.runChild(CucumberSerenityRunner.java:57)


	at org.junit.runners.ParentRunner$4.run(ParentRunner.java:331)


	at org.apache.maven.surefire.junitcore.pc.Scheduler$1.run(Scheduler.java:405)


	at org.apache.maven.surefire.junitcore.pc.InvokerStrategy.schedule(InvokerStrategy.java:54)


	at org.apache.maven.surefire.junitcore.pc.Scheduler.schedule(Scheduler.java:362)


	at org.junit.runners.ParentRunner.runChildren(ParentRunner.java:329)


	at org.junit.runners.ParentRunner.access$100(ParentRunner.java:66)


	at org.junit.runners.ParentRunner$2.evaluate(ParentRunner.java:293)


	at io.cucumber.junit.CucumberSerenityRunner$RunCucumber.evaluate(CucumberSerenityRunner.java:286)


	at org.junit.runners.ParentRunner$3.evaluate(ParentRunner.java:306)


	at org.junit.runners.ParentRunner.run(ParentRunner.java:413)


	at org.junit.runners.Suite.runChild(Suite.java:128)


	at org.junit.runners.Suite.runChild(Suite.java:27)


	at org.junit.runners.ParentRunner$4.run(ParentRunner.java:331)


	at org.apache.maven.surefire.junitcore.pc.Scheduler$1.run(Scheduler.java:405)


	at java.base/java.util.concurrent.Executors$RunnableAdapter.call(Executors.java:515)


	at java.base/java.util.concurrent.FutureTask.run(FutureTask.java:264)


	at java.base/java.util.concurrent.ThreadPoolExecutor.runWorker(ThreadPoolExecutor.java:1128)


	at java.base/java.util.concurrent.ThreadPoolExecutor$Worker.run(ThreadPoolExecutor.java:628)


	at java.base/java.lang.Thread.run(Thread.java:834)


Caused by: org.openqa.selenium.NoSuchElementException: no such element: Unable to locate element: {"method":"xpath","selector":"//*[@id="__BVID__54"]/option[15]"}
  (Session info: chrome=103.0.5060.114)
For documentation on this error, please visit: https://www.seleniumhq.org/exceptions/no_such_element.html
Build info: version: '3.141.59', revision: 'e82be7d358', time: '2018-11-14T08:17:03'
System info: host: 'LAPTOP-9MG0RTAB', ip: '192.168.84.95', os.name: 'Windows 10', os.arch: 'amd64', os.version: '10.0', java.version: '11.0.14'
Driver info: org.openqa.selenium.chrome.ChromeDriver
Capabilities {acceptInsecureCerts: false, browserName: chrome, browserVersion: 103.0.5060.114, chrome: {chromedriverVersion: 103.0.5060.53 (a1711811edd7..., userDataDir: C:\Users\SITINU~1\AppData\L...}, goog:chromeOptions: {debuggerAddress: localhost:50823}, javascriptEnabled: true, networkConnectionEnabled: false, pageLoadStrategy: normal, platform: WINDOWS, platformName: WINDOWS, proxy: Proxy(), setWindowRect: true, strictFileInteractability: false, timeouts: {implicit: 0, pageLoad: 300000, script: 30000}, unhandledPromptBehavior: dismiss and notify, webauthn:extension:credBlob: true, webauthn:extension:largeBlob: true, webauthn:virtualAuthenticators: true}
Session ID: c775beb6f70e5cb7ded9af627f66cb12
*** Element info: {Using=xpath, value=//*[@id="__BVID__54"]/option[15]}


	at java.base/jdk.internal.reflect.NativeConstructorAccessorImpl.newInstance0(Native Method)


	at java.base/jdk.internal.reflect.NativeConstructorAccessorImpl.newInstance(NativeConstructorAccessorImpl.java:62)


	at java.base/jdk.internal.reflect.DelegatingConstructorAccessorImpl.newInstance(DelegatingConstructorAccessorImpl.java:45)


	at java.base/java.lang.reflect.Constructor.newInstance(Constructor.java:490)


	at org.openqa.selenium.remote.http.W3CHttpResponseCodec.createException(W3CHttpResponseCodec.java:187)


	at org.openqa.selenium.remote.http.W3CHttpResponseCodec.decode(W3CHttpResponseCodec.java:122)


	at org.openqa.selenium.remote.http.W3CHttpResponseCodec.decode(W3CHttpResponseCodec.java:49)


	at org.openqa.selenium.remote.HttpCommandExecutor.execute(HttpCommandExecutor.java:158)


	at org.openqa.selenium.remote.service.DriverCommandExecutor.execute(DriverCommandExecutor.java:83)


	at org.openqa.selenium.remote.RemoteWebDriver.execute(RemoteWebDriver.java:552)


	at org.openqa.selenium.remote.RemoteWebDriver.findElement(RemoteWebDriver.java:323)


	at org.openqa.selenium.remote.RemoteWebDriver.findElementByXPath(RemoteWebDriver.java:428)


	at org.openqa.selenium.By$ByXPath.findElement(By.java:353)


	at org.openqa.selenium.remote.RemoteWebDriver.findElement(RemoteWebDriver.java:315)


	at net.thucydides.core.webdriver.WebDriverFacade.findElement(WebDriverFacade.java:222)


	at net.serenitybdd.core.pages.WebElementResolverByLocator.resolveForDriver(WebElementResolverByLocator.java:25)


	at net.serenitybdd.core.pages.WebElementFacadeImpl.getResolvedElement(WebElementFacadeImpl.java:231)


	at net.serenitybdd.core.pages.WebElementFacadeImpl.getElement(WebElementFacadeImpl.java:226)


	at net.serenitybdd.core.pages.WebElementExpectations$3.apply(WebElementExpectations.java:63)


	at net.serenitybdd.core.pages.WebElementExpectations$3.apply(WebElementExpectations.java:55)


	at org.openqa.selenium.support.ui.FluentWait.until(FluentWait.java:249)


	... 66 more




net.thucydides.core.webdriver.exceptions.ElementShouldBeEnabledException: Expected enabled element was not enabled


	at net.serenitybdd.core.pages.WebElementFacadeImpl.waitUntilEnabled(WebElementFacadeImpl.java:1178)


	at net.serenitybdd.core.pages.WebElementFacadeImpl.waitUntilElementAvailable(WebElementFacadeImpl.java:980)


	at net.serenitybdd.core.pages.WebElementFacadeImpl.click(WebElementFacadeImpl.java:1260)


	at net.serenitybdd.core.pages.WebElementFacadeImpl.click(WebElementFacadeImpl.java:1279)


	at rest.api@1.0-SNAPSHOT/Starter.RegisterPage.clickTanggal(RegisterPage.java:37)


	at rest.api@1.0-SNAPSHOT/Starter.RegisterPage$ByteBuddy$rPD7RyVp.clickTanggal$accessor$WtkDHrxS(Unknown Source)


	at java.base/jdk.internal.reflect.NativeMethodAccessorImpl.invoke0(Native Method)


	at java.base/jdk.internal.reflect.NativeMethodAccessorImpl.invoke(NativeMethodAccessorImpl.java:62)


	at java.base/jdk.internal.reflect.DelegatingMethodAccessorImpl.invoke(DelegatingMethodAccessorImpl.java:43)


	at java.base/java.lang.reflect.Method.invoke(Method.java:566)


	at net.thucydides.core.steps.StepInterceptor.invokeMethod(StepInterceptor.java:492)


	at net.thucydides.core.steps.StepInterceptor.executeTestStepMethod(StepInterceptor.java:472)


	at net.thucydides.core.steps.StepInterceptor.runTestStep(StepInterceptor.java:445)


	at net.thucydides.core.steps.StepInterceptor.runOrSkipMethod(StepInterceptor.java:201)


	at net.thucydides.core.steps.StepInterceptor.testStepResult(StepInterceptor.java:188)


	at net.thucydides.core.steps.StepInterceptor.intercept(StepInterceptor.java:76)


	at net.thucydides.core.steps.ProxyConfiguration$InterceptorDispatcher.intercept(ProxyConfiguration.java:51)


	at rest.api@1.0-SNAPSHOT/Starter.RegisterPage$ByteBuddy$rPD7RyVp.clickTanggal(Unknown Source)


	at rest.api@1.0-SNAPSHOT/StepDefinition.RegisterSteps.inputValidTanggalLahir7(RegisterSteps.java:318)


	at ?.user input valid tanggal lahir7 01, 12, 2001(file:///D:/CAPSTONE%20PROJECT%20KELOMPOK%2032/WEB%20DISKUSIAZA/src/test/resources/web/Register.feature:78)


Caused by: org.openqa.selenium.TimeoutException: Expected condition failed: waiting for By.xpath: //*[@id="__BVID__54"]/option[15] to be enabled (tried for 5 second(s) with 100 milliseconds interval)


	at org.openqa.selenium.support.ui.FluentWait.timeoutException(FluentWait.java:304)


	at org.openqa.selenium.support.ui.FluentWait.until(FluentWait.java:272)


	at net.serenitybdd.core.pages.WebElementFacadeImpl.waitUntilEnabled(WebElementFacadeImpl.java:1175)


	at net.serenitybdd.core.pages.WebElementFacadeImpl.waitUntilElementAvailable(WebElementFacadeImpl.java:980)


	at net.serenitybdd.core.pages.WebElementFacadeImpl.click(WebElementFacadeImpl.java:1260)


	at net.serenitybdd.core.pages.WebElementFacadeImpl.click(WebElementFacadeImpl.java:1279)


	at rest.api@1.0-SNAPSHOT/Starter.RegisterPage.clickTanggal(RegisterPage.java:37)


	at rest.api@1.0-SNAPSHOT/Starter.RegisterPage$ByteBuddy$rPD7RyVp.clickTanggal$accessor$WtkDHrxS(Unknown Source)


	at java.base/jdk.internal.reflect.NativeMethodAccessorImpl.invoke0(Native Method)


	at java.base/jdk.internal.reflect.NativeMethodAccessorImpl.invoke(NativeMethodAccessorImpl.java:62)


	at java.base/jdk.internal.reflect.DelegatingMethodAccessorImpl.invoke(DelegatingMethodAccessorImpl.java:43)


	at java.base/java.lang.reflect.Method.invoke(Method.java:566)


	at net.thucydides.core.steps.StepInterceptor.invokeMethod(StepInterceptor.java:492)


	at net.thucydides.core.steps.StepInterceptor.executeTestStepMethod(StepInterceptor.java:472)


	at net.thucydides.core.steps.StepInterceptor.runTestStep(StepInterceptor.java:445)


	at net.thucydides.core.steps.StepInterceptor.runOrSkipMethod(StepInterceptor.java:201)


	at net.thucydides.core.steps.StepInterceptor.testStepResult(StepInterceptor.java:188)


	at net.thucydides.core.steps.StepInterceptor.intercept(StepInterceptor.java:76)


	at net.thucydides.core.steps.ProxyConfiguration$InterceptorDispatcher.intercept(ProxyConfiguration.java:51)


	at rest.api@1.0-SNAPSHOT/Starter.RegisterPage$ByteBuddy$rPD7RyVp.clickTanggal(Unknown Source)


	at rest.api@1.0-SNAPSHOT/StepDefinition.RegisterSteps.inputValidTanggalLahir7(RegisterSteps.java:318)


	at java.base/jdk.internal.reflect.NativeMethodAccessorImpl.invoke0(Native Method)


	at java.base/jdk.internal.reflect.NativeMethodAccessorImpl.invoke(NativeMethodAccessorImpl.java:62)


	at java.base/jdk.internal.reflect.DelegatingMethodAccessorImpl.invoke(DelegatingMethodAccessorImpl.java:43)


	at java.base/java.lang.reflect.Method.invoke(Method.java:566)


	at io.cucumber.java.Invoker.doInvoke(Invoker.java:66)


	at io.cucumber.java.Invoker.invoke(Invoker.java:24)


	at io.cucumber.java.AbstractGlueDefinition.invokeMethod(AbstractGlueDefinition.java:47)


	at io.cucumber.java.JavaStepDefinition.execute(JavaStepDefinition.java:29)


	at io.cucumber.core.runner.CoreStepDefinition.execute(CoreStepDefinition.java:66)


	at io.cucumber.core.runner.PickleStepDefinitionMatch.runStep(PickleStepDefinitionMatch.java:63)


	at io.cucumber.core.runner.ExecutionMode$1.execute(ExecutionMode.java:10)


	at io.cucumber.core.runner.TestStep.executeStep(TestStep.java:92)


	at io.cucumber.core.runner.TestStep.run(TestStep.java:64)


	at io.cucumber.core.runner.PickleStepTestStep.run(PickleStepTestStep.java:51)


	at io.cucumber.core.runner.TestCase.run(TestCase.java:104)


	at io.cucumber.core.runner.Runner.runPickle(Runner.java:73)


	at io.cucumber.junit.PickleRunners$NoStepDescriptions.run(PickleRunners.java:151)


	at io.cucumber.junit.FeatureRunner.runChild(FeatureRunner.java:135)


	at io.cucumber.junit.FeatureRunner.runChild(FeatureRunner.java:27)


	at org.junit.runners.ParentRunner$4.run(ParentRunner.java:331)


	at org.junit.runners.ParentRunner$1.schedule(ParentRunner.java:79)


	at org.junit.runners.ParentRunner.runChildren(ParentRunner.java:329)


	at org.junit.runners.ParentRunner.access$100(ParentRunner.java:66)


	at org.junit.runners.ParentRunner$2.evaluate(ParentRunner.java:293)


	at org.junit.runners.ParentRunner$3.evaluate(ParentRunner.java:306)


	at org.junit.runners.ParentRunner.run(ParentRunner.java:413)


	at io.cucumber.junit.CucumberSerenityRunner.runChild(CucumberSerenityRunner.java:258)


	at io.cucumber.junit.CucumberSerenityRunner.runChild(CucumberSerenityRunner.java:57)


	at org.junit.runners.ParentRunner$4.run(ParentRunner.java:331)


	at org.apache.maven.surefire.junitcore.pc.Scheduler$1.run(Scheduler.java:405)


	at org.apache.maven.surefire.junitcore.pc.InvokerStrategy.schedule(InvokerStrategy.java:54)


	at org.apache.maven.surefire.junitcore.pc.Scheduler.schedule(Scheduler.java:362)


	at org.junit.runners.ParentRunner.runChildren(ParentRunner.java:329)


	at org.junit.runners.ParentRunner.access$100(ParentRunner.java:66)


	at org.junit.runners.ParentRunner$2.evaluate(ParentRunner.java:293)


	at io.cucumber.junit.CucumberSerenityRunner$RunCucumber.evaluate(CucumberSerenityRunner.java:286)


	at org.junit.runners.ParentRunner$3.evaluate(ParentRunner.java:306)


	at org.junit.runners.ParentRunner.run(ParentRunner.java:413)


	at org.junit.runners.Suite.runChild(Suite.java:128)


	at org.junit.runners.Suite.runChild(Suite.java:27)


	at org.junit.runners.ParentRunner$4.run(ParentRunner.java:331)


	at org.apache.maven.surefire.junitcore.pc.Scheduler$1.run(Scheduler.java:405)


	at java.base/java.util.concurrent.Executors$RunnableAdapter.call(Executors.java:515)


	at java.base/java.util.concurrent.FutureTask.run(FutureTask.java:264)


	at java.base/java.util.concurrent.ThreadPoolExecutor.runWorker(ThreadPoolExecutor.java:1128)


	at java.base/java.util.concurrent.ThreadPoolExecutor$Worker.run(ThreadPoolExecutor.java:628)


	at java.base/java.lang.Thread.run(Thread.java:834)


Caused by: org.openqa.selenium.NoSuchElementException: no such element: Unable to locate element: {"method":"xpath","selector":"//*[@id="__BVID__54"]/option[15]"}
  (Session info: chrome=103.0.5060.114)
For documentation on this error, please visit: https://www.seleniumhq.org/exceptions/no_such_element.html
Build info: version: '3.141.59', revision: 'e82be7d358', time: '2018-11-14T08:17:03'
System info: host: 'LAPTOP-9MG0RTAB', ip: '192.168.84.95', os.name: 'Windows 10', os.arch: 'amd64', os.version: '10.0', java.version: '11.0.14'
Driver info: org.openqa.selenium.chrome.ChromeDriver
Capabilities {acceptInsecureCerts: false, browserName: chrome, browserVersion: 103.0.5060.114, chrome: {chromedriverVersion: 103.0.5060.53 (a1711811edd7..., userDataDir: C:\Users\SITINU~1\AppData\L...}, goog:chromeOptions: {debuggerAddress: localhost:50847}, javascriptEnabled: true, networkConnectionEnabled: false, pageLoadStrategy: normal, platform: WINDOWS, platformName: WINDOWS, proxy: Proxy(), setWindowRect: true, strictFileInteractability: false, timeouts: {implicit: 0, pageLoad: 300000, script: 30000}, unhandledPromptBehavior: dismiss and notify, webauthn:extension:credBlob: true, webauthn:extension:largeBlob: true, webauthn:virtualAuthenticators: true}
Session ID: 6373bef304e18585e25d0c45dd928874
*** Element info: {Using=xpath, value=//*[@id="__BVID__54"]/option[15]}


	at java.base/jdk.internal.reflect.NativeConstructorAccessorImpl.newInstance0(Native Method)


	at java.base/jdk.internal.reflect.NativeConstructorAccessorImpl.newInstance(NativeConstructorAccessorImpl.java:62)


	at java.base/jdk.internal.reflect.DelegatingConstructorAccessorImpl.newInstance(DelegatingConstructorAccessorImpl.java:45)


	at java.base/java.lang.reflect.Constructor.newInstance(Constructor.java:490)


	at org.openqa.selenium.remote.http.W3CHttpResponseCodec.createException(W3CHttpResponseCodec.java:187)


	at org.openqa.selenium.remote.http.W3CHttpResponseCodec.decode(W3CHttpResponseCodec.java:122)


	at org.openqa.selenium.remote.http.W3CHttpResponseCodec.decode(W3CHttpResponseCodec.java:49)


	at org.openqa.selenium.remote.HttpCommandExecutor.execute(HttpCommandExecutor.java:158)


	at org.openqa.selenium.remote.service.DriverCommandExecutor.execute(DriverCommandExecutor.java:83)


	at org.openqa.selenium.remote.RemoteWebDriver.execute(RemoteWebDriver.java:552)


	at org.openqa.selenium.remote.RemoteWebDriver.findElement(RemoteWebDriver.java:323)


	at org.openqa.selenium.remote.RemoteWebDriver.findElementByXPath(RemoteWebDriver.java:428)


	at org.openqa.selenium.By$ByXPath.findElement(By.java:353)


	at org.openqa.selenium.remote.RemoteWebDriver.findElement(RemoteWebDriver.java:315)


	at net.thucydides.core.webdriver.WebDriverFacade.findElement(WebDriverFacade.java:222)


	at net.serenitybdd.core.pages.WebElementResolverByLocator.resolveForDriver(WebElementResolverByLocator.java:25)


	at net.serenitybdd.core.pages.WebElementFacadeImpl.getResolvedElement(WebElementFacadeImpl.java:231)


	at net.serenitybdd.core.pages.WebElementFacadeImpl.getElement(WebElementFacadeImpl.java:226)


	at net.serenitybdd.core.pages.WebElementExpectations$3.apply(WebElementExpectations.java:63)


	at net.serenitybdd.core.pages.WebElementExpectations$3.apply(WebElementExpectations.java:55)


	at org.openqa.selenium.support.ui.FluentWait.until(FluentWait.java:249)


	... 66 more




net.thucydides.core.webdriver.exceptions.ElementShouldBeEnabledException: Expected enabled element was not enabled


	at net.serenitybdd.core.pages.WebElementFacadeImpl.waitUntilEnabled(WebElementFacadeImpl.java:1178)


	at net.serenitybdd.core.pages.WebElementFacadeImpl.waitUntilElementAvailable(WebElementFacadeImpl.java:980)


	at net.serenitybdd.core.pages.WebElementFacadeImpl.click(WebElementFacadeImpl.java:1260)


	at net.serenitybdd.core.pages.WebElementFacadeImpl.click(WebElementFacadeImpl.java:1279)


	at rest.api@1.0-SNAPSHOT/Starter.RegisterPage.clickTanggal(RegisterPage.java:37)


	at rest.api@1.0-SNAPSHOT/Starter.RegisterPage$ByteBuddy$rPD7RyVp.clickTanggal$accessor$WtkDHrxS(Unknown Source)


	at java.base/jdk.internal.reflect.NativeMethodAccessorImpl.invoke0(Native Method)


	at java.base/jdk.internal.reflect.NativeMethodAccessorImpl.invoke(NativeMethodAccessorImpl.java:62)


	at java.base/jdk.internal.reflect.DelegatingMethodAccessorImpl.invoke(DelegatingMethodAccessorImpl.java:43)


	at java.base/java.lang.reflect.Method.invoke(Method.java:566)


	at net.thucydides.core.steps.StepInterceptor.invokeMethod(StepInterceptor.java:492)


	at net.thucydides.core.steps.StepInterceptor.executeTestStepMethod(StepInterceptor.java:472)


	at net.thucydides.core.steps.StepInterceptor.runTestStep(StepInterceptor.java:445)


	at net.thucydides.core.steps.StepInterceptor.runOrSkipMethod(StepInterceptor.java:201)


	at net.thucydides.core.steps.StepInterceptor.testStepResult(StepInterceptor.java:188)


	at net.thucydides.core.steps.StepInterceptor.intercept(StepInterceptor.java:76)


	at net.thucydides.core.steps.ProxyConfiguration$InterceptorDispatcher.intercept(ProxyConfiguration.java:51)


	at rest.api@1.0-SNAPSHOT/Starter.RegisterPage$ByteBuddy$rPD7RyVp.clickTanggal(Unknown Source)


	at rest.api@1.0-SNAPSHOT/StepDefinition.RegisterSteps.inputValidTanggalLahir8(RegisterSteps.java:362)


	at ?.user input valid tanggal lahir8 01, 12, 2001(file:///D:/CAPSTONE%20PROJECT%20KELOMPOK%2032/WEB%20DISKUSIAZA/src/test/resources/web/Register.feature:89)


Caused by: org.openqa.selenium.TimeoutException: Expected condition failed: waiting for By.xpath: //*[@id="__BVID__54"]/option[15] to be enabled (tried for 5 second(s) with 100 milliseconds interval)


	at org.openqa.selenium.support.ui.FluentWait.timeoutException(FluentWait.java:304)


	at org.openqa.selenium.support.ui.FluentWait.until(FluentWait.java:272)


	at net.serenitybdd.core.pages.WebElementFacadeImpl.waitUntilEnabled(WebElementFacadeImpl.java:1175)


	at net.serenitybdd.core.pages.WebElementFacadeImpl.waitUntilElementAvailable(WebElementFacadeImpl.java:980)


	at net.serenitybdd.core.pages.WebElementFacadeImpl.click(WebElementFacadeImpl.java:1260)


	at net.serenitybdd.core.pages.WebElementFacadeImpl.click(WebElementFacadeImpl.java:1279)


	at rest.api@1.0-SNAPSHOT/Starter.RegisterPage.clickTanggal(RegisterPage.java:37)


	at rest.api@1.0-SNAPSHOT/Starter.RegisterPage$ByteBuddy$rPD7RyVp.clickTanggal$accessor$WtkDHrxS(Unknown Source)


	at java.base/jdk.internal.reflect.NativeMethodAccessorImpl.invoke0(Native Method)


	at java.base/jdk.internal.reflect.NativeMethodAccessorImpl.invoke(NativeMethodAccessorImpl.java:62)


	at java.base/jdk.internal.reflect.DelegatingMethodAccessorImpl.invoke(DelegatingMethodAccessorImpl.java:43)


	at java.base/java.lang.reflect.Method.invoke(Method.java:566)


	at net.thucydides.core.steps.StepInterceptor.invokeMethod(StepInterceptor.java:492)


	at net.thucydides.core.steps.StepInterceptor.executeTestStepMethod(StepInterceptor.java:472)


	at net.thucydides.core.steps.StepInterceptor.runTestStep(StepInterceptor.java:445)


[...]
Session ID: 2808407d488b8585447453fff7b4f92e
*** Element info: {Using=xpath, value=//*[@id="__BVID__54"]/option[15]}
]]></error>
    <system-out><![CDATA[
Scenario: user tidak mengisi confirm password      &amp#27;[90m# src/test/resources/web/Register.feature:82&amp#27;[0m
03:21:45.625 [pool-2-thread-1] INFO io.cucumber.core.plugin.SerenityReporter - Running feature from file:///D:/CAPSTONE%20PROJECT%20KELOMPOK%2032/WEB%20DISKUSIAZA/src/test/resources/web/Register.feature
03:21:45.625 [pool-2-thread-1] WARN io.cucumber.core.plugin.SerenityReporter - Feature from file:///D:/CAPSTONE%20PROJECT%20KELOMPOK%2032/WEB%20DISKUSIAZA/src/test/resources/web/Register.feature is not under the 'features' directory. Requirements report will not be correctly generated!
03:21:45.627 [pool-2-thread-1] INFO  - 
  _____   ___   ___   _____     ___   _____     _     ___   _____   ___   ___  
 |_   _| | __| / __| |_   _|   / __| |_   _|   /_\   | _ \ |_   _| | __| |   \ 
   | |   | _|  \__ \   | |     \__ \   | |    / _ \  |   /   | |   | _|  | |) |
   |_|   |___| |___/   |_|     |___/   |_|   /_/ \_\ |_|_\   |_|   |___| |___/ 

user tidak mengisi confirm password(user-on-register-page;user-tidak-mengisi-confirm-password)
--------------------------------------------------------------------------------
03:21:45.659 [pool-2-thread-1] DEBUG net.thucydides.core.steps.StepInterceptor - STARTING STEP: RegisterSteps.onRegisterPage - onRegisterPage
03:21:45.660 [pool-2-thread-1] INFO net.serenitybdd.core.webdriver.driverproviders.ChromeDriverProvider - Using automatically driver download
03:21:45.669 [pool-2-thread-1] DEBUG io.github.bonigarcia.wdm.cache.ResolutionCache - Resolution chrome=103 in cache (valid until 03:33:30 10/07/2022 ICT)
03:21:45.669 [pool-2-thread-1] DEBUG io.github.bonigarcia.wdm.cache.ResolutionCache - Resolution chrome103=103.0.5060.53 in cache (valid until 00:19:22 11/07/2022 ICT)
03:21:45.669 [pool-2-thread-1] INFO io.github.bonigarcia.wdm.WebDriverManager - Using chromedriver 103.0.5060.53 (resolved driver for Chrome 103)
03:21:45.676 [pool-2-thread-1] DEBUG io.github.bonigarcia.wdm.WebDriverManager - Driver chromedriver 103.0.5060.53 found in cache
03:21:45.677 [pool-2-thread-1] INFO io.github.bonigarcia.wdm.WebDriverManager - Exporting webdriver.chrome.driver as C:\Users\Siti Nurlatipah\.cache\selenium\chromedriver\win32\103.0.5060.53\chromedriver.exe
03:21:46.592 [pool-2-thread-1] INFO net.serenitybdd.core.webdriver.driverproviders.ProvideNewDriver - Instantiating driver
03:21:46.592 [pool-2-thread-1] INFO net.serenitybdd.core.webdriver.driverproviders.ProvideNewDriver - Driver capabilities: Capabilities {acceptInsecureCerts: false, base.url: https://diskusiaza.netlify.app, browserName: chrome, chrome.driver: src/test/resources/webdrive..., driver: chrome, goog:chromeOptions: {args: [], extensions: []}, loggingPrefs: org.openqa.selenium.logging...}
03:21:52.834 [pool-2-thread-1] DEBUG net.serenitybdd.core.photography.Darkroom - Send negative for processing for target\site\serenity\f85dffa8b601583a0e2142bf5b67a83a6d5423edd063e65715b4acb56e319093.png
03:21:52.834 [pool-2-thread-1] DEBUG net.thucydides.core.steps.StepInterceptor - STEP DONE: onRegisterPage
  &amp#27;[32mGiven &amp#27;[0m&amp#27;[32muser on register page&amp#27;[0m                      &amp#27;[90m# StepDefinition.RegisterSteps.onRegisterPage()&amp#27;[0m
03:21:53.018 [pool-2-thread-1] DEBUG net.serenitybdd.core.photography.Darkroom - Send negative for processing for target\site\serenity\f85dffa8b601583a0e2142bf5b67a83a6d5423edd063e65715b4acb56e319093.png
03:21:53.018 [pool-2-thread-1] DEBUG net.thucydides.core.steps.StepInterceptor - STARTING STEP: RegisterSteps.inputValidNamaDepan8 - typeFirstName
03:21:53.435 [pool-2-thread-1] DEBUG net.serenitybdd.core.photography.Darkroom - Send negative for processing for target\site\serenity\1a63207c27ae03c295e8e63d49b6d9422b1de8cc8a99d1490a505ae1a1b9ca19.png
03:21:53.436 [pool-2-thread-1] DEBUG net.thucydides.core.steps.StepInterceptor - STEP DONE: typeFirstName
  &amp#27;[32mWhen &amp#27;[0m&amp#27;[32muser input valid nama depan8&amp#27;[0m                &amp#27;[90m# StepDefinition.RegisterSteps.inputValidNamaDepan8()&amp#27;[0m
03:21:53.639 [pool-2-thread-1] DEBUG net.serenitybdd.core.photography.Darkroom - Send negative for processing for target\site\serenity\1a63207c27ae03c295e8e63d49b6d9422b1de8cc8a99d1490a505ae1a1b9ca19.png
03:21:53.640 [pool-2-thread-1] DEBUG net.thucydides.core.steps.StepInterceptor - STARTING STEP: RegisterSteps.inputNamaBelakang8 - typeLastName
03:21:54.034 [pool-2-thread-1] DEBUG net.serenitybdd.core.photography.Darkroom - Send negative for processing for target\site\serenity\455cc29411607868fe098bb9a7e6076f029393ac9bd8d8d663cee03894e1e6ff.png
03:21:54.034 [pool-2-thread-1] DEBUG net.thucydides.core.steps.StepInterceptor - STEP DONE: typeLastName
  &amp#27;[32mAnd &amp#27;[0m&amp#27;[32muser input nama belakang8&amp#27;[0m                    &amp#27;[90m# StepDefinition.RegisterSteps.inputNamaBelakang8()&amp#27;[0m
03:21:54.236 [pool-2-thread-1] DEBUG net.serenitybdd.core.photography.Darkroom - Send negative for processing for target\site\serenity\455cc29411607868fe098bb9a7e6076f029393ac9bd8d8d663cee03894e1e6ff.png
03:21:54.236 [pool-2-thread-1] DEBUG net.thucydides.core.steps.StepInterceptor - STARTING STEP: RegisterSteps.inputValidEmail8 - typeEmail
03:21:54.772 [pool-2-thread-1] DEBUG net.serenitybdd.core.photography.Darkroom - Send negative for processing for target\site\serenity\6a3224079b0429b1e50dbb71fdd9fed4d41cc091c3dc7da6386e742cfc1b0339.png
03:21:54.772 [pool-2-thread-1] DEBUG net.thucydides.core.steps.StepInterceptor - STEP DONE: typeEmail
  &amp#27;[32mAnd &amp#27;[0m&amp#27;[32muser input valid email8&amp#27;[0m                      &amp#27;[90m# StepDefinition.RegisterSteps.inputValidEmail8()&amp#27;[0m
03:21:54.789 [pool-2-thread-1] DEBUG net.thucydides.core.steps.StepInterceptor - STARTING STEP: RegisterSteps.inputValidPassword8 - typePassword
03:21:55.417 [pool-2-thread-1] DEBUG net.serenitybdd.core.photography.Darkroom - Send negative for processing for target\site\serenity\44834b6f7508064fc38ff921fba94ce55e1040a892a747877b320260e6a9f07e.png
03:21:55.417 [pool-2-thread-1] DEBUG net.thucydides.core.steps.StepInterceptor - STEP DONE: typePassword
  &amp#27;[32mAnd &amp#27;[0m&amp#27;[32muser input valid password8 &amp#27;[0m&amp#27;[32m&amp#27;[1mkatasandi&amp#27;[0m         &amp#27;[90m# StepDefinition.RegisterSteps.inputValidPassword8(java.lang.String)&amp#27;[0m
03:21:55.432 [pool-2-thread-1] DEBUG net.thucydides.core.steps.StepInterceptor - STARTING STEP: RegisterSteps.inputJenisKelamin8 - typeJenisKelamin
03:21:55.751 [pool-2-thread-1] DEBUG net.serenitybdd.core.photography.Darkroom - Send negative for processing for target\site\serenity\0c9959dcdfedf65a7cf32fed0d934474f930f2fe534be6bdc3b3958ff5ac6012.png
03:21:55.751 [pool-2-thread-1] DEBUG net.thucydides.core.steps.StepInterceptor - STEP DONE: typeJenisKelamin
  &amp#27;[32mAnd &amp#27;[0m&amp#27;[32muser input jenis kelamin8&amp#27;[0m                    &amp#27;[90m# StepDefinition.RegisterSteps.inputJenisKelamin8()&amp#27;[0m
03:21:55.764 [pool-2-thread-1] DEBUG net.thucydides.core.steps.StepInterceptor - STARTING STEP: RegisterSteps.inputValidTanggalLahir8 - clickTanggal
03:22:02.283 [pool-2-thread-1] DEBUG net.serenitybdd.core.photography.Darkroom - Send negative for processing for target\site\serenity\00bbad0d9b14f916c2461a993b6f40cd4231f5a541f6e06980fe6f49855654ec.png
  &amp#27;[31mAnd &amp#27;[0m&amp#27;[31muser input valid tanggal lahir8 &amp#27;[0m&amp#27;[31m&amp#27;[1m01&amp#27;[0m&amp#27;[31m, &amp#27;[0m&amp#27;[31m&amp#27;[1m12&amp#27;[0m&amp#27;[31m, &amp#27;[0m&amp#27;[31m&amp#27;[1m2001&amp#27;[0m &amp#27;[90m# StepDefinition.RegisterSteps.inputValidTanggalLahir8(java.lang.String,java.lang.String,java.lang.String)&amp#27;[0m
      &amp#27;[31mnet.thucydides.core.webdriver.exceptions.ElementShouldBeEnabledException: Expected enabled element was not enabled
	at net.serenitybdd.core.pages.WebElementFacadeImpl.waitUntilEnabled(WebElementFacadeImpl.java:1178)
	at net.serenitybdd.core.pages.WebElementFacadeImpl.waitUntilElementAvailable(WebElementFacadeImpl.java:980)
	at net.serenitybdd.core.pages.WebElementFacadeImpl.click(WebElementFacadeImpl.java:1260)
	at net.serenitybdd.core.pages.WebElementFacadeImpl.click(WebElementFacadeImpl.java:1279)
	at rest.api@1.0-SNAPSHOT/Starter.RegisterPage.clickTanggal(RegisterPage.java:37)
	at rest.api@1.0-SNAPSHOT/Starter.RegisterPage$ByteBuddy$rPD7RyVp.clickTanggal$accessor$WtkDHrxS(Unknown Source)
	at java.base/jdk.internal.reflect.NativeMethodAccessorImpl.invoke0(Native Method)
	at java.base/jdk.internal.reflect.NativeMethodAccessorImpl.invoke(NativeMethodAccessorImpl.java:62)
	at java.base/jdk.internal.reflect.DelegatingMethodAccessorImpl.invoke(DelegatingMethodAccessorImpl.java:43)
	at java.base/java.lang.reflect.Method.invoke(Method.java:566)
	at net.thucydides.core.steps.StepInterceptor.invokeMethod(StepInterceptor.java:492)
	at net.thucydides.core.steps.StepInterceptor.executeTestStepMethod(StepInterceptor.java:472)
	at net.thucydides.core.steps.StepInterceptor.runTestStep(StepInterceptor.java:445)
	at net.thucydides.core.steps.StepInterceptor.runOrSkipMethod(StepInterceptor.java:201)
	at net.thucydides.core.steps.StepInterceptor.testStepResult(StepInterceptor.java:188)
	at net.thucydides.core.steps.StepInterceptor.intercept(StepInterceptor.java:76)
	at net.thucydides.core.steps.ProxyConfiguration$InterceptorDispatcher.intercept(ProxyConfiguration.java:51)
	at rest.api@1.0-SNAPSHOT/Starter.RegisterPage$ByteBuddy$rPD7RyVp.clickTanggal(Unknown Source)
	at rest.api@1.0-SNAPSHOT/StepDefinition.RegisterSteps.inputValidTanggalLahir8(RegisterSteps.java:362)
	at âœ½.user input valid tanggal lahir8 01, 12, 2001(file:///D:/CAPSTONE%20PROJECT%20KELOMPOK%2032/WEB%20DISKUSIAZA/src/test/resources/web/Register.feature:89)
Caused by: org.openqa.selenium.TimeoutException: Expected condition failed: waiting for By.xpath: //*[@id="__BVID__54"]/option[15] to be enabled (tried for 5 second(s) with 100 milliseconds interval)
	at org.openqa.selenium.support.ui.FluentWait.timeoutException(FluentWait.java:304)
	at org.openqa.selenium.support.ui.FluentWait.until(FluentWait.java:272)
	at net.serenitybdd.core.pages.WebElementFacadeImpl.waitUntilEnabled(WebElementFacadeImpl.java:1175)
	at net.serenitybdd.core.pages.WebElementFacadeImpl.waitUntilElementAvailable(WebElementFacadeImpl.java:980)
	at net.serenitybdd.core.pages.WebElementFacadeImpl.click(WebElementFacadeImpl.java:1260)
	at net.serenitybdd.core.pages.WebElementFacadeImpl.click(WebElementFacadeImpl.java:1279)
	at rest.api@1.0-SNAPSHOT/Starter.RegisterPage.clickTanggal(RegisterPage.java:37)
	at rest.api@1.0-SNAPSHOT/Starter.RegisterPage$ByteBuddy$rPD7RyVp.clickTanggal$accessor$WtkDHrxS(Unknown Source)
	at java.base/jdk.internal.reflect.NativeMethodAccessorImpl.invoke0(Native Method)
	at java.base/jdk.internal.reflect.NativeMethodAccessorImpl.invoke(NativeMethodAccessorImpl.java:62)
	at java.base/jdk.internal.reflect.DelegatingMethodAccessorImpl.invoke(DelegatingMethodAccessorImpl.java:43)
	at java.base/java.lang.reflect.Method.invoke(Method.java:566)
	at net.thucydides.core.steps.StepInterceptor.invokeMethod(StepInterceptor.java:492)
	at net.thucydides.core.steps.StepInterceptor.executeTestStepMethod(StepInterceptor.java:472)
	at net.thucydides.core.steps.StepInterceptor.runTestStep(StepInterceptor.java:445)
	at net.thucydides.core.steps.StepInterceptor.runOrSkipMethod(StepInterceptor.java:201)
	at net.thucydides.core.steps.StepInterceptor.testStepResult(StepInterceptor.java:188)
	at net.thucydides.core.steps.StepInterceptor.intercept(StepInterceptor.java:76)
	at net.thucydides.core.steps.ProxyConfiguration$InterceptorDispatcher.intercept(ProxyConfiguration.java:51)
	at rest.api@1.0-SNAPSHOT/Starter.RegisterPage$ByteBuddy$rPD7RyVp.clickTanggal(Unknown Source)
	at rest.api@1.0-SNAPSHOT/StepDefinition.RegisterSteps.inputValidTanggalLahir8(RegisterSteps.java:362)
	at java.base/jdk.internal.reflect.NativeMethodAccessorImpl.invoke0(Native Method)
	at java.base/jdk.internal.reflect.NativeMethodAccessorImpl.invoke(NativeMethodAccessorImpl.java:62)
	at java.base/jdk.internal.reflect.DelegatingMethodAccessorImpl.invoke(DelegatingMethodAccessorImpl.java:43)
	at java.base/java.lang.reflect.Method.invoke(Method.java:566)
	at io.cucumber.java.Invoker.doInvoke(Invoker.java:66)
	at io.cucumber.java.Invoker.invoke(Invoker.java:24)
	at io.cucumber.java.AbstractGlueDefinition.invokeMethod(AbstractGlueDefinition.java:47)
	at io.cucumber.java.JavaStepDefinition.execute(JavaStepDefinition.java:29)
	at io.cucumber.core.runner.CoreStepDefinition.execute(CoreStepDefinition.java:66)
	at io.cucumber.core.runner.PickleStepDefinitionMatch.runStep(PickleStepDefinitionMatch.java:63)
	at io.cucumber.core.runner.ExecutionMode$1.execute(ExecutionMode.java:10)
	at io.cucumber.core.runner.TestStep.executeStep(TestStep.java:92)
	at io.cucumber.core.runner.TestStep.run(TestStep.java:64)
	at io.cucumber.core.runner.PickleStepTestStep.run(PickleStepTestStep.java:51)
	at io.cucumber.core.runner.TestCase.run(TestCase.java:104)
	at io.cucumber.core.runner.Runner.runPickle(Runner.java:73)
	at io.cucumber.junit.PickleRunners$NoStepDescriptions.run(PickleRunners.java:151)
	at io.cucumber.junit.FeatureRunner.runChild(FeatureRunner.java:135)
	at io.cucumber.junit.FeatureRunner.runChild(FeatureRunner.java:27)
	at org.junit.runners.ParentRunner$4.run(ParentRunner.java:331)
	at org.junit.runners.ParentRunner$1.schedule(ParentRunner.java:79)
	at org.junit.runners.ParentRunner.runChildren(ParentRunner.java:329)
	at org.junit.runners.ParentRunner.access$100(ParentRunner.java:66)
	at org.junit.runners.ParentRunner$2.evaluate(ParentRunner.java:293)
	at org.junit.runners.ParentRunner$3.evaluate(ParentRunner.java:306)
	at org.junit.runners.ParentRunner.run(ParentRunner.java:413)
	at io.cucumber.junit.CucumberSerenityRunner.runChild(CucumberSerenityRunner.java:258)
	at io.cucumber.junit.CucumberSerenityRunner.runChild(CucumberSerenityRunner.java:57)
	at org.junit.runners.ParentRunner$4.run(ParentRunner.java:331)
	at org.apache.maven.surefire.junitcore.pc.Scheduler$1.run(Scheduler.java:405)
	at org.apache.maven.surefire.junitcore.pc.InvokerStrategy.schedule(InvokerStrategy.java:54)
	at org.apache.maven.surefire.junitcore.pc.Scheduler.schedule(Scheduler.java:362)
	at org.junit.runners.ParentRunner.runChildren(ParentRunner.java:329)
	at org.junit.runners.ParentRunner.access$100(ParentRunner.java:66)
	at org.junit.runners.ParentRunner$2.evaluate(ParentRunner.java:293)
	at io.cucumber.junit.CucumberSerenityRunner$RunCucumber.evaluate(CucumberSerenityRunner.java:286)
	at org.junit.runners.ParentRunner$3.evaluate(ParentRunner.java:306)
	at org.junit.runners.ParentRunner.run(ParentRunner.java:413)
	at org.junit.runners.Suite.runChild(Suite.java:128)
	at org.junit.runners.Suite.runChild(Suite.java:27)
	at org.junit.runners.ParentRunner$4.run(ParentRunner.java:331)
	at org.apache.maven.surefire.junitcore.pc.Scheduler$1.run(Scheduler.java:405)
	at java.base/java.util.concurrent.Executors$RunnableAdapter.call(Executors.java:515)
	at java.base/java.util.concurrent.FutureTask.run(FutureTask.java:264)
	at java.base/java.util.concurrent.ThreadPoolExecutor.runWorker(ThreadPoolExecutor.java:1128)
	at java.base/java.util.concurrent.ThreadPoolExecutor$Worker.run(ThreadPoolExecutor.java:628)
	at java.base/java.lang.Thread.run(Thread.java:834)
Caused by: org.openqa.selenium.NoSuchElementException: no such element: Unable to locate element: {"method":"xpath","selector":"//*[@id="__BVID__54"]/option[15]"}
  (Session info: chrome=103.0.5060.114)
For documentation on this error, please visit: https://www.seleniumhq.org/exceptions/no_such_element.html
Build info: version: '3.141.59', revision: 'e82be7d358', time: '2018-11-14T08:17:03'
System info: host: 'LAPTOP-9MG0RTAB', ip: '192.168.84.95', os.name: 'Windows 10', os.arch: 'amd64', os.version: '10.0', java.version: '11.0.14'
Driver info: org.openqa.selenium.chrome.ChromeDriver
Capabilities {acceptInsecureCerts: false, browserName: chrome, browserVersion: 103.0.5060.114, chrome: {chromedriverVersion: 103.0.5060.53 (a1711811edd7..., userDataDir: C:\Users\SITINU~1\AppData\L...}, goog:chromeOptions: {debuggerAddress: localhost:50873}, javascriptEnabled: true, networkConnectionEnabled: false, pageLoadStrategy: normal, platform: WINDOWS, platformName: WINDOWS, proxy: Proxy(), setWindowRect: true, strictFileInteractability: false, timeouts: {implicit: 0, pageLoad: 300000, script: 30000}, unhandledPromptBehavior: dismiss and notify, webauthn:extension:credBlob: true, webauthn:extension:largeBlob: true, webauthn:virtualAuthenticators: true}
Session ID: 2808407d488b8585447453fff7b4f92e
*** Element info: {Using=xpath, value=//*[@id="__BVID__54"]/option[15]}
	at java.base/jdk.internal.reflect.NativeConstructorAccessorImpl.newInstance0(Native Method)
	at java.base/jdk.internal.reflect.NativeConstructorAccessorImpl.newInstance(NativeConstructorAccessorImpl.java:62)
	at java.base/jdk.internal.reflect.DelegatingConstructorAccessorImpl.newInstance(DelegatingConstructorAccessorImpl.java:45)
	at java.base/java.lang.reflect.Constructor.newInstance(Constructor.java:490)
	at org.openqa.selenium.remote.http.W3CHttpResponseCodec.createException(W3CHttpResponseCodec.java:187)
	at org.openqa.selenium.remote.http.W3CHttpResponseCodec.decode(W3CHttpResponseCodec.java:122)
	at org.openqa.selenium.remote.http.W3CHttpResponseCodec.decode(W3CHttpResponseCodec.java:49)
	at org.openqa.selenium.remote.HttpCommandExecutor.execute(HttpCommandExecutor.java:158)
	at org.openqa.selenium.remote.service.DriverCommandExecutor.execute(DriverCommandExecutor.java:83)
	at org.openqa.selenium.remote.RemoteWebDriver.execute(RemoteWebDriver.java:552)
	at org.openqa.selenium.remote.RemoteWebDriver.findElement(RemoteWebDriver.java:323)
	at org.openqa.selenium.remote.RemoteWebDriver.findElementByXPath(RemoteWebDriver.java:428)
	at org.openqa.selenium.By$ByXPath.findElement(By.java:353)
	at org.openqa.selenium.remote.RemoteWebDriver.findElement(RemoteWebDriver.java:315)
	at net.thucydides.core.webdriver.WebDriverFacade.findElement(WebDriverFacade.java:222)
	at net.serenitybdd.core.pages.WebElementResolverByLocator.resolveForDriver(WebElementResolverByLocator.java:25)
	at net.serenitybdd.core.pages.WebElementFacadeImpl.getResolvedElement(WebElementFacadeImpl.java:231)
	at net.serenitybdd.core.pages.WebElementFacadeImpl.getElement(WebElementFacadeImpl.java:226)
	at net.serenitybdd.core.pages.WebElementExpectations$3.apply(WebElementExpectations.java:63)
	at net.serenitybdd.core.pages.WebElementExpectations$3.apply(WebElementExpectations.java:55)
	at org.openqa.selenium.support.ui.FluentWait.until(FluentWait.java:249)
	... 66 more
&amp#27;[0m
  &amp#27;[36mAnd &amp#27;[0m&amp#27;[36muser klik Daftar button8&amp#27;[0m                     &amp#27;[90m# StepDefinition.RegisterSteps.klikDaftarButton8()&amp#27;[0m
  &amp#27;[36mThen &amp#27;[0m&amp#27;[36muser got message8 &amp#27;[0m&amp#27;[36m&amp#27;[1mpusing&amp#27;[0m                    &amp#27;[90m# StepDefinition.RegisterSteps.gotMessage8(java.lang.String)&amp#27;[0m
]]></system-out>
    <system-err><![CDATA[Starting ChromeDriver 103.0.5060.53 (a1711811edd74ff1cf2150f36ffa3b0dae40b17f-refs/branch-heads/5060@{#853}) on port 43046
Only local connections are allowed.
Please see https://chromedriver.chromium.org/security-considerations for suggestions on keeping ChromeDriver safe.
ChromeDriver was started successfully.
Jul 10, 2022 3:21:48 AM org.openqa.selenium.remote.ProtocolHandshake createSession
INFO: Detected dialect: W3C
]]></system-err>
  </testcase>
</testsuite>