<?xml version="1.0" encoding="UTF-8"?><testsuite errors="1" failures="1" name="User on landing page" skipped="0" tests="12" time="196.79" timestamp="2022-07-11 02:22:43"><testcase name="User membuka page pertanyaan"/><testcase name="User membuka tulis jawaban"><error message="element click intercepted: Element &lt;button data-v-f5a7039c=&quot;&quot; type=&quot;button&quot; class=&quot;btn btn-white&quot;&gt;...&lt;/button&gt; is not clickable at point (700, 140). Other element would receive the click: &lt;div data-v-f5a7039c=&quot;&quot; id=&quot;right&quot; class=&quot;mt-2 text-start col&quot;&gt;...&lt;/div&gt;&#10;  (Session info: chrome=103.0.5060.114)&#10;Build info: version: '3.141.59', revision: 'e82be7d358', time: '2018-11-14T08:17:03'&#10;System info: host: 'LAPTOP-9MG0RTAB', ip: '192.168.175.95', os.name: 'Windows 10', os.arch: 'amd64', os.version: '10.0', java.version: '11.0.14'&#10;Driver info: org.openqa.selenium.chrome.ChromeDriver&#10;Capabilities {acceptInsecureCerts: false, browserName: chrome, browserVersion: 103.0.5060.114, chrome: {chromedriverVersion: 103.0.5060.53 (a1711811edd7..., userDataDir: C:\Users\SITINU~1\AppData\L...}, goog:chromeOptions: {debuggerAddress: localhost:49628}, javascriptEnabled: true, networkConnectionEnabled: false, pageLoadStrategy: normal, platform: WINDOWS, platformName: WINDOWS, proxy: Proxy(), setWindowRect: true, strictFileInteractability: false, timeouts: {implicit: 0, pageLoad: 300000, script: 30000}, unhandledPromptBehavior: dismiss and notify, webauthn:extension:credBlob: true, webauthn:extension:largeBlob: true, webauthn:virtualAuthenticators: true}&#10;Session ID: 19f4f2b7386decfa4129d910ac96a65e&#10;Build info: version: '3.141.59', revision: 'e82be7d358', time: '2018-11-14T08:17:03'&#10;System info: host: 'LAPTOP-9MG0RTAB', ip: '192.168.175.95', os.name: 'Windows 10', os.arch: 'amd64', os.version: '10.0', java.version: '11.0.14'&#10;Driver info: driver.version: unknown" type="org.openqa.selenium.ElementClickInterceptedException">element click intercepted: Element &lt;button data-v-f5a7039c="" type="button" class="btn btn-white"&gt;...&lt;/button&gt; is not clickable at point (700, 140). Other element would receive the click: &lt;div data-v-f5a7039c="" id="right" class="mt-2 text-start col"&gt;...&lt;/div&gt;
  (Session info: chrome=103.0.5060.114)
Build info: version: '3.141.59', revision: 'e82be7d358', time: '2018-11-14T08:17:03'
System info: host: 'LAPTOP-9MG0RTAB', ip: '192.168.175.95', os.name: 'Windows 10', os.arch: 'amd64', os.version: '10.0', java.version: '11.0.14'
Driver info: org.openqa.selenium.chrome.ChromeDriver
Capabilities {acceptInsecureCerts: false, browserName: chrome, browserVersion: 103.0.5060.114, chrome: {chromedriverVersion: 103.0.5060.53 (a1711811edd7..., userDataDir: C:\Users\SITINU~1\AppData\L...}, goog:chromeOptions: {debuggerAddress: localhost:49628}, javascriptEnabled: true, networkConnectionEnabled: false, pageLoadStrategy: normal, platform: WINDOWS, platformName: WINDOWS, proxy: Proxy(), setWindowRect: true, strictFileInteractability: false, timeouts: {implicit: 0, pageLoad: 300000, script: 30000}, unhandledPromptBehavior: dismiss and notify, webauthn:extension:credBlob: true, webauthn:extension:largeBlob: true, webauthn:virtualAuthenticators: true}
Session ID: 19f4f2b7386decfa4129d910ac96a65e
Build info: version: '3.141.59', revision: 'e82be7d358', time: '2018-11-14T08:17:03'
System info: host: 'LAPTOP-9MG0RTAB', ip: '192.168.175.95', os.name: 'Windows 10', os.arch: 'amd64', os.version: '10.0', java.version: '11.0.14'
Driver info: driver.version: unknown</error><system-err>element click intercepted: Element &lt;button data-v-f5a7039c="" type="button" class="btn btn-white"&gt;...&lt;/button&gt; is not clickable at point (700, 140). Other element would receive the click: &lt;div data-v-f5a7039c="" id="right" class="mt-2 text-start col"&gt;...&lt;/div&gt;
  (Session info: chrome=103.0.5060.114)
Build info: version: '3.141.59', revision: 'e82be7d358', time: '2018-11-14T08:17:03'
System info: host: 'LAPTOP-9MG0RTAB', ip: '192.168.175.95', os.name: 'Windows 10', os.arch: 'amd64', os.version: '10.0', java.version: '11.0.14'
Driver info: org.openqa.selenium.chrome.ChromeDriver
Capabilities {acceptInsecureCerts: false, browserName: chrome, browserVersion: 103.0.5060.114, chrome: {chromedriverVersion: 103.0.5060.53 (a1711811edd7..., userDataDir: C:\Users\SITINU~1\AppData\L...}, goog:chromeOptions: {debuggerAddress: localhost:49628}, javascriptEnabled: true, networkConnectionEnabled: false, pageLoadStrategy: normal, platform: WINDOWS, platformName: WINDOWS, proxy: Proxy(), setWindowRect: true, strictFileInteractability: false, timeouts: {implicit: 0, pageLoad: 300000, script: 30000}, unhandledPromptBehavior: dismiss and notify, webauthn:extension:credBlob: true, webauthn:extension:largeBlob: true, webauthn:virtualAuthenticators: true}
Session ID: 19f4f2b7386decfa4129d910ac96a65e
Build info: version: '3.141.59', revision: 'e82be7d358', time: '2018-11-14T08:17:03'
System info: host: 'LAPTOP-9MG0RTAB', ip: '192.168.175.95', os.name: 'Windows 10', os.arch: 'amd64', os.version: '10.0', java.version: '11.0.14'
Driver info: driver.version: unknown&#13;
rest.api@1.0-SNAPSHOT/Starter.LandingPage.clickTulisButton(LandingPage.java:41)&#13;
rest.api@1.0-SNAPSHOT/StepDefinition.LandingPageSteps.tulisButton(LandingPageSteps.java:40)&#13;
✽.user klik 'tulis' button(file:///D:/CAPSTONE%20PROJECT%20KELOMPOK%2032/WEB%20DISKUSIAZA/src/test/resources/web/LandingPage.feature:10)&#13;
</system-err></testcase><testcase name="user membuka notifikasi"/><testcase name="User membuka search field"><failure message="Expected enabled element was not enabled&#10;Build info: version: '3.141.59', revision: 'e82be7d358', time: '2018-11-14T08:17:03'&#10;System info: host: 'LAPTOP-9MG0RTAB', ip: '192.168.175.95', os.name: 'Windows 10', os.arch: 'amd64', os.version: '10.0', java.version: '11.0.14'&#10;Driver info: driver.version: unknown" type="net.thucydides.core.webdriver.exceptions.ElementShouldBeEnabledException">Expected enabled element was not enabled
Build info: version: '3.141.59', revision: 'e82be7d358', time: '2018-11-14T08:17:03'
System info: host: 'LAPTOP-9MG0RTAB', ip: '192.168.175.95', os.name: 'Windows 10', os.arch: 'amd64', os.version: '10.0', java.version: '11.0.14'
Driver info: driver.version: unknown</failure><system-err>Expected enabled element was not enabled
Build info: version: '3.141.59', revision: 'e82be7d358', time: '2018-11-14T08:17:03'
System info: host: 'LAPTOP-9MG0RTAB', ip: '192.168.175.95', os.name: 'Windows 10', os.arch: 'amd64', os.version: '10.0', java.version: '11.0.14'
Driver info: driver.version: unknown&#13;
rest.api@1.0-SNAPSHOT/Starter.LandingPage.clickSearchButton(LandingPage.java:49)&#13;
rest.api@1.0-SNAPSHOT/StepDefinition.LandingPageSteps.klikSearchField(LandingPageSteps.java:64)&#13;
✽.user klik search field(file:///D:/CAPSTONE%20PROJECT%20KELOMPOK%2032/WEB%20DISKUSIAZA/src/test/resources/web/LandingPage.feature:20)&#13;
</system-err></testcase><testcase name="User membuka Explore"/><testcase name="User membuka Trending"/><testcase name="User membuka message"/><testcase name="User membuka Bookmarks"/><testcase name="User membuka Jawab"/><testcase name="User membuka Ruang"/><testcase name="User membuka Profil"/><testcase name="User membuat Thread"/></testsuite>