<?xml version="1.0" encoding="UTF-8"?><testsuite errors="0" failures="2" name="As a user on profil page" skipped="0" tests="2" time="3.94" timestamp="2022-07-16 04:12:17"><testcase name="User get data profile"><failure message="1 expectation failed.&#10;Expected status code &lt;200&gt; but was &lt;400&gt;.&#10;" type="java.lang.AssertionError">1 expectation failed.
Expected status code &lt;200&gt; but was &lt;400&gt;.
</failure><system-err>1 expectation failed.
Expected status code &lt;200&gt; but was &lt;400&gt;.
&#13;
io.restassured.internal.ResponseSpecificationImpl.validateResponseIfRequired(ResponseSpecificationImpl.groovy:674)&#13;
io.restassured.internal.ResponseSpecificationImpl.statusCode(ResponseSpecificationImpl.groovy:126)&#13;
io.restassured.internal.ResponseSpecificationImpl.statusCode(ResponseSpecificationImpl.groovy:134)&#13;
io.restassured.internal.ValidatableResponseOptionsImpl.statusCode(ValidatableResponseOptionsImpl.java:89)&#13;
io.restassured.internal.ValidatableResponseImpl.super$2$statusCode(ValidatableResponseImpl.groovy)&#13;
groovy.lang.MetaMethod.doMethodInvoke(MetaMethod.java:323)&#13;
groovy.lang.MetaClassImpl.invokeMethod(MetaClassImpl.java:1267)&#13;
io.restassured.internal.ValidatableResponseImpl.statusCode(ValidatableResponseImpl.groovy:142)&#13;
io.restassured.internal.ValidatableResponseImpl.statusCode(ValidatableResponseImpl.groovy)&#13;
rest.api@1.0-SNAPSHOT/Starter.Profile.GetProfile.lambda$getprofileResponseCode200$0(GetProfile.java:21)&#13;
net.serenitybdd.rest.SerenityRest.restAssuredThat(SerenityRest.java:626)&#13;
rest.api@1.0-SNAPSHOT/Starter.Profile.GetProfile.getprofileResponseCode200(GetProfile.java:21)&#13;
rest.api@1.0-SNAPSHOT/Starter.StepDefinitions.Profile.succesgetresponcode200(Profile.java:26)&#13;
✽.user get response code 200(file:///C:/Users/LENOVO-PC/OneDrive%20-%20IT-PLN/Dokumen/apenim/Diskusiaza-QE/REST%20API%20CAPSTONE/src/test/resources/api/Profile.feature:7)&#13;
</system-err></testcase><testcase name="User update data profile"><failure message="1 expectation failed.&#10;Expected status code &lt;200&gt; but was &lt;400&gt;.&#10;" type="java.lang.AssertionError">1 expectation failed.
Expected status code &lt;200&gt; but was &lt;400&gt;.
</failure><system-err>1 expectation failed.
Expected status code &lt;200&gt; but was &lt;400&gt;.
&#13;
io.restassured.internal.ResponseSpecificationImpl.validateResponseIfRequired(ResponseSpecificationImpl.groovy:674)&#13;
io.restassured.internal.ResponseSpecificationImpl.statusCode(ResponseSpecificationImpl.groovy:126)&#13;
io.restassured.internal.ResponseSpecificationImpl.statusCode(ResponseSpecificationImpl.groovy:134)&#13;
io.restassured.internal.ValidatableResponseOptionsImpl.statusCode(ValidatableResponseOptionsImpl.java:89)&#13;
io.restassured.internal.ValidatableResponseImpl.super$2$statusCode(ValidatableResponseImpl.groovy)&#13;
groovy.lang.MetaMethod.doMethodInvoke(MetaMethod.java:323)&#13;
groovy.lang.MetaClassImpl.invokeMethod(MetaClassImpl.java:1267)&#13;
io.restassured.internal.ValidatableResponseImpl.statusCode(ValidatableResponseImpl.groovy:142)&#13;
io.restassured.internal.ValidatableResponseImpl.statusCode(ValidatableResponseImpl.groovy)&#13;
rest.api@1.0-SNAPSHOT/Starter.Profile.PutProfile.lambda$getValidResponseCode200$0(PutProfile.java:24)&#13;
net.serenitybdd.rest.SerenityRest.restAssuredThat(SerenityRest.java:626)&#13;
rest.api@1.0-SNAPSHOT/Starter.Profile.PutProfile.getValidResponseCode200(PutProfile.java:24)&#13;
rest.api@1.0-SNAPSHOT/Starter.StepDefinitions.Profile.succesgetvalidresponcode200(Profile.java:43)&#13;
✽.user get valid response code 200(file:///C:/Users/LENOVO-PC/OneDrive%20-%20IT-PLN/Dokumen/apenim/Diskusiaza-QE/REST%20API%20CAPSTONE/src/test/resources/api/Profile.feature:13)&#13;
</system-err></testcase></testsuite>