-------------------------------------------------------------------------------
Test set: CucumberTestSuite
-------------------------------------------------------------------------------
Tests run: 20, Failures: 0, Errors: 8, Skipped: 12, Time elapsed: 16.481 sec <<< FAILURE! - in CucumberTestSuite
user on login page(User input valid email and password)  Time elapsed: 0.831 sec  <<< ERROR!
java.lang.NullPointerException: Cannot invoke "io.appium.java_client.android.AndroidDriver.hideKeyboard()" because "driver" is null

User input valid email and password  Time elapsed: 0.002 sec  <<< ERROR!
java.lang.NullPointerException: Cannot invoke "io.appium.java_client.android.AndroidDriver.hideKeyboard()" because "driver" is null

user on login page(user input valid email and invalid password)  Time elapsed: 0 sec  <<< ERROR!
java.lang.NullPointerException: Cannot invoke "io.appium.java_client.android.AndroidDriver.hideKeyboard()" because "driver" is null

user input valid email and invalid password  Time elapsed: 0.001 sec  <<< ERROR!
java.lang.NullPointerException: Cannot invoke "io.appium.java_client.android.AndroidDriver.hideKeyboard()" because "driver" is null

user on login page(user input invalid email and valid password)  Time elapsed: 0 sec  <<< ERROR!
java.lang.NullPointerException: Cannot invoke "io.appium.java_client.android.AndroidDriver.hideKeyboard()" because "driver" is null

user input invalid email and valid password  Time elapsed: 0.475 sec  <<< ERROR!
java.lang.NullPointerException: Cannot invoke "io.appium.java_client.android.AndroidDriver.hideKeyboard()" because "driver" is null

user on login page(user input invalid email and invalid password)  Time elapsed: 0 sec  <<< ERROR!
java.lang.NullPointerException: Cannot invoke "io.appium.java_client.android.AndroidDriver.hideKeyboard()" because "driver" is null

user input invalid email and invalid password  Time elapsed: 0.044 sec  <<< ERROR!
java.lang.NullPointerException: Cannot invoke "io.appium.java_client.android.AndroidDriver.hideKeyboard()" because "driver" is null

