-------------------------------------------------------------------------------
Test set: CucumberTestSuite
-------------------------------------------------------------------------------
Tests run: 12, Failures: 0, Errors: 2, Skipped: 2, Time elapsed: 77.701 sec <<< FAILURE! - in CucumberTestSuite
user pilih jenis kelamin(User input valid data)  Time elapsed: 30.489 sec  <<< ERROR!
org.openqa.selenium.TimeoutException: Expected condition failed: waiting for element to be clickable: By.AccessibilityId: Woman (tried for 10 second(s) with 500 milliseconds interval)
Caused by: org.openqa.selenium.NoSuchElementException: 
An element could not be located on the page using the given search parameters.
For documentation on this error, please visit: https://www.seleniumhq.org/exceptions/no_such_element.html
Build info: version: '3.141.59', revision: 'e82be7d358', time: '2018-11-14T08:17:03'
System info: host: 'MUTHIA17', ip: '172.20.10.4', os.name: 'Windows 11', os.arch: 'amd64', os.version: '10.0', java.version: '17.0.2'
Driver info: io.appium.java_client.android.AndroidDriver
Capabilities {app: C:\Users\LENOVO-PC\OneDrive..., appPackage: com.example.diskusiaza_mobile, automationName: UiAutomator2, databaseEnabled: false, desired: {app: C:\Users\LENOVO-PC\OneDrive..., automationName: UiAutomator2, noReset: true, platformName: android, platformVersion: 12}, deviceApiLevel: 31, deviceManufacturer: Google, deviceModel: sdk_gphone64_x86_64, deviceName: emulator-5554, deviceScreenDensity: 440, deviceScreenSize: 1080x2280, deviceUDID: emulator-5554, javascriptEnabled: true, locationContextEnabled: false, networkConnectionEnabled: true, noReset: true, pixelRatio: 2.75, platform: LINUX, platformName: Android, platformVersion: 12, statBarHeight: 83, takesScreenshot: true, viewportRect: {height: 2065, left: 0, top: 83, width: 1080}, warnings: {}, webStorageEnabled: false}
Session ID: eae9c3c2-8714-4347-a402-d402bc4e2f03
*** Element info: {Using=accessibility id, value=Woman}

User input valid data  Time elapsed: 0.001 sec  <<< ERROR!
org.openqa.selenium.TimeoutException: Expected condition failed: waiting for element to be clickable: By.AccessibilityId: Woman (tried for 10 second(s) with 500 milliseconds interval)
Caused by: org.openqa.selenium.NoSuchElementException: 
An element could not be located on the page using the given search parameters.
For documentation on this error, please visit: https://www.seleniumhq.org/exceptions/no_such_element.html
Build info: version: '3.141.59', revision: 'e82be7d358', time: '2018-11-14T08:17:03'
System info: host: 'MUTHIA17', ip: '172.20.10.4', os.name: 'Windows 11', os.arch: 'amd64', os.version: '10.0', java.version: '17.0.2'
Driver info: io.appium.java_client.android.AndroidDriver
Capabilities {app: C:\Users\LENOVO-PC\OneDrive..., appPackage: com.example.diskusiaza_mobile, automationName: UiAutomator2, databaseEnabled: false, desired: {app: C:\Users\LENOVO-PC\OneDrive..., automationName: UiAutomator2, noReset: true, platformName: android, platformVersion: 12}, deviceApiLevel: 31, deviceManufacturer: Google, deviceModel: sdk_gphone64_x86_64, deviceName: emulator-5554, deviceScreenDensity: 440, deviceScreenSize: 1080x2280, deviceUDID: emulator-5554, javascriptEnabled: true, locationContextEnabled: false, networkConnectionEnabled: true, noReset: true, pixelRatio: 2.75, platform: LINUX, platformName: Android, platformVersion: 12, statBarHeight: 83, takesScreenshot: true, viewportRect: {height: 2065, left: 0, top: 83, width: 1080}, warnings: {}, webStorageEnabled: false}
Session ID: eae9c3c2-8714-4347-a402-d402bc4e2f03
*** Element info: {Using=accessibility id, value=Woman}

