-------------------------------------------------------------------------------
Test set: CucumberTestSuite
-------------------------------------------------------------------------------
Tests run: 133, Failures: 0, Errors: 6, Skipped: 14, Time elapsed: 446.303 sec <<< FAILURE! - in CucumberTestSuite
user input valid nama depan siti(User input valid data)  Time elapsed: 40.09 sec  <<< ERROR!
org.openqa.selenium.TimeoutException: Expected condition failed: waiting for element to be clickable: By.xpath: //android.view.View/android.widget.EditText[1] (tried for 30 second(s) with 500 milliseconds interval)
Caused by: org.openqa.selenium.NoSuchElementException: 
An element could not be located on the page using the given search parameters.
For documentation on this error, please visit: https://www.seleniumhq.org/exceptions/no_such_element.html
Build info: version: '3.141.59', revision: 'e82be7d358', time: '2018-11-14T08:17:03'
System info: host: 'MUTHIA17', ip: '192.168.1.20', os.name: 'Windows 11', os.arch: 'amd64', os.version: '10.0', java.version: '17.0.2'
Driver info: io.appium.java_client.android.AndroidDriver
Capabilities {app: C:\Users\LENOVO-PC\OneDrive..., appPackage: com.example.diskusiaza_mobile, automationName: UiAutomator2, connectHardwareKeyboard: false, databaseEnabled: false, desired: {app: C:\Users\LENOVO-PC\OneDrive..., automationName: UiAutomator2, connectHardwareKeyboard: false, noReset: false, platformName: android, platformVersion: 12, resetKeyboard: true, unicodeKeyboard: true}, deviceApiLevel: 31, deviceManufacturer: Google, deviceModel: sdk_gphone64_x86_64, deviceName: emulator-5554, deviceScreenDensity: 440, deviceScreenSize: 1080x2280, deviceUDID: emulator-5554, javascriptEnabled: true, locationContextEnabled: false, networkConnectionEnabled: true, noReset: false, pixelRatio: 2.75, platform: LINUX, platformName: Android, platformVersion: 12, resetKeyboard: true, statBarHeight: 83, takesScreenshot: true, unicodeKeyboard: true, viewportRect: {height: 2065, left: 0, top: 83, width: 1080}, warnings: {}, webStorageEnabled: false}
Session ID: 97b7bcb7-1cf3-470a-92ae-7605f07437a0
*** Element info: {Using=xpath, value=//android.view.View/android.widget.EditText[1]}

User input valid data  Time elapsed: 0.001 sec  <<< ERROR!
org.openqa.selenium.TimeoutException: Expected condition failed: waiting for element to be clickable: By.xpath: //android.view.View/android.widget.EditText[1] (tried for 30 second(s) with 500 milliseconds interval)
Caused by: org.openqa.selenium.NoSuchElementException: 
An element could not be located on the page using the given search parameters.
For documentation on this error, please visit: https://www.seleniumhq.org/exceptions/no_such_element.html
Build info: version: '3.141.59', revision: 'e82be7d358', time: '2018-11-14T08:17:03'
System info: host: 'MUTHIA17', ip: '192.168.1.20', os.name: 'Windows 11', os.arch: 'amd64', os.version: '10.0', java.version: '17.0.2'
Driver info: io.appium.java_client.android.AndroidDriver
Capabilities {app: C:\Users\LENOVO-PC\OneDrive..., appPackage: com.example.diskusiaza_mobile, automationName: UiAutomator2, connectHardwareKeyboard: false, databaseEnabled: false, desired: {app: C:\Users\LENOVO-PC\OneDrive..., automationName: UiAutomator2, connectHardwareKeyboard: false, noReset: false, platformName: android, platformVersion: 12, resetKeyboard: true, unicodeKeyboard: true}, deviceApiLevel: 31, deviceManufacturer: Google, deviceModel: sdk_gphone64_x86_64, deviceName: emulator-5554, deviceScreenDensity: 440, deviceScreenSize: 1080x2280, deviceUDID: emulator-5554, javascriptEnabled: true, locationContextEnabled: false, networkConnectionEnabled: true, noReset: false, pixelRatio: 2.75, platform: LINUX, platformName: Android, platformVersion: 12, resetKeyboard: true, statBarHeight: 83, takesScreenshot: true, unicodeKeyboard: true, viewportRect: {height: 2065, left: 0, top: 83, width: 1080}, warnings: {}, webStorageEnabled: false}
Session ID: 97b7bcb7-1cf3-470a-92ae-7605f07437a0
*** Element info: {Using=xpath, value=//android.view.View/android.widget.EditText[1]}

user input valid confirm password5 susah(user tidak memasukan password)  Time elapsed: 40.698 sec  <<< ERROR!
org.openqa.selenium.TimeoutException: Expected condition failed: waiting for presence of element located by: By.xpath: //android.view.View/android.widget.EditText[5] (tried for 30 second(s) with 500 milliseconds interval)
Caused by: org.openqa.selenium.NoSuchElementException: 
An element could not be located on the page using the given search parameters.
For documentation on this error, please visit: https://www.seleniumhq.org/exceptions/no_such_element.html
Build info: version: '3.141.59', revision: 'e82be7d358', time: '2018-11-14T08:17:03'
System info: host: 'MUTHIA17', ip: '192.168.1.20', os.name: 'Windows 11', os.arch: 'amd64', os.version: '10.0', java.version: '17.0.2'
Driver info: io.appium.java_client.android.AndroidDriver
Capabilities {app: C:\Users\LENOVO-PC\OneDrive..., appPackage: com.example.diskusiaza_mobile, automationName: UiAutomator2, connectHardwareKeyboard: false, databaseEnabled: false, desired: {app: C:\Users\LENOVO-PC\OneDrive..., automationName: UiAutomator2, connectHardwareKeyboard: false, noReset: false, platformName: android, platformVersion: 12, resetKeyboard: true, unicodeKeyboard: true}, deviceApiLevel: 31, deviceManufacturer: Google, deviceModel: sdk_gphone64_x86_64, deviceName: emulator-5554, deviceScreenDensity: 440, deviceScreenSize: 1080x2280, deviceUDID: emulator-5554, javascriptEnabled: true, locationContextEnabled: false, networkConnectionEnabled: true, noReset: false, pixelRatio: 2.75, platform: LINUX, platformName: Android, platformVersion: 12, resetKeyboard: true, statBarHeight: 83, takesScreenshot: true, unicodeKeyboard: true, viewportRect: {height: 2065, left: 0, top: 83, width: 1080}, warnings: {}, webStorageEnabled: false}
Session ID: 517ccb4b-2f99-48a7-b1be-82f42a352068
*** Element info: {Using=xpath, value=//android.view.View/android.widget.EditText[5]}

user tidak memasukan password  Time elapsed: 0.001 sec  <<< ERROR!
org.openqa.selenium.TimeoutException: Expected condition failed: waiting for presence of element located by: By.xpath: //android.view.View/android.widget.EditText[5] (tried for 30 second(s) with 500 milliseconds interval)
Caused by: org.openqa.selenium.NoSuchElementException: 
An element could not be located on the page using the given search parameters.
For documentation on this error, please visit: https://www.seleniumhq.org/exceptions/no_such_element.html
Build info: version: '3.141.59', revision: 'e82be7d358', time: '2018-11-14T08:17:03'
System info: host: 'MUTHIA17', ip: '192.168.1.20', os.name: 'Windows 11', os.arch: 'amd64', os.version: '10.0', java.version: '17.0.2'
Driver info: io.appium.java_client.android.AndroidDriver
Capabilities {app: C:\Users\LENOVO-PC\OneDrive..., appPackage: com.example.diskusiaza_mobile, automationName: UiAutomator2, connectHardwareKeyboard: false, databaseEnabled: false, desired: {app: C:\Users\LENOVO-PC\OneDrive..., automationName: UiAutomator2, connectHardwareKeyboard: false, noReset: false, platformName: android, platformVersion: 12, resetKeyboard: true, unicodeKeyboard: true}, deviceApiLevel: 31, deviceManufacturer: Google, deviceModel: sdk_gphone64_x86_64, deviceName: emulator-5554, deviceScreenDensity: 440, deviceScreenSize: 1080x2280, deviceUDID: emulator-5554, javascriptEnabled: true, locationContextEnabled: false, networkConnectionEnabled: true, noReset: false, pixelRatio: 2.75, platform: LINUX, platformName: Android, platformVersion: 12, resetKeyboard: true, statBarHeight: 83, takesScreenshot: true, unicodeKeyboard: true, viewportRect: {height: 2065, left: 0, top: 83, width: 1080}, warnings: {}, webStorageEnabled: false}
Session ID: 517ccb4b-2f99-48a7-b1be-82f42a352068
*** Element info: {Using=xpath, value=//android.view.View/android.widget.EditText[5]}

user input valid tanggal lahir8(user tidak mengisi confirm password)  Time elapsed: 40.158 sec  <<< ERROR!
org.openqa.selenium.TimeoutException: Expected condition failed: waiting for element to be clickable: By.AccessibilityId: Switch to input (tried for 30 second(s) with 500 milliseconds interval)
Caused by: org.openqa.selenium.NoSuchElementException: 
An element could not be located on the page using the given search parameters.
For documentation on this error, please visit: https://www.seleniumhq.org/exceptions/no_such_element.html
Build info: version: '3.141.59', revision: 'e82be7d358', time: '2018-11-14T08:17:03'
System info: host: 'MUTHIA17', ip: '192.168.1.20', os.name: 'Windows 11', os.arch: 'amd64', os.version: '10.0', java.version: '17.0.2'
Driver info: io.appium.java_client.android.AndroidDriver
Capabilities {app: C:\Users\LENOVO-PC\OneDrive..., appPackage: com.example.diskusiaza_mobile, automationName: UiAutomator2, connectHardwareKeyboard: false, databaseEnabled: false, desired: {app: C:\Users\LENOVO-PC\OneDrive..., automationName: UiAutomator2, connectHardwareKeyboard: false, noReset: false, platformName: android, platformVersion: 12, resetKeyboard: true, unicodeKeyboard: true}, deviceApiLevel: 31, deviceManufacturer: Google, deviceModel: sdk_gphone64_x86_64, deviceName: emulator-5554, deviceScreenDensity: 440, deviceScreenSize: 1080x2280, deviceUDID: emulator-5554, javascriptEnabled: true, locationContextEnabled: false, networkConnectionEnabled: true, noReset: false, pixelRatio: 2.75, platform: LINUX, platformName: Android, platformVersion: 12, resetKeyboard: true, statBarHeight: 83, takesScreenshot: true, unicodeKeyboard: true, viewportRect: {height: 2065, left: 0, top: 83, width: 1080}, warnings: {}, webStorageEnabled: false}
Session ID: 001913af-9e5f-4a55-9510-0215ddb690ad
*** Element info: {Using=accessibility id, value=Switch to input}

user tidak mengisi confirm password  Time elapsed: 0.001 sec  <<< ERROR!
org.openqa.selenium.TimeoutException: Expected condition failed: waiting for element to be clickable: By.AccessibilityId: Switch to input (tried for 30 second(s) with 500 milliseconds interval)
Caused by: org.openqa.selenium.NoSuchElementException: 
An element could not be located on the page using the given search parameters.
For documentation on this error, please visit: https://www.seleniumhq.org/exceptions/no_such_element.html
Build info: version: '3.141.59', revision: 'e82be7d358', time: '2018-11-14T08:17:03'
System info: host: 'MUTHIA17', ip: '192.168.1.20', os.name: 'Windows 11', os.arch: 'amd64', os.version: '10.0', java.version: '17.0.2'
Driver info: io.appium.java_client.android.AndroidDriver
Capabilities {app: C:\Users\LENOVO-PC\OneDrive..., appPackage: com.example.diskusiaza_mobile, automationName: UiAutomator2, connectHardwareKeyboard: false, databaseEnabled: false, desired: {app: C:\Users\LENOVO-PC\OneDrive..., automationName: UiAutomator2, connectHardwareKeyboard: false, noReset: false, platformName: android, platformVersion: 12, resetKeyboard: true, unicodeKeyboard: true}, deviceApiLevel: 31, deviceManufacturer: Google, deviceModel: sdk_gphone64_x86_64, deviceName: emulator-5554, deviceScreenDensity: 440, deviceScreenSize: 1080x2280, deviceUDID: emulator-5554, javascriptEnabled: true, locationContextEnabled: false, networkConnectionEnabled: true, noReset: false, pixelRatio: 2.75, platform: LINUX, platformName: Android, platformVersion: 12, resetKeyboard: true, statBarHeight: 83, takesScreenshot: true, unicodeKeyboard: true, viewportRect: {height: 2065, left: 0, top: 83, width: 1080}, warnings: {}, webStorageEnabled: false}
Session ID: 001913af-9e5f-4a55-9510-0215ddb690ad
*** Element info: {Using=accessibility id, value=Switch to input}

