<?xml version="1.0" encoding="UTF-8"?>
<testsuite xmlns:xsi="http://www.w3.org/2001/XMLSchema-instance" xsi:schemaLocation="https://maven.apache.org/surefire/maven-surefire-plugin/xsd/surefire-test-report.xsd" name="CucumberTestSuite" time="51.034" tests="12" errors="0" skipped="0" failures="0">
  <properties>
[...]
</properties>
  <testcase name="user on login page 5" classname="User input valid data" time="15.548"/>
  <testcase name="user click sign up1" classname="User input valid data" time="13.135"/>
  <testcase name="user input valid nama depan siti" classname="User input valid data" time="2.208"/>
  <testcase name="user input valid nama belakang mutee" classname="User input valid data" time="1.278"/>
  <testcase name="user input valid email" classname="User input valid data" time="1.54"/>
  <testcase name="user input valid password susah" classname="User input valid data" time="1.32"/>
  <testcase name="user input valid confirm password susah" classname="User input valid data" time="1.291"/>
  <testcase name="user input valid tanggal lahir" classname="User input valid data" time="3.524"/>
  <testcase name="user pilih jenis kelamin" classname="User input valid data" time="0.144"/>
  <testcase name="user klik Daftar button" classname="User input valid data" time="1.028"/>
  <testcase name="user sign up to login page" classname="User input valid data" time="0.109"/>
  <testcase name="User input valid data" classname="User input valid data" time="0.123"/>
</testsuite>