<?xml version="1.0" encoding="UTF-8"?><testsuite errors="4" failures="0" name="User on login page" skipped="0" tests="4" time="2.59" timestamp="2022-07-12 09:05:57"><testcase name="User input valid email and password"><error message="Unable to create a new remote session. Please check the server log for more details. Original error: An unknown server-side error occurred while processing the command. Original error: The application at 'C:\Users\LENOVO-PC\OneDrive - IT-PLN\Dokumen\apenim\Diskusiaza-QE\Android Test\app/app-release.apk' does not exist or is not accessible&#10;Build info: version: '3.141.59', revision: 'e82be7d358', time: '2018-11-14T08:17:03'&#10;System info: host: 'MUTHIA17', ip: '192.168.1.20', os.name: 'Windows 11', os.arch: 'amd64', os.version: '10.0', java.version: '17.0.2'&#10;Driver info: driver.version: AndroidDriver&#10;remote stacktrace: UnknownError: An unknown server-side error occurred while processing the command. Original error: The application at 'C:\Users\LENOVO-PC\OneDrive - IT-PLN\Dokumen\apenim\Diskusiaza-QE\Android Test\app/app-release.apk' does not exist or is not accessible&#10;    at getResponseForW3CError (C:\Users\LENOVO-PC\AppData\Local\Programs\Appium Server GUI\resources\app\node_modules\appium\node_modules\appium-base-driver\lib\protocol\errors.js:804:9)&#10;    at asyncHandler (C:\Users\LENOVO-PC\AppData\Local\Programs\Appium Server GUI\resources\app\node_modules\appium\node_modules\appium-base-driver\lib\protocol\protocol.js:380:37)&#10;Build info: version: '3.141.59', revision: 'e82be7d358', time: '2018-11-14T08:17:03'&#10;System info: host: 'MUTHIA17', ip: '192.168.1.20', os.name: 'Windows 11', os.arch: 'amd64', os.version: '10.0', java.version: '17.0.2'&#10;Driver info: driver.version: AndroidDriver" type="org.openqa.selenium.SessionNotCreatedException">Unable to create a new remote session. Please check the server log for more details. Original error: An unknown server-side error occurred while processing the command. Original error: The application at 'C:\Users\LENOVO-PC\OneDrive - IT-PLN\Dokumen\apenim\Diskusiaza-QE\Android Test\app/app-release.apk' does not exist or is not accessible
Build info: version: '3.141.59', revision: 'e82be7d358', time: '2018-11-14T08:17:03'
System info: host: 'MUTHIA17', ip: '192.168.1.20', os.name: 'Windows 11', os.arch: 'amd64', os.version: '10.0', java.version: '17.0.2'
Driver info: driver.version: AndroidDriver
remote stacktrace: UnknownError: An unknown server-side error occurred while processing the command. Original error: The application at 'C:\Users\LENOVO-PC\OneDrive - IT-PLN\Dokumen\apenim\Diskusiaza-QE\Android Test\app/app-release.apk' does not exist or is not accessible
    at getResponseForW3CError (C:\Users\LENOVO-PC\AppData\Local\Programs\Appium Server GUI\resources\app\node_modules\appium\node_modules\appium-base-driver\lib\protocol\errors.js:804:9)
    at asyncHandler (C:\Users\LENOVO-PC\AppData\Local\Programs\Appium Server GUI\resources\app\node_modules\appium\node_modules\appium-base-driver\lib\protocol\protocol.js:380:37)
Build info: version: '3.141.59', revision: 'e82be7d358', time: '2018-11-14T08:17:03'
System info: host: 'MUTHIA17', ip: '192.168.1.20', os.name: 'Windows 11', os.arch: 'amd64', os.version: '10.0', java.version: '17.0.2'
Driver info: driver.version: AndroidDriver</error><system-err>Unable to create a new remote session. Please check the server log for more details. Original error: An unknown server-side error occurred while processing the command. Original error: The application at 'C:\Users\LENOVO-PC\OneDrive - IT-PLN\Dokumen\apenim\Diskusiaza-QE\Android Test\app/app-release.apk' does not exist or is not accessible
Build info: version: '3.141.59', revision: 'e82be7d358', time: '2018-11-14T08:17:03'
System info: host: 'MUTHIA17', ip: '192.168.1.20', os.name: 'Windows 11', os.arch: 'amd64', os.version: '10.0', java.version: '17.0.2'
Driver info: driver.version: AndroidDriver
remote stacktrace: UnknownError: An unknown server-side error occurred while processing the command. Original error: The application at 'C:\Users\LENOVO-PC\OneDrive - IT-PLN\Dokumen\apenim\Diskusiaza-QE\Android Test\app/app-release.apk' does not exist or is not accessible
    at getResponseForW3CError (C:\Users\LENOVO-PC\AppData\Local\Programs\Appium Server GUI\resources\app\node_modules\appium\node_modules\appium-base-driver\lib\protocol\errors.js:804:9)
    at asyncHandler (C:\Users\LENOVO-PC\AppData\Local\Programs\Appium Server GUI\resources\app\node_modules\appium\node_modules\appium-base-driver\lib\protocol\protocol.js:380:37)
Build info: version: '3.141.59', revision: 'e82be7d358', time: '2018-11-14T08:17:03'
System info: host: 'MUTHIA17', ip: '192.168.1.20', os.name: 'Windows 11', os.arch: 'amd64', os.version: '10.0', java.version: '17.0.2'
Driver info: driver.version: AndroidDriver&#13;
io.appium.java_client.remote.AppiumCommandExecutor.createSession(AppiumCommandExecutor.java:225)&#13;
io.appium.java_client.remote.AppiumCommandExecutor.execute(AppiumCommandExecutor.java:250)&#13;
io.appium.java_client.DefaultGenericMobileDriver.execute(DefaultGenericMobileDriver.java:41)&#13;
io.appium.java_client.AppiumDriver.execute(AppiumDriver.java:1)&#13;
io.appium.java_client.android.AndroidDriver.execute(AndroidDriver.java:1)&#13;
io.appium.java_client.AppiumDriver.startSession(AppiumDriver.java:363)&#13;
io.appium.java_client.DefaultGenericMobileDriver.&lt;init&gt;(DefaultGenericMobileDriver.java:37)&#13;
io.appium.java_client.AppiumDriver.&lt;init&gt;(AppiumDriver.java:89)&#13;
io.appium.java_client.AppiumDriver.&lt;init&gt;(AppiumDriver.java:99)&#13;
io.appium.java_client.android.AndroidDriver.&lt;init&gt;(AndroidDriver.java:97)&#13;
test.automation.driver.AndroidDriverPool.create(AndroidDriverPool.java:28)&#13;
test.automation.pageobject.BasePageObject.getDriver(BasePageObject.java:17)&#13;
test.automation.pageobject.BasePageObject.onWait(BasePageObject.java:23)&#13;
test.automation.pageobject.BasePageObject.waitUntilPresence(BasePageObject.java:31)&#13;
test.automation.Pages.LoginScreen.onHomepage(LoginScreen.java:17)&#13;
test.automation.stepdefinitions.LoginSteps.onLoginPage(LoginSteps.java:15)&#13;
io.cucumber.java.Invoker.doInvoke(Invoker.java:66)&#13;
io.cucumber.java.Invoker.invoke(Invoker.java:24)&#13;
io.cucumber.java.AbstractGlueDefinition.invokeMethod(AbstractGlueDefinition.java:47)&#13;
io.cucumber.java.JavaStepDefinition.execute(JavaStepDefinition.java:29)&#13;
io.cucumber.core.runner.CoreStepDefinition.execute(CoreStepDefinition.java:66)&#13;
io.cucumber.core.runner.PickleStepDefinitionMatch.runStep(PickleStepDefinitionMatch.java:63)&#13;
io.cucumber.core.runner.TestStep.executeStep(TestStep.java:92)&#13;
io.cucumber.core.runner.TestStep.run(TestStep.java:64)&#13;
io.cucumber.core.runner.PickleStepTestStep.run(PickleStepTestStep.java:51)&#13;
io.cucumber.core.runner.TestCase.run(TestCase.java:104)&#13;
io.cucumber.core.runner.Runner.runPickle(Runner.java:73)&#13;
io.cucumber.junit.FeatureRunner.runChild(FeatureRunner.java:135)&#13;
io.cucumber.junit.FeatureRunner.runChild(FeatureRunner.java:27)&#13;
io.cucumber.junit.CucumberSerenityRunner.runChild(CucumberSerenityRunner.java:258)&#13;
io.cucumber.junit.CucumberSerenityRunner.runChild(CucumberSerenityRunner.java:57)&#13;
</system-err></testcase><testcase name="user input valid email and invalid password"><error message="Unable to create a new remote session. Please check the server log for more details. Original error: An unknown server-side error occurred while processing the command. Original error: The application at 'C:\Users\LENOVO-PC\OneDrive - IT-PLN\Dokumen\apenim\Diskusiaza-QE\Android Test\app/app-release.apk' does not exist or is not accessible&#10;Build info: version: '3.141.59', revision: 'e82be7d358', time: '2018-11-14T08:17:03'&#10;System info: host: 'MUTHIA17', ip: '192.168.1.20', os.name: 'Windows 11', os.arch: 'amd64', os.version: '10.0', java.version: '17.0.2'&#10;Driver info: driver.version: AndroidDriver&#10;remote stacktrace: UnknownError: An unknown server-side error occurred while processing the command. Original error: The application at 'C:\Users\LENOVO-PC\OneDrive - IT-PLN\Dokumen\apenim\Diskusiaza-QE\Android Test\app/app-release.apk' does not exist or is not accessible&#10;    at getResponseForW3CError (C:\Users\LENOVO-PC\AppData\Local\Programs\Appium Server GUI\resources\app\node_modules\appium\node_modules\appium-base-driver\lib\protocol\errors.js:804:9)&#10;    at asyncHandler (C:\Users\LENOVO-PC\AppData\Local\Programs\Appium Server GUI\resources\app\node_modules\appium\node_modules\appium-base-driver\lib\protocol\protocol.js:380:37)&#10;Build info: version: '3.141.59', revision: 'e82be7d358', time: '2018-11-14T08:17:03'&#10;System info: host: 'MUTHIA17', ip: '192.168.1.20', os.name: 'Windows 11', os.arch: 'amd64', os.version: '10.0', java.version: '17.0.2'&#10;Driver info: driver.version: AndroidDriver" type="org.openqa.selenium.SessionNotCreatedException">Unable to create a new remote session. Please check the server log for more details. Original error: An unknown server-side error occurred while processing the command. Original error: The application at 'C:\Users\LENOVO-PC\OneDrive - IT-PLN\Dokumen\apenim\Diskusiaza-QE\Android Test\app/app-release.apk' does not exist or is not accessible
Build info: version: '3.141.59', revision: 'e82be7d358', time: '2018-11-14T08:17:03'
System info: host: 'MUTHIA17', ip: '192.168.1.20', os.name: 'Windows 11', os.arch: 'amd64', os.version: '10.0', java.version: '17.0.2'
Driver info: driver.version: AndroidDriver
remote stacktrace: UnknownError: An unknown server-side error occurred while processing the command. Original error: The application at 'C:\Users\LENOVO-PC\OneDrive - IT-PLN\Dokumen\apenim\Diskusiaza-QE\Android Test\app/app-release.apk' does not exist or is not accessible
    at getResponseForW3CError (C:\Users\LENOVO-PC\AppData\Local\Programs\Appium Server GUI\resources\app\node_modules\appium\node_modules\appium-base-driver\lib\protocol\errors.js:804:9)
    at asyncHandler (C:\Users\LENOVO-PC\AppData\Local\Programs\Appium Server GUI\resources\app\node_modules\appium\node_modules\appium-base-driver\lib\protocol\protocol.js:380:37)
Build info: version: '3.141.59', revision: 'e82be7d358', time: '2018-11-14T08:17:03'
System info: host: 'MUTHIA17', ip: '192.168.1.20', os.name: 'Windows 11', os.arch: 'amd64', os.version: '10.0', java.version: '17.0.2'
Driver info: driver.version: AndroidDriver</error><system-err>Unable to create a new remote session. Please check the server log for more details. Original error: An unknown server-side error occurred while processing the command. Original error: The application at 'C:\Users\LENOVO-PC\OneDrive - IT-PLN\Dokumen\apenim\Diskusiaza-QE\Android Test\app/app-release.apk' does not exist or is not accessible
Build info: version: '3.141.59', revision: 'e82be7d358', time: '2018-11-14T08:17:03'
System info: host: 'MUTHIA17', ip: '192.168.1.20', os.name: 'Windows 11', os.arch: 'amd64', os.version: '10.0', java.version: '17.0.2'
Driver info: driver.version: AndroidDriver
remote stacktrace: UnknownError: An unknown server-side error occurred while processing the command. Original error: The application at 'C:\Users\LENOVO-PC\OneDrive - IT-PLN\Dokumen\apenim\Diskusiaza-QE\Android Test\app/app-release.apk' does not exist or is not accessible
    at getResponseForW3CError (C:\Users\LENOVO-PC\AppData\Local\Programs\Appium Server GUI\resources\app\node_modules\appium\node_modules\appium-base-driver\lib\protocol\errors.js:804:9)
    at asyncHandler (C:\Users\LENOVO-PC\AppData\Local\Programs\Appium Server GUI\resources\app\node_modules\appium\node_modules\appium-base-driver\lib\protocol\protocol.js:380:37)
Build info: version: '3.141.59', revision: 'e82be7d358', time: '2018-11-14T08:17:03'
System info: host: 'MUTHIA17', ip: '192.168.1.20', os.name: 'Windows 11', os.arch: 'amd64', os.version: '10.0', java.version: '17.0.2'
Driver info: driver.version: AndroidDriver&#13;
io.appium.java_client.remote.AppiumCommandExecutor.createSession(AppiumCommandExecutor.java:225)&#13;
io.appium.java_client.remote.AppiumCommandExecutor.execute(AppiumCommandExecutor.java:250)&#13;
io.appium.java_client.DefaultGenericMobileDriver.execute(DefaultGenericMobileDriver.java:41)&#13;
io.appium.java_client.AppiumDriver.execute(AppiumDriver.java:1)&#13;
io.appium.java_client.android.AndroidDriver.execute(AndroidDriver.java:1)&#13;
io.appium.java_client.AppiumDriver.startSession(AppiumDriver.java:363)&#13;
io.appium.java_client.DefaultGenericMobileDriver.&lt;init&gt;(DefaultGenericMobileDriver.java:37)&#13;
io.appium.java_client.AppiumDriver.&lt;init&gt;(AppiumDriver.java:89)&#13;
io.appium.java_client.AppiumDriver.&lt;init&gt;(AppiumDriver.java:99)&#13;
io.appium.java_client.android.AndroidDriver.&lt;init&gt;(AndroidDriver.java:97)&#13;
test.automation.driver.AndroidDriverPool.create(AndroidDriverPool.java:28)&#13;
test.automation.pageobject.BasePageObject.getDriver(BasePageObject.java:17)&#13;
test.automation.pageobject.BasePageObject.onWait(BasePageObject.java:23)&#13;
test.automation.pageobject.BasePageObject.waitUntilPresence(BasePageObject.java:31)&#13;
test.automation.Pages.LoginScreen.onHomepage(LoginScreen.java:17)&#13;
test.automation.stepdefinitions.LoginSteps.onLoginPage(LoginSteps.java:15)&#13;
io.cucumber.java.Invoker.doInvoke(Invoker.java:66)&#13;
io.cucumber.java.Invoker.invoke(Invoker.java:24)&#13;
io.cucumber.java.AbstractGlueDefinition.invokeMethod(AbstractGlueDefinition.java:47)&#13;
io.cucumber.java.JavaStepDefinition.execute(JavaStepDefinition.java:29)&#13;
io.cucumber.core.runner.CoreStepDefinition.execute(CoreStepDefinition.java:66)&#13;
io.cucumber.core.runner.PickleStepDefinitionMatch.runStep(PickleStepDefinitionMatch.java:63)&#13;
io.cucumber.core.runner.TestStep.executeStep(TestStep.java:92)&#13;
io.cucumber.core.runner.TestStep.run(TestStep.java:64)&#13;
io.cucumber.core.runner.PickleStepTestStep.run(PickleStepTestStep.java:51)&#13;
io.cucumber.core.runner.TestCase.run(TestCase.java:104)&#13;
io.cucumber.core.runner.Runner.runPickle(Runner.java:73)&#13;
io.cucumber.junit.FeatureRunner.runChild(FeatureRunner.java:135)&#13;
io.cucumber.junit.FeatureRunner.runChild(FeatureRunner.java:27)&#13;
io.cucumber.junit.CucumberSerenityRunner.runChild(CucumberSerenityRunner.java:258)&#13;
io.cucumber.junit.CucumberSerenityRunner.runChild(CucumberSerenityRunner.java:57)&#13;
</system-err></testcase><testcase name="user input invalid email and valid password"><error message="Unable to create a new remote session. Please check the server log for more details. Original error: An unknown server-side error occurred while processing the command. Original error: The application at 'C:\Users\LENOVO-PC\OneDrive - IT-PLN\Dokumen\apenim\Diskusiaza-QE\Android Test\app/app-release.apk' does not exist or is not accessible&#10;Build info: version: '3.141.59', revision: 'e82be7d358', time: '2018-11-14T08:17:03'&#10;System info: host: 'MUTHIA17', ip: '192.168.1.20', os.name: 'Windows 11', os.arch: 'amd64', os.version: '10.0', java.version: '17.0.2'&#10;Driver info: driver.version: AndroidDriver&#10;remote stacktrace: UnknownError: An unknown server-side error occurred while processing the command. Original error: The application at 'C:\Users\LENOVO-PC\OneDrive - IT-PLN\Dokumen\apenim\Diskusiaza-QE\Android Test\app/app-release.apk' does not exist or is not accessible&#10;    at getResponseForW3CError (C:\Users\LENOVO-PC\AppData\Local\Programs\Appium Server GUI\resources\app\node_modules\appium\node_modules\appium-base-driver\lib\protocol\errors.js:804:9)&#10;    at asyncHandler (C:\Users\LENOVO-PC\AppData\Local\Programs\Appium Server GUI\resources\app\node_modules\appium\node_modules\appium-base-driver\lib\protocol\protocol.js:380:37)&#10;Build info: version: '3.141.59', revision: 'e82be7d358', time: '2018-11-14T08:17:03'&#10;System info: host: 'MUTHIA17', ip: '192.168.1.20', os.name: 'Windows 11', os.arch: 'amd64', os.version: '10.0', java.version: '17.0.2'&#10;Driver info: driver.version: AndroidDriver" type="org.openqa.selenium.SessionNotCreatedException">Unable to create a new remote session. Please check the server log for more details. Original error: An unknown server-side error occurred while processing the command. Original error: The application at 'C:\Users\LENOVO-PC\OneDrive - IT-PLN\Dokumen\apenim\Diskusiaza-QE\Android Test\app/app-release.apk' does not exist or is not accessible
Build info: version: '3.141.59', revision: 'e82be7d358', time: '2018-11-14T08:17:03'
System info: host: 'MUTHIA17', ip: '192.168.1.20', os.name: 'Windows 11', os.arch: 'amd64', os.version: '10.0', java.version: '17.0.2'
Driver info: driver.version: AndroidDriver
remote stacktrace: UnknownError: An unknown server-side error occurred while processing the command. Original error: The application at 'C:\Users\LENOVO-PC\OneDrive - IT-PLN\Dokumen\apenim\Diskusiaza-QE\Android Test\app/app-release.apk' does not exist or is not accessible
    at getResponseForW3CError (C:\Users\LENOVO-PC\AppData\Local\Programs\Appium Server GUI\resources\app\node_modules\appium\node_modules\appium-base-driver\lib\protocol\errors.js:804:9)
    at asyncHandler (C:\Users\LENOVO-PC\AppData\Local\Programs\Appium Server GUI\resources\app\node_modules\appium\node_modules\appium-base-driver\lib\protocol\protocol.js:380:37)
Build info: version: '3.141.59', revision: 'e82be7d358', time: '2018-11-14T08:17:03'
System info: host: 'MUTHIA17', ip: '192.168.1.20', os.name: 'Windows 11', os.arch: 'amd64', os.version: '10.0', java.version: '17.0.2'
Driver info: driver.version: AndroidDriver</error><system-err>Unable to create a new remote session. Please check the server log for more details. Original error: An unknown server-side error occurred while processing the command. Original error: The application at 'C:\Users\LENOVO-PC\OneDrive - IT-PLN\Dokumen\apenim\Diskusiaza-QE\Android Test\app/app-release.apk' does not exist or is not accessible
Build info: version: '3.141.59', revision: 'e82be7d358', time: '2018-11-14T08:17:03'
System info: host: 'MUTHIA17', ip: '192.168.1.20', os.name: 'Windows 11', os.arch: 'amd64', os.version: '10.0', java.version: '17.0.2'
Driver info: driver.version: AndroidDriver
remote stacktrace: UnknownError: An unknown server-side error occurred while processing the command. Original error: The application at 'C:\Users\LENOVO-PC\OneDrive - IT-PLN\Dokumen\apenim\Diskusiaza-QE\Android Test\app/app-release.apk' does not exist or is not accessible
    at getResponseForW3CError (C:\Users\LENOVO-PC\AppData\Local\Programs\Appium Server GUI\resources\app\node_modules\appium\node_modules\appium-base-driver\lib\protocol\errors.js:804:9)
    at asyncHandler (C:\Users\LENOVO-PC\AppData\Local\Programs\Appium Server GUI\resources\app\node_modules\appium\node_modules\appium-base-driver\lib\protocol\protocol.js:380:37)
Build info: version: '3.141.59', revision: 'e82be7d358', time: '2018-11-14T08:17:03'
System info: host: 'MUTHIA17', ip: '192.168.1.20', os.name: 'Windows 11', os.arch: 'amd64', os.version: '10.0', java.version: '17.0.2'
Driver info: driver.version: AndroidDriver&#13;
io.appium.java_client.remote.AppiumCommandExecutor.createSession(AppiumCommandExecutor.java:225)&#13;
io.appium.java_client.remote.AppiumCommandExecutor.execute(AppiumCommandExecutor.java:250)&#13;
io.appium.java_client.DefaultGenericMobileDriver.execute(DefaultGenericMobileDriver.java:41)&#13;
io.appium.java_client.AppiumDriver.execute(AppiumDriver.java:1)&#13;
io.appium.java_client.android.AndroidDriver.execute(AndroidDriver.java:1)&#13;
io.appium.java_client.AppiumDriver.startSession(AppiumDriver.java:363)&#13;
io.appium.java_client.DefaultGenericMobileDriver.&lt;init&gt;(DefaultGenericMobileDriver.java:37)&#13;
io.appium.java_client.AppiumDriver.&lt;init&gt;(AppiumDriver.java:89)&#13;
io.appium.java_client.AppiumDriver.&lt;init&gt;(AppiumDriver.java:99)&#13;
io.appium.java_client.android.AndroidDriver.&lt;init&gt;(AndroidDriver.java:97)&#13;
test.automation.driver.AndroidDriverPool.create(AndroidDriverPool.java:28)&#13;
test.automation.pageobject.BasePageObject.getDriver(BasePageObject.java:17)&#13;
test.automation.pageobject.BasePageObject.onWait(BasePageObject.java:23)&#13;
test.automation.pageobject.BasePageObject.waitUntilPresence(BasePageObject.java:31)&#13;
test.automation.Pages.LoginScreen.onHomepage(LoginScreen.java:17)&#13;
test.automation.stepdefinitions.LoginSteps.onLoginPage(LoginSteps.java:15)&#13;
io.cucumber.java.Invoker.doInvoke(Invoker.java:66)&#13;
io.cucumber.java.Invoker.invoke(Invoker.java:24)&#13;
io.cucumber.java.AbstractGlueDefinition.invokeMethod(AbstractGlueDefinition.java:47)&#13;
io.cucumber.java.JavaStepDefinition.execute(JavaStepDefinition.java:29)&#13;
io.cucumber.core.runner.CoreStepDefinition.execute(CoreStepDefinition.java:66)&#13;
io.cucumber.core.runner.PickleStepDefinitionMatch.runStep(PickleStepDefinitionMatch.java:63)&#13;
io.cucumber.core.runner.TestStep.executeStep(TestStep.java:92)&#13;
io.cucumber.core.runner.TestStep.run(TestStep.java:64)&#13;
io.cucumber.core.runner.PickleStepTestStep.run(PickleStepTestStep.java:51)&#13;
io.cucumber.core.runner.TestCase.run(TestCase.java:104)&#13;
io.cucumber.core.runner.Runner.runPickle(Runner.java:73)&#13;
io.cucumber.junit.FeatureRunner.runChild(FeatureRunner.java:135)&#13;
io.cucumber.junit.FeatureRunner.runChild(FeatureRunner.java:27)&#13;
io.cucumber.junit.CucumberSerenityRunner.runChild(CucumberSerenityRunner.java:258)&#13;
io.cucumber.junit.CucumberSerenityRunner.runChild(CucumberSerenityRunner.java:57)&#13;
</system-err></testcase><testcase name="user input invalid email and invalid password"><error message="Unable to create a new remote session. Please check the server log for more details. Original error: An unknown server-side error occurred while processing the command. Original error: The application at 'C:\Users\LENOVO-PC\OneDrive - IT-PLN\Dokumen\apenim\Diskusiaza-QE\Android Test\app/app-release.apk' does not exist or is not accessible&#10;Build info: version: '3.141.59', revision: 'e82be7d358', time: '2018-11-14T08:17:03'&#10;System info: host: 'MUTHIA17', ip: '192.168.1.20', os.name: 'Windows 11', os.arch: 'amd64', os.version: '10.0', java.version: '17.0.2'&#10;Driver info: driver.version: AndroidDriver&#10;remote stacktrace: UnknownError: An unknown server-side error occurred while processing the command. Original error: The application at 'C:\Users\LENOVO-PC\OneDrive - IT-PLN\Dokumen\apenim\Diskusiaza-QE\Android Test\app/app-release.apk' does not exist or is not accessible&#10;    at getResponseForW3CError (C:\Users\LENOVO-PC\AppData\Local\Programs\Appium Server GUI\resources\app\node_modules\appium\node_modules\appium-base-driver\lib\protocol\errors.js:804:9)&#10;    at asyncHandler (C:\Users\LENOVO-PC\AppData\Local\Programs\Appium Server GUI\resources\app\node_modules\appium\node_modules\appium-base-driver\lib\protocol\protocol.js:380:37)&#10;Build info: version: '3.141.59', revision: 'e82be7d358', time: '2018-11-14T08:17:03'&#10;System info: host: 'MUTHIA17', ip: '192.168.1.20', os.name: 'Windows 11', os.arch: 'amd64', os.version: '10.0', java.version: '17.0.2'&#10;Driver info: driver.version: AndroidDriver" type="org.openqa.selenium.SessionNotCreatedException">Unable to create a new remote session. Please check the server log for more details. Original error: An unknown server-side error occurred while processing the command. Original error: The application at 'C:\Users\LENOVO-PC\OneDrive - IT-PLN\Dokumen\apenim\Diskusiaza-QE\Android Test\app/app-release.apk' does not exist or is not accessible
Build info: version: '3.141.59', revision: 'e82be7d358', time: '2018-11-14T08:17:03'
System info: host: 'MUTHIA17', ip: '192.168.1.20', os.name: 'Windows 11', os.arch: 'amd64', os.version: '10.0', java.version: '17.0.2'
Driver info: driver.version: AndroidDriver
remote stacktrace: UnknownError: An unknown server-side error occurred while processing the command. Original error: The application at 'C:\Users\LENOVO-PC\OneDrive - IT-PLN\Dokumen\apenim\Diskusiaza-QE\Android Test\app/app-release.apk' does not exist or is not accessible
    at getResponseForW3CError (C:\Users\LENOVO-PC\AppData\Local\Programs\Appium Server GUI\resources\app\node_modules\appium\node_modules\appium-base-driver\lib\protocol\errors.js:804:9)
    at asyncHandler (C:\Users\LENOVO-PC\AppData\Local\Programs\Appium Server GUI\resources\app\node_modules\appium\node_modules\appium-base-driver\lib\protocol\protocol.js:380:37)
Build info: version: '3.141.59', revision: 'e82be7d358', time: '2018-11-14T08:17:03'
System info: host: 'MUTHIA17', ip: '192.168.1.20', os.name: 'Windows 11', os.arch: 'amd64', os.version: '10.0', java.version: '17.0.2'
Driver info: driver.version: AndroidDriver</error><system-err>Unable to create a new remote session. Please check the server log for more details. Original error: An unknown server-side error occurred while processing the command. Original error: The application at 'C:\Users\LENOVO-PC\OneDrive - IT-PLN\Dokumen\apenim\Diskusiaza-QE\Android Test\app/app-release.apk' does not exist or is not accessible
Build info: version: '3.141.59', revision: 'e82be7d358', time: '2018-11-14T08:17:03'
System info: host: 'MUTHIA17', ip: '192.168.1.20', os.name: 'Windows 11', os.arch: 'amd64', os.version: '10.0', java.version: '17.0.2'
Driver info: driver.version: AndroidDriver
remote stacktrace: UnknownError: An unknown server-side error occurred while processing the command. Original error: The application at 'C:\Users\LENOVO-PC\OneDrive - IT-PLN\Dokumen\apenim\Diskusiaza-QE\Android Test\app/app-release.apk' does not exist or is not accessible
    at getResponseForW3CError (C:\Users\LENOVO-PC\AppData\Local\Programs\Appium Server GUI\resources\app\node_modules\appium\node_modules\appium-base-driver\lib\protocol\errors.js:804:9)
    at asyncHandler (C:\Users\LENOVO-PC\AppData\Local\Programs\Appium Server GUI\resources\app\node_modules\appium\node_modules\appium-base-driver\lib\protocol\protocol.js:380:37)
Build info: version: '3.141.59', revision: 'e82be7d358', time: '2018-11-14T08:17:03'
System info: host: 'MUTHIA17', ip: '192.168.1.20', os.name: 'Windows 11', os.arch: 'amd64', os.version: '10.0', java.version: '17.0.2'
Driver info: driver.version: AndroidDriver&#13;
io.appium.java_client.remote.AppiumCommandExecutor.createSession(AppiumCommandExecutor.java:225)&#13;
io.appium.java_client.remote.AppiumCommandExecutor.execute(AppiumCommandExecutor.java:250)&#13;
io.appium.java_client.DefaultGenericMobileDriver.execute(DefaultGenericMobileDriver.java:41)&#13;
io.appium.java_client.AppiumDriver.execute(AppiumDriver.java:1)&#13;
io.appium.java_client.android.AndroidDriver.execute(AndroidDriver.java:1)&#13;
io.appium.java_client.AppiumDriver.startSession(AppiumDriver.java:363)&#13;
io.appium.java_client.DefaultGenericMobileDriver.&lt;init&gt;(DefaultGenericMobileDriver.java:37)&#13;
io.appium.java_client.AppiumDriver.&lt;init&gt;(AppiumDriver.java:89)&#13;
io.appium.java_client.AppiumDriver.&lt;init&gt;(AppiumDriver.java:99)&#13;
io.appium.java_client.android.AndroidDriver.&lt;init&gt;(AndroidDriver.java:97)&#13;
test.automation.driver.AndroidDriverPool.create(AndroidDriverPool.java:28)&#13;
test.automation.pageobject.BasePageObject.getDriver(BasePageObject.java:17)&#13;
test.automation.pageobject.BasePageObject.onWait(BasePageObject.java:23)&#13;
test.automation.pageobject.BasePageObject.waitUntilPresence(BasePageObject.java:31)&#13;
test.automation.Pages.LoginScreen.onHomepage(LoginScreen.java:17)&#13;
test.automation.stepdefinitions.LoginSteps.onLoginPage(LoginSteps.java:15)&#13;
io.cucumber.java.Invoker.doInvoke(Invoker.java:66)&#13;
io.cucumber.java.Invoker.invoke(Invoker.java:24)&#13;
io.cucumber.java.AbstractGlueDefinition.invokeMethod(AbstractGlueDefinition.java:47)&#13;
io.cucumber.java.JavaStepDefinition.execute(JavaStepDefinition.java:29)&#13;
io.cucumber.core.runner.CoreStepDefinition.execute(CoreStepDefinition.java:66)&#13;
io.cucumber.core.runner.PickleStepDefinitionMatch.runStep(PickleStepDefinitionMatch.java:63)&#13;
io.cucumber.core.runner.TestStep.executeStep(TestStep.java:92)&#13;
io.cucumber.core.runner.TestStep.run(TestStep.java:64)&#13;
io.cucumber.core.runner.PickleStepTestStep.run(PickleStepTestStep.java:51)&#13;
io.cucumber.core.runner.TestCase.run(TestCase.java:104)&#13;
io.cucumber.core.runner.Runner.runPickle(Runner.java:73)&#13;
io.cucumber.junit.FeatureRunner.runChild(FeatureRunner.java:135)&#13;
io.cucumber.junit.FeatureRunner.runChild(FeatureRunner.java:27)&#13;
io.cucumber.junit.CucumberSerenityRunner.runChild(CucumberSerenityRunner.java:258)&#13;
io.cucumber.junit.CucumberSerenityRunner.runChild(CucumberSerenityRunner.java:57)&#13;
</system-err></testcase></testsuite>